# LeakReport
# from new @ |      size  # Pointer Addr
L 0x7fac3ab40aa9          33  # 0x21b0560
L 0x7fac39a9846a          64  # 0x218bc20
L 0x7fac3ab40aa9          34  # 0x21b6930
L 0x7fac3ab40aa9          48  # 0x21b0590
L 0x7fac3ab40aa9          30  # 0x21cdfb0
L 0x7fac3ab40aa9          32  # 0x21cdf80
L 0x7fac39ad0d4f         192  # 0x21cfc90
L 0x7fac39aeea7a        6424  # 0x21ce360
L 0x7fac39ab2d21          56  # 0x21cff00
L 0x7fac39ad0e61         192  # 0x21cfe30
L 0x7fac3ab40aa9          39  # 0x21cffa0
L 0x7fac39ab2d21          56  # 0x21cff50
L 0x7fac39ad0dd5         192  # 0x21cfd60
L 0x7fac3ab40aa9          33  # 0x21c5fc0
L 0x7fac3ab40aa9          42  # 0x21d0030
L 0x7fac3ab40aa9         105  # 0x21d00c0
L 0x7fac3ab40aa9          32  # 0x21d01c0
L 0x7fac3ab40aa9          42  # 0x21d01f0
L 0x7fac3ab40aa9          33  # 0x21d02f0
L 0x7fac3ab40aa9          35  # 0x21d0320
L 0x7fac3ab40aa9          35  # 0x21d02c0
L 0x7fac3ab40aa9          30  # 0x21d0190
L 0x7fac3ab40aa9          35  # 0x21d0140
L 0x7fac39ab2d21          56  # 0x21cffe0
L 0x7fac39b10d68          64  # 0x21d04f0
L 0x7fac39b10d9a         512  # 0x21d05c0
L 0x7fac39b36ff1          88  # 0x21d0540
L 0x7fac39b10eca         512  # 0x21d0820
L 0x7fac39b10eca         512  # 0x21d0a80
L 0x7fac39b10e98          64  # 0x21d0a30
L 0x7fac39b10e98          64  # 0x21d07d0
L 0x7fac39ab23bb         256  # 0x21d0350
L 0x7fac39b10eca         512  # 0x21d0ce0
L 0x7fac39b10ffa         512  # 0x21d0f40
L 0x7fac39b10fc8          64  # 0x21d0ef0
L 0x7fac39b1112a         512  # 0x21d11a0
L 0x7fac39b02cab         512  # 0x21d1400
L 0x7fac39b02c83          64  # 0x21d13b0
L 0x7fac39b110f8          64  # 0x21d1150
L 0x7fac39b10e98          64  # 0x21d0c90
L 0x7fac39b02eea         512  # 0x21d1660
L 0x7fac39b03129         512  # 0x21d18c0
L 0x7fac39b03101          64  # 0x21d1870
L 0x7fac39b03368         512  # 0x21d1b20
L 0x7fac39b035a7         512  # 0x21d1d80
L 0x7fac39b0357f          64  # 0x21d1d30
L 0x7fac39b03340          64  # 0x21d1ad0
L 0x7fac39b037f4         512  # 0x21d1fe0
L 0x7fac39b10eca         512  # 0x21d2240
L 0x7fac39b10e98          64  # 0x21d21f0
L 0x7fac39b03b5b         512  # 0x21d24a0
L 0x7fac39b03cce         512  # 0x21d2700
L 0x7fac39b03ca6          64  # 0x21d26b0
L 0x7fac39b03b33          64  # 0x21d2450
L 0x7fac39b037cc          64  # 0x21d1f90
L 0x7fac39b03e41         512  # 0x21d2960
L 0x7fac39b03fb4         512  # 0x21d2bc0
L 0x7fac39b03f8c          64  # 0x21d2b70
L 0x7fac39b04198         512  # 0x21d2e20
L 0x7fac39b1125a         512  # 0x21d3080
L 0x7fac39b11228          64  # 0x21d3030
L 0x7fac39b04170          64  # 0x21d2dd0
L 0x7fac39b1125a         512  # 0x21d32e0
L 0x7fac39b04554         512  # 0x21d3540
L 0x7fac39b0452c          64  # 0x21d34f0
L 0x7fac39b1138a         512  # 0x21d37a0
L 0x7fac39b1138a         512  # 0x21d3a00
L 0x7fac39b11358          64  # 0x21d39b0
L 0x7fac39b11358          64  # 0x21d3750
L 0x7fac39b11228          64  # 0x21d3290
L 0x7fac39b03e19          64  # 0x21d2910
L 0x7fac39b1138a         512  # 0x21d3c60
L 0x7fac39b1138a         512  # 0x21d3ec0
L 0x7fac39b11358          64  # 0x21d3e70
L 0x7fac3ab40aa9          33  # 0x21d4160
L 0x7fac39a749ff          96  # 0x21d4250
L 0x7fac39a7498d          72  # 0x21d41f0
L 0x7fac39a74a90          96  # 0x21d42c0
L 0x7fac39a74942          88  # 0x21d40d0
L 0x7fac39a74c28          72  # 0x21d4470
L 0x7fac39a74b93         120  # 0x21d43e0
L 0x7fac39a74c9a          96  # 0x21d44d0
L 0x7fac39a74b21          72  # 0x21d4330
L 0x7fac39a75212          96  # 0x21d45b0
L 0x7fac39a74e4d          96  # 0x21d46b0
L 0x7fac39a74dbc          96  # 0x21d4640
L 0x7fac39a74f72          96  # 0x21d4790
L 0x7fac39a74ede          96  # 0x21d4720
L 0x7fac39a74d2b          96  # 0x21d4540
L 0x7fac39a7509a          96  # 0x21d4870
L 0x7fac39a751c5         112  # 0x21d4950
L 0x7fac39a7512e          96  # 0x21d48e0
L 0x7fac39a752a9         200  # 0x21d4ae0
L 0x7fac39a75465         128  # 0x21d4c50
L 0x7fac39a753b0         128  # 0x21d4bc0
L 0x7fac39a79606         256  # 0x21d49d0
L 0x7fac39a75006          96  # 0x21d4800
L 0x7fac39a755cf         128  # 0x21d4d70
L 0x7fac39a75752         136  # 0x21d4ea0
L 0x7fac39a7568b         136  # 0x21d4e00
L 0x7fac3ab40aa9          37  # 0x21d4fe0
L 0x7fac3ab40aa9          35  # 0x21d5060
L 0x7fac3ab40aa9          42  # 0x21d5020
L 0x7fac39a75815         136  # 0x21d4f40
L 0x7fac3ab40aa9          33  # 0x21d50c0
L 0x7fac3ab40aa9          33  # 0x21d5120
L 0x7fac3ab40aa9          33  # 0x21d50f0
L 0x38e342f05b         128  # 0x21d5180
L 0x7fac3ab40aa9          43  # 0x21d68d0
L 0x7fac3ab40aa9          33  # 0x21d6160
L 0x7fac3ab40aa9          32  # 0x21d5150
L 0x7fac3ab40aa9          34  # 0x21d5090
L 0x7fac39a7551a         128  # 0x21d4ce0
L 0x7fac39b11358          64  # 0x21d3c10
L 0x7fac3ab40aa9          30  # 0x21d6b20
L 0x7fac3ab40aa9          45  # 0x21d7960
L 0x7fac3ab40aa9          97  # 0x21d79f0
L 0x7fac3ab40aa9          48  # 0x21d7ab0
L 0x7fac3ab40aa9          61  # 0x21d7a60
L 0x7fac3ab40aa9          61  # 0x21d79a0
L 0x7fac3ab40aa9          34  # 0x21d6ba0
L 0x7fac3ab40aa9          42  # 0x21d7b40
L 0x38e342e3f1          16  # 0x21d7b80
L 0x7fac3ab40aa9          36  # 0x21d7c40
L 0x7fac3ab40aa9          82  # 0x21d7ca0
L 0x7fac3ab40aa9          26  # 0x21d7c70
L 0x7fac3ab40aa9          26  # 0x21d7c10
L 0x38e342e3f1          40  # 0x21d7b00
L 0x7fac3ab40aa9          29  # 0x21d7dd0
L 0x7fac39abd01f          64  # 0x21d7ec0
L 0x7fac39abd01f          64  # 0x21d7e70
L 0x7fac3ab40aa9          60  # 0x21d7e20
L 0x7fac39abd01f          64  # 0x21d8050
L 0x7fac39abd01f          64  # 0x21d8410
L 0x7fac39abd0ad          64  # 0x21d8370
L 0x7fac39abd3ce          88  # 0x21d8500
L 0x7fac39abd01f          64  # 0x21d8460
L 0x7fac39abd01f          64  # 0x21d8190
L 0x7fac39abd01f          64  # 0x21d85c0
L 0x7fac39abd01f          64  # 0x21d8570
L 0x7fac39abd01f          64  # 0x21d8000
L 0x7fac3ab40aa9          36  # 0x21d7d50
L 0x7fac39abd01f          64  # 0x21d8660
L 0x7fac39abd0ad          64  # 0x21d8700
L 0x7fac39abd01f          64  # 0x21d8840
L 0x7fac39abd3ce          88  # 0x21d8980
L 0x7fac39abd0ad          64  # 0x21d8930
L 0x7fac39abd0ad          64  # 0x21d8750
L 0x7fac39abd0ad          64  # 0x21d86b0
L 0x7fac39abd01f          64  # 0x21d8610
L 0x7fac39abd01f          64  # 0x21d8a40
L 0x7fac39abd01f          64  # 0x21d8ae0
L 0x7fac39abd01f          64  # 0x21d8a90
L 0x7fac39abd0ad          64  # 0x21d8b80
L 0x7fac39abd01f          64  # 0x21d8c20
L 0x7fac39abd0ad          64  # 0x21d8bd0
L 0x7fac39abd0ad          64  # 0x21d8b30
L 0x7fac39abd3ce          88  # 0x21d8f90
L 0x7fac39abd01f          64  # 0x21d9000
L 0x7fac39abd01f          64  # 0x21d90a0
L 0x7fac39abd01f          64  # 0x21d9140
L 0x7fac39abd01f          64  # 0x21d90f0
L 0x7fac39abd01f          64  # 0x21d9050
L 0x7fac39abd0ad          64  # 0x21d91e0
L 0x7fac39abd0ad          64  # 0x21d9190
L 0x7fac39abd0ad          64  # 0x21d9280
L 0x7fac39abd01f          64  # 0x21d9320
L 0x7fac39abd0ad          64  # 0x21d92d0
L 0x7fac39abd01f          64  # 0x21d9230
L 0x7fac39abd0ad          64  # 0x21d8c70
L 0x7fac39abd01f          64  # 0x21d89f0
L 0x7fac39abd3ce          88  # 0x21d93c0
L 0x7fac39abd01f          64  # 0x21d9480
L 0x7fac39abd01f          64  # 0x21d9430
L 0x7fac39abd01f          64  # 0x21d9520
L 0x7fac39abd0ad          64  # 0x21d95c0
L 0x7fac39abd01f          64  # 0x21d9570
L 0x7fac39abd01f          64  # 0x21d94d0
L 0x7fac39abd01f          64  # 0x21d9660
L 0x7fac39abd0ad          64  # 0x21d9700
L 0x7fac39abd0ad          64  # 0x21d96b0
L 0x7fac39abd0ad          64  # 0x21d97a0
L 0x7fac39abd01f          64  # 0x21d9860
L 0x7fac39abd3ce          88  # 0x21d97f0
L 0x7fac39abd01f          64  # 0x21d9750
L 0x7fac39abd0ad          64  # 0x21d9610
L 0x7fac39abd01f          64  # 0x21d9900
L 0x7fac39abd01f          64  # 0x21d99a0
L 0x7fac39abd01f          64  # 0x21d9950
L 0x7fac39abd0ad          64  # 0x21d9a40
L 0x7fac39abd0ad          64  # 0x21d9ae0
L 0x7fac39abd01f          64  # 0x21d9a90
L 0x7fac39abd0ad          64  # 0x21d99f0
L 0x7fac39abd01f          64  # 0x21d9b80
L 0x7fac39abd3ce          88  # 0x21d9c20
L 0x7fac39abd0ad          64  # 0x21d9bd0
L 0x7fac39abd01f          64  # 0x21d9ce0
L 0x7fac39abd01f          64  # 0x21d9d80
L 0x7fac39abd01f          64  # 0x21d9d30
L 0x7fac39abd01f          64  # 0x21d9c90
L 0x7fac39abd0ad          64  # 0x21d9e20
L 0x7fac39abd01f          64  # 0x21d9ec0
L 0x7fac39abd0ad          64  # 0x21d9e70
L 0x7fac39abd0ad          64  # 0x21d9f60
L 0x7fac39abd3ce          88  # 0x21da050
L 0x7fac39abd0ad          64  # 0x21da000
L 0x7fac39abd01f          64  # 0x21d9fb0
L 0x7fac3ab40aa9          26  # 0x21da150
L 0x7fac3ab40aa9          28  # 0x21da210
L 0x7fac3ab40aa9          40  # 0x21da240
L 0x7fac3ab40aa9          40  # 0x21da300
L 0x7fac3ab40aa9          26  # 0x21da2d0
L 0x7fac3ab40aa9          39  # 0x21da180
L 0x7fac3ab40aa9          39  # 0x21da0c0
L 0x7fac39abd0ad          64  # 0x21d9f10
L 0x7fac39abd01f          64  # 0x21d9dd0
L 0x7fac39abd0ad          64  # 0x21d9b30
L 0x7fac39abd01f          64  # 0x21d98b0
L 0x7fac3ab40aa9          29  # 0x21da430
L 0x7fac3ab40aa9          29  # 0x21da5d0
L 0x7fac3ab40aa9          30  # 0x21da550
L 0x7fac3ab40aa9          36  # 0x21da520
L 0x7fac3ab40aa9          26  # 0x21da680
L 0x7fac3ab40aa9          29  # 0x21da730
L 0x7fac3ab40aa9          39  # 0x21da760
L 0x7fac3ab40aa9          36  # 0x21da6b0
L 0x7fac3ab40aa9          36  # 0x21da600
L 0x7fac3ab40aa9          30  # 0x21da8b0
L 0x7fac3ab40aa9          39  # 0x21da820
L 0x7fac3ab40aa9          26  # 0x21da960
L 0x7fac3ab40aa9          31  # 0x21da8e0
L 0x7fac3ab40aa9          26  # 0x21daa20
L 0x7fac3ab40aa9          40  # 0x21daa50
L 0x7fac3ab40aa9          36  # 0x21dab20
L 0x7fac3ab40aa9          40  # 0x21daae0
L 0x7fac3ab40aa9          40  # 0x21da990
L 0x7fac3ab40aa9          26  # 0x21da7f0
L 0x7fac3ab40aa9          48  # 0x21da390
L 0x7fac39abd0ad          64  # 0x21d9370
L 0x7fac3ab40aa9          75  # 0x21d6910
L 0x7fac3ab40aa9          36  # 0x21dac50
L 0x7fac3ab40aa9          41  # 0x21dac80
L 0x7fac3ab40aa9          36  # 0x21dadd0
L 0x7fac3ab40aa9          40  # 0x21dad40
L 0x7fac3ab40aa9          35  # 0x21dad10
L 0x7fac3ab40aa9          36  # 0x21dae90
L 0x7fac3ab40aa9          36  # 0x21daf50
L 0x7fac3ab40aa9          43  # 0x21daf80
L 0x7fac3ab40aa9          41  # 0x21daec0
L 0x7fac3ab40aa9          40  # 0x21dae00
L 0x7fac3ab40aa9          32  # 0x21db0d0
L 0x7fac3ab40aa9          39  # 0x21db040
L 0x7fac3ab40aa9          34  # 0x21db190
L 0x7fac3ab40aa9          43  # 0x21db100
L 0x7fac3ab40aa9          33  # 0x21db250
L 0x7fac3ab40aa9          41  # 0x21db280
L 0x7fac3ab40aa9          35  # 0x21db3d0
L 0x7fac3ab40aa9          43  # 0x21db340
L 0x7fac3ab40aa9          33  # 0x21db310
L 0x7fac3ab40aa9          42  # 0x21db1c0
L 0x7fac3ab40aa9          33  # 0x21db010
L 0x7fac3ab40aa9          35  # 0x21db4d0
L 0x7fac3ab40aa9          43  # 0x21db490
L 0x7fac3ab40aa9          35  # 0x21db600
L 0x7fac3ab40aa9          44  # 0x21db500
L 0x7fac3ab40aa9          35  # 0x21db6c0
L 0x7fac3ab40aa9          36  # 0x21db780
L 0x7fac3ab40aa9          40  # 0x21db7b0
L 0x7fac3ab40aa9          40  # 0x21db6f0
L 0x7fac3ab40aa9          41  # 0x21db630
L 0x7fac3ab40aa9          36  # 0x21db900
L 0x7fac3ab40aa9          41  # 0x21db870
L 0x7fac3ab40aa9          33  # 0x21db9c0
L 0x7fac3ab40aa9          43  # 0x21db930
L 0x7fac3ab40aa9          34  # 0x21dba80
L 0x7fac3ab40aa9          43  # 0x21dbab0
L 0x7fac3ab40aa9          36  # 0x21dbc00
L 0x7fac3ab40aa9          42  # 0x21dbb70
L 0x7fac3ab40aa9          34  # 0x21dbb40
L 0x7fac3ab40aa9          39  # 0x21db9f0
L 0x7fac3ab40aa9          36  # 0x21db840
L 0x7fac3ab40aa9          42  # 0x21db400
L 0x7fac3ab40aa9          36  # 0x21dbcc0
L 0x7fac3ab40aa9          34  # 0x21dbd80
L 0x7fac3ab40aa9          42  # 0x21dbdb0
L 0x7fac3ab40aa9          43  # 0x21dbcf0
L 0x7fac3ab40aa9          36  # 0x21dbe80
L 0x7fac3ab40aa9          33  # 0x21dbfb0
L 0x7fac3ab40aa9          41  # 0x21dbfe0
L 0x7fac3ab40aa9          44  # 0x21dbeb0
L 0x7fac3ab40aa9          41  # 0x21dbe40
L 0x7fac3ab40aa9          36  # 0x21dc130
L 0x7fac3ab40aa9          40  # 0x21dc0a0
L 0x7fac3ab40aa9          36  # 0x21dc1f0
L 0x7fac3ab40aa9          40  # 0x21dc160
L 0x7fac3ab40aa9          36  # 0x21dc2b0
L 0x7fac3ab40aa9          43  # 0x21dc2e0
L 0x7fac3ab40aa9          32  # 0x21dc430
L 0x7fac3ab40aa9          39  # 0x21dc3a0
L 0x7fac3ab40aa9          33  # 0x21dc370
L 0x7fac3ab40aa9          41  # 0x21dc220
L 0x7fac3ab40aa9          35  # 0x21dc070
L 0x7fac3ab40aa9          34  # 0x21dc4f0
L 0x7fac3ab40aa9          36  # 0x21dc5b0
L 0x7fac3ab40aa9          41  # 0x21dc5e0
L 0x7fac3ab40aa9          42  # 0x21dc520
L 0x7fac3ab40aa9          35  # 0x21dc730
L 0x7fac3ab40aa9          43  # 0x21dc6a0
L 0x7fac3ab40aa9          36  # 0x21dc830
L 0x7fac3ab40aa9          38  # 0x21dc7f0
L 0x7fac3ab40aa9          42  # 0x21dc760
L 0x7fac3ab40aa9          33  # 0x21dc670
L 0x7fac3ab40aa9          36  # 0x21dc960
L 0x7fac3ab40aa9          35  # 0x21dca20
L 0x7fac3ab40aa9          41  # 0x21dc990
L 0x7fac3ab40aa9          36  # 0x21dcae0
L 0x7fac3ab40aa9          40  # 0x21dcb10
L 0x7fac3ab40aa9          36  # 0x21dcc60
L 0x7fac3ab40aa9          41  # 0x21dcbd0
L 0x7fac3ab40aa9          36  # 0x21dcba0
L 0x7fac3ab40aa9          40  # 0x21dca50
L 0x7fac3ab40aa9          44  # 0x21dc860
L 0x7fac3ab40aa9          43  # 0x21dc460
L 0x7fac3ab40aa9          41  # 0x21dbc30
L 0x7fac3ab40aa9          44  # 0x21dab50
L 0x7fac39b02ec2          64  # 0x21d1610
L 0x7fac3ab40aa9          33  # 0x21dcd20
L 0x7fac3ab40aa9          32  # 0x21dcde0
L 0x7fac3ab40aa9          43  # 0x21dce10
L 0x7fac3ab40aa9          39  # 0x21dcd50
L 0x7fac3ab40aa9          33  # 0x21dcf60
L 0x7fac3ab40aa9          42  # 0x21dced0
L 0x7fac3ab40aa9          33  # 0x21dd020
L 0x7fac3ab40aa9          41  # 0x21dcf90
L 0x7fac3ab40aa9          34  # 0x21dcea0
L 0x7fac3ab40aa9          35  # 0x21dd0e0
L 0x7fac3ab40aa9          42  # 0x21dd110
L 0x7fac3ab40aa9          36  # 0x21dd1e0
L 0x7fac3ab40aa9          40  # 0x21dd1a0
L 0x7fac3ab40aa9          36  # 0x21dd310
L 0x7fac3ab40aa9          41  # 0x21dd340
L 0x7fac3ab40aa9          36  # 0x21dd490
L 0x7fac3ab40aa9          40  # 0x21dd400
L 0x7fac3ab40aa9          35  # 0x21dd3d0
L 0x7fac3ab40aa9          44  # 0x21dd210
L 0x7fac3ab40aa9          43  # 0x21dd050
L 0x7fac3ab40aa9          36  # 0x21dd550
L 0x7fac3ab40aa9          36  # 0x21dd610
L 0x7fac3ab40aa9          43  # 0x21dd640
L 0x7fac3ab40aa9          41  # 0x21dd580
L 0x7fac3ab40aa9          32  # 0x21dd790
L 0x7fac3ab40aa9          39  # 0x21dd700
L 0x7fac3ab40aa9          34  # 0x21dd850
L 0x7fac3ab40aa9          43  # 0x21dd7c0
L 0x7fac3ab40aa9          33  # 0x21dd6d0
L 0x7fac3ab40aa9          33  # 0x21dd910
L 0x7fac3ab40aa9          41  # 0x21dd940
L 0x7fac3ab40aa9          35  # 0x21dda90
L 0x7fac3ab40aa9          43  # 0x21dda00
L 0x7fac3ab40aa9          33  # 0x21dd9d0
L 0x7fac3ab40aa9          31  # 0x21ddb80
L 0x7fac3ab40aa9          34  # 0x21ddb50
L 0x7fac3ab40aa9          30  # 0x21ddca0
L 0x7fac3ab40aa9          29  # 0x21ddbb0
L 0x7fac3ab40aa9          42  # 0x21ddac0
L 0x7fac3ab40aa9          42  # 0x21dd880
L 0x7fac3ab40aa9          40  # 0x21dd4c0
L 0x7fac3ab40aa9          33  # 0x21ddd00
L 0x7fac3ab40aa9          28  # 0x21ddeb0
L 0x7fac3ab40aa9          38  # 0x21dde20
L 0x7fac3ab40aa9          26  # 0x21dddf0
L 0x7fac3ab40aa9          35  # 0x21ddfa0
L 0x7fac3ab40aa9          29  # 0x21ddf70
L 0x7fac3ab40aa9          36  # 0x21de0d0
L 0x7fac3ab40aa9          41  # 0x21ddfd0
L 0x7fac3ab40aa9          38  # 0x21ddee0
L 0x7fac3ab40aa9          36  # 0x21de190
L 0x7fac3ab40aa9          33  # 0x21de250
L 0x7fac3ab40aa9          43  # 0x21de280
L 0x7fac3ab40aa9          43  # 0x21de1c0
L 0x7fac3ab40aa9          39  # 0x21de350
L 0x7fac3ab40aa9          39  # 0x21de490
L 0x7fac3ab40aa9          53  # 0x21de4d0
L 0x7fac3ab40aa9          40  # 0x21de390
L 0x7fac3ab40aa9          40  # 0x21de310
L 0x7fac39abd01f          64  # 0x21de5c0
L 0x7fac39abd01f          64  # 0x21de660
L 0x7fac39abd01f          64  # 0x21de610
L 0x7fac39abd01f          64  # 0x21de570
L 0x7fac3ab40aa9          41  # 0x21de100
L 0x7fac39abd0ad          64  # 0x21de700
L 0x7fac39abd01f          64  # 0x21de7a0
L 0x7fac39abd0ad          64  # 0x21de750
L 0x7fac39abd0ad          64  # 0x21de840
L 0x7fac39abd0ad          64  # 0x21de8e0
L 0x7fac39abd01f          64  # 0x21de890
L 0x7fac39abd0ad          64  # 0x21de7f0
L 0x7fac39abd01f          64  # 0x21de6b0
L 0x7fac3ab40aa9          26  # 0x21ddcd0
L 0x7fac39abd3ce          88  # 0x21de9a0
L 0x7fac39abd3ce          88  # 0x21dea10
L 0x7fac3ab40aa9          46  # 0x21fb220
L 0x7fac3ab40aa9          45  # 0x21fb2a0
L 0x7fac3ab40aa9          38  # 0x21fb260
L 0x7fac39abd3ce          88  # 0x21dea80
L 0x7fac3ab40aa9          30  # 0x21fb730
L 0x7fac3ab40aa9          30  # 0x21fb840
L 0x7fac3ab40aa9          49  # 0x21fb800
L 0x7fac3ab40aa9          53  # 0x21fb760
L 0x7fac39ad1e76          80  # 0x21fb6d0
L 0x7fac39abd3ce          88  # 0x21fb8e0
L 0x7fac39abcaa2          64  # 0x21fb9a0
L 0x7fac39abd01f          64  # 0x21fb950
L 0x7fac39abcaa2          64  # 0x21fba40
L 0x7fac39abcaa2          64  # 0x21fba90
L 0x7fac39abcaa2          64  # 0x21fb9f0
L 0x7fac39abcaa2          64  # 0x21fbb80
L 0x7fac39abcaa2          64  # 0x21fbb30
L 0x7fac3ab40aa9          40  # 0x21fbc70
L 0x7fac39abd3ce          88  # 0x21fbd10
L 0x7fac39abcaa2          64  # 0x21fbcc0
L 0x7fac39abcaa2          64  # 0x21fbbd0
L 0x7fac39abd01f          64  # 0x21fbdd0
L 0x7fac39abd01f          64  # 0x21fbd80
L 0x7fac39abcaa2          64  # 0x21fbae0
L 0x7fac3ab40aa9          92  # 0x21fb870
L 0x7fac39abd01f          64  # 0x21fbe90
L 0x7fac39abd3ce          88  # 0x21fbf30
L 0x7fac39abd01f          64  # 0x21fbfa0
L 0x7fac39abd01f          64  # 0x21fbee0
L 0x7fac3ab40aa9          44  # 0x21fc040
L 0x7fac3ab40aa9          26  # 0x21fc0d0
L 0x7fac3ab40aa9          35  # 0x21fc080
L 0x7fac39abd3ce          88  # 0x21fc130
L 0x7fac3ab40aa9          26  # 0x21fc100
L 0x7fac39abd01f          64  # 0x21fbff0
L 0x7fac39abd3ce          88  # 0x21fbe20
L 0x7fac39abd01f          64  # 0x21fc1f0
L 0x7fac39abcaa2          64  # 0x21fc290
L 0x7fac39abd3ce          88  # 0x21fc330
L 0x7fac3ab40aa9          39  # 0x21fc2e0
L 0x7fac39abd0ad          64  # 0x21fc240
L 0x7fac3ab40aa9          29  # 0x21fc440
L 0x7fac39ad1e76          80  # 0x21fc4b0
L 0x7fac3ab40aa9          38  # 0x21fc470
L 0x7fac3ab40aa9          30  # 0x21fc5a0
L 0x7fac3ab40aa9          33  # 0x21fc520
L 0x7fac39abd01f          64  # 0x21fc3a0
L 0x7fac3ab40aa9          30  # 0x21fc660
L 0x7fac3ab40aa9          39  # 0x21fc690
L 0x7fac3ab40aa9          29  # 0x21fc7e0
L 0x7fac3ab40aa9          37  # 0x21fc750
L 0x7fac3ab40aa9          30  # 0x21fc720
L 0x7fac3ab40aa9          39  # 0x21fc5d0
L 0x7fac39abd01f          64  # 0x21fc1a0
L 0x7fac39abd3ce          88  # 0x21de930
L 0x7fac3ab40aa9          30  # 0x21fc8a0
L 0x7fac3ab40aa9          29  # 0x21fc960
L 0x7fac3ab40aa9          32  # 0x21fc990
L 0x7fac3ab40aa9          42  # 0x21fc8d0
L 0x7fac3ab40aa9          30  # 0x21fcad0
L 0x7fac3ab40aa9          47  # 0x21fca40
L 0x7fac3ab40aa9          28  # 0x21fcb90
L 0x7fac3ab40aa9          38  # 0x21fcb00
L 0x7fac3ab40aa9          26  # 0x21fcd00
L 0x7fac3ab40aa9          35  # 0x21fcc80
L 0x7fac3ab40aa9          31  # 0x21fcc50
L 0x7fac3ab40aa9          39  # 0x21fcbc0
L 0x7fac3ab40aa9          29  # 0x21fca10
L 0x7fac3ab40aa9          31  # 0x21fcf70
L 0x7fac3ab40aa9          27  # 0x21fd540
L 0x7fac3ab40aa9          35  # 0x21fd4c0
L 0x7fac3ab40aa9          30  # 0x21fd5f0
L 0x7fac3ab40aa9          38  # 0x21fd620
L 0x7fac3ab40aa9          32  # 0x21fd770
L 0x7fac3ab40aa9          39  # 0x21fd6e0
L 0x7fac3ab40aa9          28  # 0x21fd6b0
L 0x7fac3ab40aa9          35  # 0x21fd880
L 0x7fac3ab40aa9          37  # 0x21fd7d0
L 0x7fac3ab40aa9          29  # 0x21fd7a0
L 0x7fac3ab40aa9          29  # 0x21fd570
L 0x7fac3ab40aa9          37  # 0x21fd900
L 0x7fac3ab40aa9          39  # 0x21fd9c0
L 0x7fac3ab40aa9          27  # 0x21fd990
L 0x7fac3ab40aa9          38  # 0x21fda80
L 0x7fac3ab40aa9          75  # 0x21fdb30
L 0x7fac39ad1e76          80  # 0x21fdac0
L 0x7fac3ab40aa9          56  # 0x21fdb90
L 0x7fac3ab40aa9          29  # 0x21fda50
L 0x7fac3ab40aa9          28  # 0x21fd8d0
L 0x7fac3ab40aa9          41  # 0x21fcd30
L 0x7fac39ad1e76          80  # 0x21fdc10
L 0x7fac3ab40aa9          55  # 0x21fdcd0
L 0x7fac3ab40aa9          71  # 0x21fdc70
L 0x7fac3ab40aa9          56  # 0x21fdda0
L 0x7fac3ab40aa9          30  # 0x21fdd20
L 0x7fac3ab40aa9          36  # 0x21fde40
L 0x7fac3ab40aa9          36  # 0x21fdef0
L 0x7fac3ab40aa9          33  # 0x21fdec0
L 0x7fac3ab40aa9          56  # 0x21fde70
L 0x7fac3ab40aa9          29  # 0x21fddf0
L 0x7fac3ab40aa9          56  # 0x21fdfe0
L 0x7fac3ab40aa9          35  # 0x21fdf90
L 0x7fac3ab40aa9          36  # 0x21fe0e0
L 0x7fac3ab40aa9          31  # 0x21fe0b0
L 0x7fac3ab40aa9          36  # 0x21fe030
L 0x7fac3ab40aa9          37  # 0x21fe190
L 0x7fac3ab40aa9          35  # 0x21fe2a0
L 0x7fac3ab40aa9          29  # 0x21fe350
L 0x7fac3ab40aa9          27  # 0x21fe320
L 0x7fac3ab40aa9          55  # 0x21fe250
L 0x7fac3ab40aa9          29  # 0x21fe160
L 0x7fac3ab40aa9          55  # 0x21fdf40
L 0x7fac3ab40aa9          36  # 0x21fdbe0
L 0x7fac3ab40aa9          38  # 0x21fc810
L 0x7fac39abcaa2          64  # 0x21fe3c0
L 0x7fac39abcaa2          64  # 0x21fe410
L 0x7fac3ab40aa9          46  # 0x21fe4a0
L 0x7fac3ab40aa9          41  # 0x21fe460
L 0x7fac3ab40aa9          26  # 0x21fe530
L 0x7fac3ab40aa9          31  # 0x21fe590
L 0x7fac3ab40aa9          35  # 0x21fe560
L 0x7fac3ab40aa9          35  # 0x21fe4e0
L 0x7fac3ab40aa9          26  # 0x21fe640
L 0x7fac39ad1e76          80  # 0x21fe6b0
L 0x7fac3ab40aa9          43  # 0x21fe710
L 0x7fac3ab40aa9          40  # 0x21fe7a0
L 0x7fac3ab40aa9          27  # 0x21fe770
L 0x7fac3ab40aa9          38  # 0x21fe670
L 0x7fac3ab40aa9          33  # 0x21fe610
L 0x7fac3ab40aa9          26  # 0x21fe860
L 0x7fac3ab40aa9          97  # 0x21fe8d0
L 0x7fac3ab40aa9          46  # 0x21fe940
L 0x7fac3ab40aa9          41  # 0x21fe9c0
L 0x7fac3ab40aa9          27  # 0x21fe990
L 0x7fac3ab40aa9          39  # 0x21fe890
L 0x7fac3ab40aa9          48  # 0x21fea80
L 0x7fac3ab40aa9          69  # 0x21feaf0
L 0x7fac3ab40aa9          47  # 0x21feb60
L 0x7fac3ab40aa9          38  # 0x21febf0
L 0x7fac3ab40aa9          50  # 0x21febb0
L 0x7fac3ab40aa9          36  # 0x21feac0
L 0x7fac3ab40aa9          35  # 0x21fed50
L 0x7fac3ab40aa9          35  # 0x21fecd0
L 0x7fac3ab40aa9          37  # 0x21fedc0
L 0x7fac3ab40aa9          29  # 0x21fed90
L 0x7fac3ab40aa9          29  # 0x21fee80
L 0x7fac3ab40aa9          64  # 0x21fee30
L 0x7fac3ab40aa9          29  # 0x21fef70
L 0x7fac3ab40aa9          33  # 0x21feef0
L 0x7fac3ab40aa9          33  # 0x21feec0
L 0x7fac3ab40aa9          29  # 0x21fee00
L 0x7fac3ab40aa9          55  # 0x21fec80
L 0x7fac3ab40aa9          42  # 0x21fefa0
L 0x7fac3ab40aa9          32  # 0x21fea50
L 0x7fac3ab40aa9          34  # 0x21fe830
L 0x7fac3ab40aa9          28  # 0x21ff080
L 0x7fac3ab40aa9          39  # 0x21ff0b0
L 0x7fac3ab40aa9          30  # 0x21ff180
L 0x7fac3ab40aa9          30  # 0x21ff1e0
L 0x7fac39abd3ce          88  # 0x21ff210
L 0x7fac3ab40aa9          35  # 0x21ff1b0
L 0x7fac3ab40aa9          41  # 0x21ff140
L 0x7fac39abd01f          64  # 0x21ff2d0
L 0x7fac39abd01f          64  # 0x21ff370
L 0x7fac39abd01f          64  # 0x21ff320
L 0x7fac39abd01f          64  # 0x21ff280
L 0x7fac39abcaa2          64  # 0x21ff030
L 0x7fac39abd01f          64  # 0x21ff410
L 0x7fac39abd0ad          64  # 0x21ff4b0
L 0x7fac39abd0ad          64  # 0x21ff460
L 0x7fac39abd01f          64  # 0x21ff550
L 0x7fac39abd0ad          64  # 0x21ff5f0
L 0x7fac39abd0ad          64  # 0x21ff5a0
L 0x7fac39abd0ad          64  # 0x21ff500
L 0x7fac39abd01f          64  # 0x21ff3c0
L 0x7fac3ab40aa9          32  # 0x21fe390
L 0x7fac3ab40aa9          43  # 0x21dcc90
L 0x7fac39abd0ad          64  # 0x21ff690
L 0x7fac39abd01f          64  # 0x21ff730
L 0x7fac39abd3ce          88  # 0x21ffa50
L 0x7fac3ab40aa9          37  # 0x21ffa10
L 0x7fac39abd0ad          64  # 0x21ff780
L 0x7fac39abd0ad          64  # 0x21ff6e0
L 0x7fac39abd01f          64  # 0x21ffb10
L 0x7fac39abd0ad          64  # 0x21ffbb0
L 0x7fac39abd0ad          64  # 0x21ffc00
L 0x7fac39abd01f          64  # 0x21ffd10
L 0x7fac39abd3ce          88  # 0x21ffca0
L 0x7fac39abd01f          64  # 0x21ffdb0
L 0x7fac39abd0ad          64  # 0x21ffe00
L 0x7fac39abd01f          64  # 0x21ffd60
L 0x7fac3ab40aa9          54  # 0x21ffea0
L 0x7fac3ab40aa9          61  # 0x2200370
L 0x7fac3ab40aa9          42  # 0x2200420
L 0x7fac3ab40aa9          43  # 0x21ffef0
L 0x7fac39abd0ad          64  # 0x21ffe50
L 0x7fac39abd01f          64  # 0x21ffb60
L 0x38e342f05b           8  # 0x22005b0
L 0x7fac39ab290a          48  # 0x2200610
L 0x7fac3ab40aa9          29  # 0x22017e0
L 0x7fac3ab40aa9          47  # 0x2200650
L 0x7fac3ab40aa9          43  # 0x2201810
L 0x7fac3ab40aa9          29  # 0x22018a0
L 0x7fac3ab40aa9          45  # 0x22005d0
L 0x7fac39ab290a          48  # 0x2200460
L 0x7fac39abd01f          64  # 0x21ffac0
L 0x7fac39abd3ce          88  # 0x2201910
L 0x7fac3ab40aa9          29  # 0x22019c0
L 0x7fac3ab40aa9          29  # 0x2201a30
L 0x7fac3ab40aa9          49  # 0x22019f0
L 0x7fac3ab40aa9          33  # 0x2201af0
L 0x7fac3ab40aa9          47  # 0x2201be0
L 0x7fac3ab40aa9          29  # 0x2201bb0
L 0x7fac3ab40aa9          51  # 0x2201b20
L 0x7fac3ab40aa9          27  # 0x2201d30
L 0x7fac3ab40aa9          48  # 0x2201ca0
L 0x7fac3ab40aa9          26  # 0x2201df0
L 0x7fac3ab40aa9          39  # 0x2201d60
L 0x7fac3ab40aa9          29  # 0x2201c70
L 0x7fac3ab40aa9          51  # 0x2201a60
L 0x7fac3ab40aa9          48  # 0x22018d0
L 0x7fac3ab40aa9          26  # 0x2201eb0
L 0x7fac3ab40aa9          48  # 0x2201ee0
L 0x7fac3ab40aa9          29  # 0x2202030
L 0x7fac3ab40aa9          38  # 0x2201fa0
L 0x7fac3ab40aa9          33  # 0x2201f70
L 0x7fac3ab40aa9          29  # 0x22020f0
L 0x7fac3ab40aa9          32  # 0x22021b0
L 0x7fac3ab40aa9          42  # 0x22021e0
L 0x7fac3ab40aa9          44  # 0x2202120
L 0x7fac3ab40aa9          39  # 0x2202060
L 0x7fac3ab40aa9          29  # 0x2202320
L 0x7fac3ab40aa9          33  # 0x22022a0
L 0x7fac3ab40aa9          32  # 0x22023e0
L 0x7fac3ab40aa9          42  # 0x2202350
L 0x7fac3ab40aa9          44  # 0x22024a0
L 0x7fac3ab40aa9          40  # 0x22025f0
L 0x7fac3ab40aa9          29  # 0x22025c0
L 0x7fac3ab40aa9          44  # 0x2202530
L 0x7fac3ab40aa9          39  # 0x2202410
L 0x7fac3ab40aa9          34  # 0x2202270
L 0x7fac3ab40aa9          30  # 0x2202740
L 0x7fac3ab40aa9          46  # 0x22026b0
L 0x7fac3ab40aa9          29  # 0x2202800
L 0x7fac3ab40aa9          40  # 0x2202770
L 0x7fac3ab40aa9          29  # 0x22028c0
L 0x7fac3ab40aa9          49  # 0x22028f0
L 0x7fac3ab40aa9          29  # 0x2202a40
L 0x7fac3ab40aa9          45  # 0x22029b0
L 0x7fac3ab40aa9          32  # 0x2202980
L 0x7fac3ab40aa9          42  # 0x2202830
L 0x7fac3ab40aa9          30  # 0x2202680
L 0x7fac3ab40aa9          48  # 0x2201e20
L 0x7fac39abd01f          64  # 0x21ff640
L 0x7fac3ab40aa9          32  # 0x2202b00
L 0x7fac39abd01f          64  # 0x2202b70
L 0x7fac3ab40aa9          46  # 0x2202bf0
L 0x7fac3ab40aa9          29  # 0x2202bc0
L 0x7fac3ab40aa9          45  # 0x2202b30
L 0x7fac3ab40aa9          29  # 0x2202d40
L 0x7fac3ab40aa9          42  # 0x2202cb0
L 0x7fac3ab40aa9          28  # 0x2202e10
L 0x7fac3ab40aa9          53  # 0x2202d70
L 0x7fac3ab40aa9          32  # 0x2202c80
L 0x7fac3ab40aa9          50  # 0x2202f00
L 0x7fac3ab40aa9          27  # 0x2202ed0
L 0x7fac3ab40aa9          27  # 0x2203050
L 0x7fac3ab40aa9          50  # 0x2202fc0
L 0x7fac3ab40aa9          28  # 0x2202f90
L 0x7fac3ab40aa9          28  # 0x2203120
L 0x7fac3ab40aa9          58  # 0x2203210
L 0x7fac3ab40aa9          27  # 0x22031e0
L 0x7fac3ab40aa9          47  # 0x2203150
L 0x7fac3ab40aa9          61  # 0x2203080
L 0x7fac3ab40aa9          50  # 0x2202e40
L 0x7fac3ab40aa9          27  # 0x2203380
L 0x7fac3ab40aa9          54  # 0x22032e0
L 0x7fac3ab40aa9          30  # 0x2203440
L 0x7fac3ab40aa9          52  # 0x22033b0
L 0x7fac3ab40aa9          29  # 0x2203510
L 0x7fac3ab40aa9          48  # 0x2203540
L 0x7fac3ab40aa9          29  # 0x2203690
L 0x7fac3ab40aa9          51  # 0x2203600
L 0x7fac3ab40aa9          29  # 0x22035d0
L 0x7fac3ab40aa9          56  # 0x2203470
L 0x7fac3ab40aa9          36  # 0x2203700
L 0x7fac3ab40aa9          28  # 0x2203750
L 0x7fac3ab40aa9          27  # 0x2203820
L 0x7fac3ab40aa9          35  # 0x2203890
L 0x7fac3ab40aa9          49  # 0x2203850
L 0x7fac3ab40aa9          57  # 0x2203780
L 0x7fac3ab40aa9          28  # 0x22039a0
L 0x7fac3ab40aa9          52  # 0x2203910
L 0x7fac3ab40aa9          27  # 0x22038e0
L 0x7fac3ab40aa9          51  # 0x22036c0
L 0x7fac3ab40aa9          28  # 0x22032b0
L 0x7fac3ab40aa9          49  # 0x2202a70
L 0x7fac39b36ff1          88  # 0x2203dd0
L 0x7fac3ab40aa9          53  # 0x2203f60
L 0x7fac3ab40aa9          45  # 0x2204260
L 0x7fac39ab290a          48  # 0x2204220
L 0x7fac3ab40aa9          34  # 0x2203fb0
L 0x7fac3ab40aa9          52  # 0x22044a0
L 0x7fac3ab40aa9          48  # 0x2204320
L 0x7fac3ab40aa9          33  # 0x2204520
L 0x7fac39ab290a          48  # 0x22044e0
L 0x7fac39ab290a          48  # 0x22042a0
L 0x7fac3ab40aa9          35  # 0x2204590
L 0x7fac3ab40aa9          50  # 0x22045c0
L 0x7fac3ab40aa9          54  # 0x2204640
L 0x7fac3ab40aa9          34  # 0x2204690
L 0x7fac39ab290a          48  # 0x2204600
L 0x7fac39ab290a          48  # 0x2204700
L 0x7fac3ab40aa9          47  # 0x2204770
L 0x7fac39abd3ce          88  # 0x2204b90
L 0x7fac39ab290a          48  # 0x22047b0
L 0x7fac3ab40aa9          34  # 0x2204740
L 0x7fac3ab40aa9          50  # 0x22046c0
L 0x7fac39abd01f          64  # 0x2204c50
L 0x7fac39abd01f          64  # 0x2204c00
L 0x7fac39abd01f          64  # 0x2204cf0
L 0x7fac39abd0ad          64  # 0x2204d90
L 0x7fac39abd01f          64  # 0x2204d40
L 0x7fac39abd01f          64  # 0x2204ca0
L 0x7fac39ab290a          48  # 0x2204550
L 0x7fac39abd0ad          64  # 0x2204e30
L 0x7fac39abd01f          64  # 0x2204ed0
L 0x7fac39abd0ad          64  # 0x2204e80
L 0x7fac39abd01f          64  # 0x2204de0
L 0x7fac39abd0ad          64  # 0x2204f70
L 0x7fac39abd0ad          64  # 0x2205010
L 0x7fac39abd01f          64  # 0x2204fc0
L 0x7fac39abd0ad          64  # 0x22050b0
L 0x7fac39abd01f          64  # 0x2205150
L 0x7fac39abd0ad          64  # 0x2205100
L 0x7fac39abd01f          64  # 0x2205060
L 0x7fac39abd0ad          64  # 0x22051f0
L 0x7fac39abd01f          64  # 0x2205290
L 0x7fac39abd01f          64  # 0x2205240
L 0x7fac39abd01f          64  # 0x2205330
L 0x7fac39abd0ad          64  # 0x22053d0
L 0x7fac39abd0ad          64  # 0x2205380
L 0x7fac39abd01f          64  # 0x22052e0
L 0x7fac39abd0ad          64  # 0x22051a0
L 0x7fac39abd01f          64  # 0x2204f20
L 0x7fac39abd01f          64  # 0x2205470
L 0x7fac39abd0ad          64  # 0x2205510
L 0x7fac39abd0ad          64  # 0x22054c0
L 0x7fac39abd01f          64  # 0x22055b0
L 0x7fac39abd0ad          64  # 0x2205650
L 0x7fac39abd01f          64  # 0x2205600
L 0x7fac39abd01f          64  # 0x2205560
L 0x7fac39abd01f          64  # 0x22056f0
L 0x7fac39abd0ad          64  # 0x2205790
L 0x7fac39abd0ad          64  # 0x2205740
L 0x7fac39abd01f          64  # 0x2205830
L 0x7fac39abd0ad          64  # 0x22058d0
L 0x7fac39abd01f          64  # 0x2205880
L 0x7fac39abd01f          64  # 0x22057e0
L 0x7fac39abd0ad          64  # 0x22056a0
L 0x7fac39abd01f          64  # 0x2205420
L 0x7fac3ab40aa9          52  # 0x22039d0
L 0x7fac39abd0ad          64  # 0x2205970
L 0x7fac39abd01f          64  # 0x2205a10
L 0x7fac39abd0ad          64  # 0x22059c0
L 0x7fac39abd0ad          64  # 0x2205ab0
L 0x7fac39abd01f          64  # 0x2205b50
L 0x7fac39abd0ad          64  # 0x2205b00
L 0x7fac39abd01f          64  # 0x2205a60
L 0x7fac3ab40aa9          34  # 0x2209e00
L 0x7fac39ab290a          48  # 0x2209e70
L 0x7fac3ab40aa9          49  # 0x2209ef0
L 0x7fac3ab40aa9          41  # 0x2209eb0
L 0x7fac3ab40aa9          49  # 0x2209e30
L 0x7fac3ab40aa9          97  # 0x22077c0
L 0x7fac3ab40aa9          36  # 0x2209f70
L 0x7fac39ab290a          48  # 0x2209fe0
L 0x7fac3ab40aa9          52  # 0x2209fa0
L 0x7fac3ab40aa9          52  # 0x220a050
L 0x7fac3ab40aa9          33  # 0x220a0d0
L 0x7fac39ab290a          48  # 0x220a090
L 0x7fac3ab40aa9          36  # 0x220a020
L 0x7fac39ab290a          48  # 0x220a140
L 0x7fac3ab40aa9          45  # 0x220a1b0
L 0x7fac3ab40aa9          32  # 0x220a180
L 0x7fac3ab40aa9          35  # 0x220a230
L 0x7fac39ab290a          48  # 0x220a2a0
L 0x7fac3ab40aa9          48  # 0x220a260
L 0x7fac39ab290a          48  # 0x220a1f0
L 0x7fac3ab40aa9          46  # 0x220a100
L 0x7fac39ab290a          48  # 0x2209f30
L 0x7fac3ab40aa9          51  # 0x220a320
L 0x7fac3ab40aa9          48  # 0x220a3b0
L 0x7fac3ab40aa9          41  # 0x220a370
L 0x7fac39ab290a          48  # 0x220a440
L 0x7fac39ab290a          48  # 0x220a4c0
L 0x7fac3ab40aa9          40  # 0x220a480
L 0x7fac39ab290a          48  # 0x220a400
L 0x7fac39ab290a          48  # 0x220a540
L 0x7fac3ab40aa9          50  # 0x220a5c0
L 0x7fac3ab40aa9          43  # 0x220a580
L 0x7fac3ab40aa9          61  # 0x220a640
L 0x7fac3ab40aa9          38  # 0x220a6e0
L 0x7fac3ab40aa9          55  # 0x220a690
L 0x7fac39ab290a          48  # 0x220a760
L 0x7fac3ab40aa9          42  # 0x220a720
L 0x7fac39ab290a          48  # 0x220a600
L 0x7fac3ab40aa9          44  # 0x220a500
L 0x7fac39ab290a          48  # 0x220a7e0
L 0x7fac39ab290a          48  # 0x220a850
L 0x7fac3ab40aa9          32  # 0x220a820
L 0x7fac3ab40aa9          53  # 0x220a8d0
L 0x7fac3ab40aa9          55  # 0x220a9b0
L 0x7fac3ab40aa9          56  # 0x220a960
L 0x7fac39ab290a          48  # 0x220a920
L 0x7fac3ab40aa9          41  # 0x220a890
L 0x7fac39ab290a          48  # 0x220aa30
L 0x7fac3ab40aa9          36  # 0x220aac0
L 0x7fac3ab40aa9          61  # 0x220aa70
L 0x7fac39ab290a          48  # 0x220ab30
L 0x7fac3ab40aa9          41  # 0x220aaf0
L 0x7fac39ab290a          48  # 0x220aba0
L 0x7fac3ab40aa9          33  # 0x220ac30
L 0x7fac3ab40aa9          54  # 0x220abe0
L 0x7fac39ab290a          48  # 0x220aca0
L 0x7fac3ab40aa9          46  # 0x220ac60
L 0x7fac3ab40aa9          33  # 0x220ab70
L 0x7fac3ab40aa9          33  # 0x220aa00
L 0x7fac3ab40aa9          39  # 0x220a7a0
L 0x7fac3ab40aa9          50  # 0x220a2e0
L 0x7fac39abd0ad          64  # 0x2205920
L 0x7fac39ab290a          48  # 0x220ad20
L 0x7fac3ab40aa9          35  # 0x220adb0
L 0x7fac3ab40aa9          55  # 0x220ad60
L 0x7fac39ab290a          48  # 0x220ae20
L 0x7fac3ab40aa9          49  # 0x220ade0
L 0x7fac3ab40aa9          52  # 0x220aea0
L 0x7fac3ab40aa9          40  # 0x220af20
L 0x7fac39ab290a          48  # 0x220aee0
L 0x7fac3ab40aa9          39  # 0x220ae60
L 0x7fac39ab290a          48  # 0x220afa0
L 0x7fac3ab40aa9          45  # 0x220b020
L 0x7fac3ab40aa9          39  # 0x220afe0
L 0x7fac3ab40aa9          38  # 0x220b0a0
L 0x7fac39ab290a          48  # 0x220b120
L 0x7fac3ab40aa9          44  # 0x220b0e0
L 0x7fac39ab290a          48  # 0x220b060
L 0x7fac3ab40aa9          46  # 0x220af60
L 0x7fac3ab40aa9          43  # 0x220b1a0
L 0x7fac3ab40aa9          36  # 0x220b220
L 0x7fac39ab290a          48  # 0x220b1e0
L 0x7fac39ab290a          48  # 0x220b290
L 0x7fac3ab40aa9          48  # 0x220b310
L 0x7fac3ab40aa9          40  # 0x220b2d0
L 0x7fac3ab40aa9          48  # 0x220b250
L 0x7fac3ab40aa9          40  # 0x220b390
L 0x7fac39ab290a          48  # 0x220b410
L 0x7fac3ab40aa9          44  # 0x220b3d0
L 0x7fac3ab40aa9          44  # 0x220b480
L 0x7fac3ab40aa9          39  # 0x220b500
L 0x7fac39ab290a          48  # 0x220b4c0
L 0x7fac3ab40aa9          36  # 0x220b450
L 0x7fac39ab290a          48  # 0x220b350
L 0x7fac3ab40aa9          37  # 0x220b160
L 0x7fac39ab290a          48  # 0x220b580
L 0x7fac3ab40aa9          44  # 0x220b600
L 0x7fac3ab40aa9          43  # 0x220b5c0
L 0x7fac3ab40aa9          43  # 0x220b680
L 0x7fac39ab290a          48  # 0x220b700
L 0x7fac3ab40aa9          48  # 0x220b6c0
L 0x7fac39ab290a          48  # 0x220b640
L 0x7fac3ab40aa9          37  # 0x220b780
L 0x7fac39ab290a          48  # 0x220b7f0
L 0x7fac3ab40aa9          34  # 0x220b7c0
L 0x7fac39ab290a          48  # 0x220b870
L 0x7fac3ab40aa9          50  # 0x220b8e0
L 0x7fac3ab40aa9          33  # 0x220b8b0
L 0x7fac3ab40aa9          51  # 0x220b830
L 0x7fac3ab40aa9          42  # 0x220b740
L 0x7fac3ab40aa9          33  # 0x220b960
L 0x7fac39ab290a          48  # 0x220b9d0
L 0x7fac3ab40aa9          44  # 0x220b990
L 0x7fac39ab290a          48  # 0x220ba40
L 0x7fac3ab40aa9          34  # 0x220bad0
L 0x7fac3ab40aa9          56  # 0x220ba80
L 0x7fac39ab290a          48  # 0x220bb40
L 0x7fac3ab40aa9          50  # 0x220bb00
L 0x7fac3ab40aa9          35  # 0x220ba10
L 0x7fac3ab40aa9          47  # 0x220bbb0
L 0x7fac3ab40aa9          35  # 0x220bc30
L 0x7fac39ab290a          48  # 0x220bbf0
L 0x7fac3ab40aa9          58  # 0x220bca0
L 0x7fac3ab40aa9          36  # 0x220bcf0
L 0x7fac39ab290a          48  # 0x220bd60
L 0x7fac3ab40aa9          44  # 0x220bd20
L 0x7fac39ab290a          48  # 0x220bc60
L 0x7fac3ab40aa9          33  # 0x220bb80
L 0x7fac39ab290a          48  # 0x220b920
L 0x7fac3ab40aa9          44  # 0x220b540
L 0x7fac39ab290a          48  # 0x220bde0
L 0x7fac39ab290a          48  # 0x220be60
L 0x7fac3ab40aa9          41  # 0x220be20
L 0x7fac3ab40aa9          56  # 0x220bee0
L 0x7fac3ab40aa9          42  # 0x220bf70
L 0x7fac39ab290a          48  # 0x220bf30
L 0x7fac3ab40aa9          41  # 0x220bea0
L 0x7fac39ab290a          48  # 0x220c000
L 0x7fac3ab40aa9          49  # 0x220c080
L 0x7fac3ab40aa9          45  # 0x220c040
L 0x7fac3ab40aa9          42  # 0x220c100
L 0x7fac39ab290a          48  # 0x220c190
L 0x7fac3ab40aa9          55  # 0x220c140
L 0x7fac39ab290a          48  # 0x220c0c0
L 0x7fac3ab40aa9          57  # 0x220bfb0
L 0x7fac3ab40aa9          55  # 0x220c210
L 0x7fac3ab40aa9          40  # 0x220c2a0
L 0x7fac39ab290a          48  # 0x220c260
L 0x7fac39ab290a          48  # 0x220c330
L 0x7fac3ab40aa9          57  # 0x220c3b0
L 0x7fac3ab40aa9          39  # 0x220c370
L 0x7fac3ab40aa9          57  # 0x220c2e0
L 0x7fac3ab40aa9          43  # 0x220c440
L 0x7fac3ab40aa9          56  # 0x220c510
L 0x7fac39ab290a          48  # 0x220c4d0
L 0x7fac3ab40aa9          41  # 0x220c5b0
L 0x7fac3ab40aa9          56  # 0x220c560
L 0x7fac3ab40aa9          56  # 0x220c480
L 0x7fac39ab290a          48  # 0x220c630
L 0x7fac39ab290a          48  # 0x220c6b0
L 0x7fac3ab40aa9          41  # 0x220c670
L 0x7fac3ab40aa9          49  # 0x220c5f0
L 0x7fac39ab290a          48  # 0x220c400
L 0x7fac3ab40aa9          39  # 0x220c1d0
L 0x7fac3ab40aa9          56  # 0x220c770
L 0x7fac39ab290a          48  # 0x220c730
L 0x7fac3ab40aa9          42  # 0x220c810
L 0x7fac3ab40aa9          59  # 0x220c7c0
L 0x7fac39ab290a          48  # 0x220c890
L 0x7fac3ab40aa9          46  # 0x220c850
L 0x7fac3ab40aa9          50  # 0x220c900
L 0x7fac3ab40aa9          32  # 0x220c980
L 0x7fac39ab290a          48  # 0x220c940
L 0x7fac3ab40aa9          36  # 0x220c8d0
L 0x7fac39ab290a          48  # 0x220c9f0
L 0x7fac3ab40aa9          48  # 0x220ca60
L 0x7fac3ab40aa9          31  # 0x220ca30
L 0x7fac3ab40aa9          31  # 0x220cae0
L 0x7fac39ab290a          48  # 0x220cb50
L 0x7fac3ab40aa9          46  # 0x220cb10
L 0x7fac39ab290a          48  # 0x220caa0
L 0x7fac3ab40aa9          49  # 0x220c9b0
L 0x7fac3ab40aa9          50  # 0x220cbc0
L 0x7fac3ab40aa9          34  # 0x220cc40
L 0x7fac39ab290a          48  # 0x220cc00
L 0x7fac39ab290a          48  # 0x220ccb0
L 0x7fac3ab40aa9          46  # 0x220cd30
L 0x7fac3ab40aa9          40  # 0x220ccf0
L 0x7fac3ab40aa9          47  # 0x220cc70
L 0x7fac3ab40aa9          34  # 0x220cdb0
L 0x7fac39ab290a          48  # 0x220ce20
L 0x7fac3ab40aa9          51  # 0x220cde0
L 0x7fac39ab290a          48  # 0x220cea0
L 0x7fac39ab290a          48  # 0x220cf20
L 0x7fac3ab40aa9          39  # 0x220cee0
L 0x7fac3ab40aa9          42  # 0x220ce60
L 0x7fac39ab290a          48  # 0x220cd70
L 0x7fac3ab40aa9          33  # 0x220cb90
L 0x7fac3ab40aa9          39  # 0x220c6f0
L 0x7fac3ab40aa9          43  # 0x220bda0
L 0x7fac3ab40aa9          45  # 0x220ace0
L 0x7fac3ab40aa9          53  # 0x220cfb0
L 0x7fac3ab40aa9          33  # 0x220d000
L 0x7fac3ab40aa9          58  # 0x220d070
L 0x7fac3ab40aa9          33  # 0x220d0c0
L 0x7fac39ab290a          48  # 0x220d030
L 0x7fac39ab290a          48  # 0x220d130
L 0x7fac3ab40aa9          49  # 0x220d1a0
L 0x7fac3ab40aa9          36  # 0x220d170
L 0x7fac3ab40aa9          46  # 0x220d0f0
L 0x7fac3ab40aa9          35  # 0x220d220
L 0x7fac39ab290a          48  # 0x220d290
L 0x7fac3ab40aa9          48  # 0x220d250
L 0x7fac3ab40aa9          52  # 0x220d310
L 0x7fac3ab40aa9          33  # 0x220d390
L 0x7fac39ab290a          48  # 0x220d350
L 0x7fac3ab40aa9          44  # 0x220d2d0
L 0x7fac39ab290a          48  # 0x220d1e0
L 0x7fac39ab290a          48  # 0x220d400
L 0x7fac39ab290a          48  # 0x220d470
L 0x7fac3ab40aa9          39  # 0x220d500
L 0x7fac3ab40aa9          56  # 0x220d4b0
L 0x7fac3ab40aa9          36  # 0x220d440
L 0x7fac39ab290a          48  # 0x220d580
L 0x7fac3ab40aa9          49  # 0x220d600
L 0x7fac3ab40aa9          41  # 0x220d5c0
L 0x7fac3ab40aa9          52  # 0x220d540
L 0x7fac3ab40aa9          40  # 0x220d680
L 0x7fac3ab40aa9          43  # 0x220d700
L 0x7fac39ab290a          48  # 0x220d6c0
L 0x7fac3ab40aa9          44  # 0x220d780
L 0x7fac39ab290a          48  # 0x220d810
L 0x7fac3ab40aa9          57  # 0x220d7c0
L 0x7fac39ab290a          48  # 0x220d740
L 0x7fac39ab290a          48  # 0x220d640
L 0x7fac3ab40aa9          50  # 0x220d3c0
L 0x7fac3ab40aa9          57  # 0x220d890
L 0x7fac3ab40aa9          55  # 0x220d920
L 0x7fac3ab40aa9          33  # 0x220d9c0
L 0x7fac3ab40aa9          62  # 0x220d970
L 0x7fac39ab290a          48  # 0x220d8e0
L 0x7fac39ab290a          48  # 0x220da30
L 0x7fac39ab290a          48  # 0x220dab0
L 0x7fac3ab40aa9          37  # 0x220db40
L 0x7fac3ab40aa9          58  # 0x220daf0
L 0x7fac3ab40aa9          42  # 0x220da70
L 0x7fac3ab40aa9          49  # 0x220d9f0
L 0x7fac39ab290a          48  # 0x220dbc0
L 0x7fac39ab290a          48  # 0x220dc40
L 0x7fac3ab40aa9          33  # 0x220dcd0
L 0x7fac3ab40aa9          55  # 0x220dc80
L 0x7fac3ab40aa9          38  # 0x220dc00
L 0x7fac39ab290a          48  # 0x220dd40
L 0x7fac39ab290a          48  # 0x220ddc0
L 0x7fac3ab40aa9          37  # 0x220dd80
L 0x7fac3ab40aa9          46  # 0x220dd00
L 0x7fac3ab40aa9          46  # 0x220db80
L 0x7fac3ab40aa9          46  # 0x220de30
L 0x7fac3ab40aa9          54  # 0x220deb0
L 0x7fac3ab40aa9          37  # 0x220df00
L 0x7fac39ab290a          48  # 0x220de70
L 0x7fac39ab290a          48  # 0x220df80
L 0x7fac3ab40aa9          50  # 0x220e000
L 0x7fac3ab40aa9          37  # 0x220dfc0
L 0x7fac3ab40aa9          50  # 0x220df40
L 0x7fac3ab40aa9          36  # 0x220e080
L 0x7fac39ab290a          48  # 0x220e0f0
L 0x7fac3ab40aa9          44  # 0x220e0b0
L 0x7fac3ab40aa9          45  # 0x220e170
L 0x7fac3ab40aa9          44  # 0x220e1f0
L 0x7fac39ab290a          48  # 0x220e1b0
L 0x7fac3ab40aa9          37  # 0x220e130
L 0x7fac39ab290a          48  # 0x220e040
L 0x7fac3ab40aa9          32  # 0x220de00
L 0x7fac3ab40aa9          40  # 0x220d850
L 0x7fac3ab40aa9          53  # 0x220cf60
L 0x7fac3ab40aa9          54  # 0x220e270
L 0x7fac3ab40aa9          34  # 0x220e2c0
L 0x7fac3ab40aa9          54  # 0x220e330
L 0x7fac3ab40aa9          37  # 0x220e380
L 0x7fac39ab290a          48  # 0x220e2f0
L 0x7fac39ab290a          48  # 0x220e400
L 0x7fac3ab40aa9          49  # 0x220e470
L 0x7fac3ab40aa9          35  # 0x220e440
L 0x7fac3ab40aa9          50  # 0x220e3c0
L 0x7fac3ab40aa9          36  # 0x220e4f0
L 0x7fac3ab40aa9          42  # 0x220e5b0
L 0x7fac39ab290a          48  # 0x220e520
L 0x7fac39ab290a          48  # 0x220e630
L 0x7fac39ab290a          48  # 0x220e6b0
L 0x7fac3ab40aa9          34  # 0x220e6f0
L 0x7fac39ab290a          48  # 0x220e670
L 0x7fac3ab40aa9          46  # 0x220e5f0
L 0x7fac39ab290a          48  # 0x220e4b0
L 0x7fac3ab40aa9          39  # 0x220e750
L 0x7fac3ab40aa9          36  # 0x220e790
L 0x7fac39ab290a          48  # 0x220e7f0
L 0x7fac3ab40aa9          29  # 0x220e830
L 0x7fac3ab40aa9          29  # 0x220e7c0
L 0x7fac3ab40aa9          42  # 0x220e8a0
L 0x7fac3ab40aa9          36  # 0x220e8e0
L 0x7fac3ab40aa9          40  # 0x220e940
L 0x7fac3ab40aa9          29  # 0x220e980
L 0x7fac3ab40aa9          29  # 0x220e910
L 0x7fac39ab290a          48  # 0x220e860
L 0x7fac3ab40aa9          46  # 0x220e9f0
L 0x7fac3ab40aa9          29  # 0x220ea30
L 0x7fac3ab40aa9          37  # 0x220eaa0
L 0x7fac3ab40aa9          29  # 0x220eae0
L 0x7fac39ab290a          48  # 0x220ea60
L 0x7fac3ab40aa9          42  # 0x220eb50
L 0x7fac3ab40aa9          29  # 0x220eb90
L 0x7fac3ab40aa9          37  # 0x220ec00
L 0x7fac3ab40aa9          29  # 0x220ec40
L 0x7fac39ab290a          48  # 0x220ebc0
L 0x7fac39ab290a          48  # 0x220eb10
L 0x7fac39ab290a          48  # 0x220e9b0
L 0x7fac3ab40aa9          29  # 0x220e720
L 0x7fac3ab40aa9          47  # 0x220ecb0
L 0x7fac3ab40aa9          29  # 0x220ecf0
L 0x7fac3ab40aa9          43  # 0x220ed60
L 0x7fac3ab40aa9          29  # 0x220eda0
L 0x7fac39ab290a          48  # 0x220ed20
L 0x7fac3ab40aa9          48  # 0x220ee10
L 0x7fac39ab290a          48  # 0x220ee80
L 0x7fac3ab40aa9          29  # 0x220ee50
L 0x7fac39ab290a          48  # 0x220edd0
L 0x7fac39ab290a          48  # 0x220eef0
L 0x7fac3ab40aa9          29  # 0x220ef70
L 0x7fac3ab40aa9          49  # 0x220ef30
L 0x7fac3ab40aa9          47  # 0x220f020
L 0x7fac3ab40aa9          41  # 0x220efe0
L 0x7fac3ab40aa9          45  # 0x220f0d0
L 0x7fac39ab290a          48  # 0x220f090
L 0x7fac3ab40aa9          29  # 0x220f060
L 0x7fac39ab290a          48  # 0x220efa0
L 0x7fac3ab40aa9          29  # 0x220eec0
L 0x7fac39ab290a          48  # 0x220f180
L 0x7fac39ab290a          48  # 0x220f140
L 0x7fac39ab290a          48  # 0x220f230
L 0x7fac39ab290a          48  # 0x220f1f0
L 0x7fac3ab40aa9          29  # 0x220f1c0
L 0x7fac39ab290a          48  # 0x220f2d0
L 0x7fac3ab40aa9          29  # 0x220f2a0
L 0x7fac39ab290a          48  # 0x220f370
L 0x7fac3ab40aa9          29  # 0x220f340
L 0x7fac3ab40aa9          33  # 0x220f310
L 0x7fac3ab40aa9          36  # 0x220f270
L 0x7fac39ab290a          48  # 0x220f410
L 0x7fac3ab40aa9          29  # 0x220f3e0
L 0x7fac3ab40aa9          40  # 0x220f4b0
L 0x7fac3ab40aa9          29  # 0x220f480
L 0x7fac3ab40aa9          34  # 0x220f450
L 0x7fac3ab40aa9          43  # 0x220f550
L 0x7fac3ab40aa9          29  # 0x220f520
L 0x7fac3ab40aa9          39  # 0x220f600
L 0x7fac39ab290a          48  # 0x220f5c0
L 0x7fac3ab40aa9          29  # 0x220f590
L 0x7fac3ab40aa9          36  # 0x220f4f0
L 0x7fac3ab40aa9          34  # 0x220f3b0
L 0x7fac3ab40aa9          29  # 0x220f110
L 0x7fac39ab290a          48  # 0x220ec70
L 0x7fac3ab40aa9          40  # 0x220f6b0
L 0x7fac39ab290a          48  # 0x220f670
L 0x7fac3ab40aa9          40  # 0x220f760
L 0x7fac39ab290a          48  # 0x220f720
L 0x7fac3ab40aa9          29  # 0x220f6f0
L 0x7fac39ab290a          48  # 0x220f810
L 0x7fac39ab290a          48  # 0x220f7d0
L 0x7fac39ab290a          48  # 0x220f8c0
L 0x7fac39ab290a          48  # 0x220f880
L 0x7fac3ab40aa9          29  # 0x220f850
L 0x7fac3ab40aa9          29  # 0x220f7a0
L 0x7fac3ab40aa9          50  # 0x220f960
L 0x7fac3ab40aa9          29  # 0x220f930
L 0x7fac3ab40aa9          29  # 0x220f9d0
L 0x7fac3ab40aa9          35  # 0x220f9a0
L 0x7fac39ab290a          48  # 0x220fa30
L 0x7fac3ab40aa9          48  # 0x220fab0
L 0x7fac3ab40aa9          43  # 0x220fa70
L 0x7fac3ab40aa9          29  # 0x220fa00
L 0x7fac3ab40aa9          36  # 0x220f900
L 0x7fac39ab290a          48  # 0x220fb20
L 0x7fac39ab290a          48  # 0x220fb90
L 0x7fac3ab40aa9          29  # 0x220fb60
L 0x7fac3ab40aa9          37  # 0x220fc10
L 0x7fac3ab40aa9          36  # 0x220fc50
L 0x7fac39ab290a          48  # 0x220fcb0
L 0x7fac3ab40aa9          29  # 0x220fcf0
L 0x7fac3ab40aa9          29  # 0x220fc80
L 0x7fac39ab290a          48  # 0x220fbd0
L 0x7fac3ab40aa9          40  # 0x220fd60
L 0x7fac3ab40aa9          35  # 0x220fda0
L 0x7fac3ab40aa9          39  # 0x220fe00
L 0x7fac3ab40aa9          29  # 0x220fe40
L 0x7fac3ab40aa9          29  # 0x220fdd0
L 0x7fac3ab40aa9          38  # 0x220feb0
L 0x7fac3ab40aa9          29  # 0x220fef0
L 0x7fac3ab40aa9          44  # 0x220ff60
L 0x7fac3ab40aa9          29  # 0x220ffa0
L 0x7fac39ab290a          48  # 0x220ff20
L 0x7fac39ab290a          48  # 0x220fe70
L 0x7fac39ab290a          48  # 0x220fd20
L 0x7fac3ab40aa9          29  # 0x220faf0
L 0x7fac3ab40aa9          41  # 0x2210010
L 0x7fac3ab40aa9          29  # 0x2210050
L 0x7fac39ab290a          48  # 0x22100c0
L 0x7fac3ab40aa9          29  # 0x2210100
L 0x7fac39ab290a          48  # 0x2210080
L 0x7fac3ab40aa9          43  # 0x2210170
L 0x7fac3ab40aa9          36  # 0x22101b0
L 0x7fac39ab290a          48  # 0x2210210
L 0x7fac3ab40aa9          29  # 0x2210250
L 0x7fac3ab40aa9          29  # 0x22101e0
L 0x7fac39ab290a          48  # 0x2210130
L 0x7fac3ab40aa9          43  # 0x22102c0
L 0x7fac3ab40aa9          36  # 0x2210300
L 0x7fac39ab290a          48  # 0x2210360
L 0x7fac3ab40aa9          29  # 0x22103a0
L 0x7fac3ab40aa9          29  # 0x2210330
L 0x7fac3ab40aa9          40  # 0x2210410
L 0x7fac3ab40aa9          36  # 0x2210450
L 0x7fac3ab40aa9          43  # 0x22104b0
L 0x7fac3ab40aa9          29  # 0x22104f0
L 0x7fac3ab40aa9          29  # 0x2210480
L 0x7fac39ab290a          48  # 0x22103d0
L 0x7fac39ab290a          48  # 0x2210280
L 0x7fac3ab40aa9          48  # 0x2210560
L 0x7fac39ab290a          48  # 0x22105d0
L 0x7fac3ab40aa9          29  # 0x22105a0
L 0x7fac39ab290a          48  # 0x2210640
L 0x7fac3ab40aa9          39  # 0x22106c0
L 0x7fac3ab40aa9          29  # 0x2210700
L 0x7fac3ab40aa9          40  # 0x2210680
L 0x7fac3ab40aa9          29  # 0x2210610
L 0x7fac39ab290a          48  # 0x2210770
L 0x7fac3ab40aa9          29  # 0x22107b0
L 0x7fac3ab40aa9          29  # 0x2210820
L 0x7fac39ab290a          48  # 0x22107e0
L 0x7fac3ab40aa9          50  # 0x2210890
L 0x7fac3ab40aa9          29  # 0x22108d0
L 0x7fac3ab40aa9          29  # 0x2210990
L 0x7fac39ab290a          48  # 0x2210900
L 0x7fac3ab40aa9          46  # 0x2210850
L 0x7fac39ab290a          48  # 0x2210730
L 0x7fac39ab290a          48  # 0x2210520
L 0x7fac39ab290a          48  # 0x220ffd0
L 0x7fac3ab40aa9          29  # 0x220f640
L 0x7fac3ab40aa9          48  # 0x2210a40
L 0x7fac3ab40aa9          40  # 0x2210a00
L 0x7fac39ab290a          48  # 0x2210ab0
L 0x7fac3ab40aa9          29  # 0x2210a80
L 0x7fac39ab290a          48  # 0x2210b20
L 0x7fac3ab40aa9          39  # 0x2210ba0
L 0x7fac3ab40aa9          29  # 0x2210be0
L 0x7fac3ab40aa9          47  # 0x2210b60
L 0x7fac3ab40aa9          29  # 0x2210af0
L 0x7fac3ab40aa9          41  # 0x2210c50
L 0x7fac3ab40aa9          29  # 0x2210c90
L 0x7fac3ab40aa9          40  # 0x2210d00
L 0x7fac3ab40aa9          29  # 0x2210d40
L 0x7fac39ab290a          48  # 0x2210cc0
L 0x7fac3ab40aa9          49  # 0x2210db0
L 0x7fac39ab290a          48  # 0x2210e20
L 0x7fac3ab40aa9          29  # 0x2210df0
L 0x7fac39ab290a          48  # 0x2210d70
L 0x7fac39ab290a          48  # 0x2210c10
L 0x7fac39ab290a          48  # 0x2210e90
L 0x7fac3ab40aa9          39  # 0x2210f10
L 0x7fac3ab40aa9          29  # 0x2210f50
L 0x7fac3ab40aa9          41  # 0x2210ed0
L 0x7fac3ab40aa9          46  # 0x2210fc0
L 0x7fac3ab40aa9          29  # 0x2211000
L 0x7fac3ab40aa9          47  # 0x2211070
L 0x7fac3ab40aa9          29  # 0x22110b0
L 0x7fac39ab290a          48  # 0x2211030
L 0x7fac39ab290a          48  # 0x2210f80
L 0x7fac3ab40aa9          44  # 0x2211120
L 0x7fac3ab40aa9          29  # 0x2211160
L 0x7fac3ab40aa9          49  # 0x22111d0
L 0x7fac39ab290a          48  # 0x2211190
L 0x7fac39ab290a          48  # 0x2211240
L 0x7fac39ab290a          48  # 0x22112b0
L 0x7fac3ab40aa9          29  # 0x2211280
L 0x7fac3ab40aa9          29  # 0x2211210
L 0x7fac39ab290a          48  # 0x22110e0
L 0x7fac3ab40aa9          29  # 0x2210e60
L 0x7fac3ab40aa9          44  # 0x2211330
L 0x7fac3ab40aa9          29  # 0x2211370
L 0x7fac3ab40aa9          41  # 0x22113e0
L 0x7fac3ab40aa9          29  # 0x2211420
L 0x7fac39ab290a          48  # 0x22113a0
L 0x7fac3ab40aa9          42  # 0x2211490
L 0x7fac3ab40aa9          29  # 0x22114d0
L 0x7fac3ab40aa9          39  # 0x2211540
L 0x7fac3ab40aa9          29  # 0x2211580
L 0x7fac39ab290a          48  # 0x2211500
L 0x7fac39ab290a          48  # 0x2211450
L 0x7fac3ab40aa9          45  # 0x22115f0
L 0x7fac3ab40aa9          29  # 0x2211630
L 0x7fac3ab40aa9          39  # 0x22116a0
L 0x7fac3ab40aa9          29  # 0x22116e0
L 0x7fac39ab290a          48  # 0x2211660
L 0x7fac3ab40aa9          41  # 0x2211750
L 0x7fac3ab40aa9          29  # 0x2211790
L 0x7fac3ab40aa9          46  # 0x2211800
L 0x7fac3ab40aa9          29  # 0x2211840
L 0x7fac39ab290a          48  # 0x22117c0
L 0x7fac39ab290a          48  # 0x2211710
L 0x7fac39ab290a          48  # 0x22115b0
L 0x7fac3ab40aa9          44  # 0x22118b0
L 0x7fac3ab40aa9          29  # 0x22118f0
L 0x7fac3ab40aa9          46  # 0x2211960
L 0x7fac3ab40aa9          29  # 0x22119a0
L 0x7fac39ab290a          48  # 0x2211920
L 0x7fac3ab40aa9          41  # 0x2211a10
L 0x7fac3ab40aa9          29  # 0x2211a50
L 0x7fac3ab40aa9          40  # 0x2211ac0
L 0x7fac3ab40aa9          29  # 0x2211b00
L 0x7fac39ab290a          48  # 0x2211a80
L 0x7fac39ab290a          48  # 0x22119d0
L 0x7fac3ab40aa9          40  # 0x2211b70
L 0x7fac3ab40aa9          29  # 0x2211bb0
L 0x7fac3ab40aa9          41  # 0x2211c20
L 0x7fac3ab40aa9          29  # 0x2211c60
L 0x7fac39ab290a          48  # 0x2211be0
L 0x7fac3ab40aa9          39  # 0x2211cd0
L 0x7fac3ab40aa9          29  # 0x2211d10
L 0x7fac3ab40aa9          44  # 0x2211d80
L 0x7fac3ab40aa9          29  # 0x2211dc0
L 0x7fac39ab290a          48  # 0x2211d40
L 0x7fac39ab290a          48  # 0x2211c90
L 0x7fac39ab290a          48  # 0x2211b30
L 0x7fac39ab290a          48  # 0x2211870
L 0x7fac3ab40aa9          38  # 0x22112f0
L 0x7fac39ab290a          48  # 0x22109c0
L 0x7fac3ab40aa9          29  # 0x2211f20
L 0x38e3488fe1          40  # 0x2211ee0
L 0x7fac39ab290a          48  # 0x2211ea0
L 0x7fac3ab40aa9          29  # 0x2211e70
L 0x7fac3ab40aa9          39  # 0x2211e30
L 0x7fac39b1a427         512  # 0x221b560
L 0x7fac3ab40aa9         153  # 0x221b910
L 0x38e342f05b           8  # 0x221fc10
L 0x38e342e3f1          32  # 0x221c030
L 0x38e3488fe1          40  # 0x2221070
L 0x38e342f05b           8  # 0x2220610
L 0x38e342f05b          16  # 0x221fd80
L 0x7fac3ab40aa9          67  # 0x2221230
L 0x7fac3ab40aa9          32  # 0x22210e0
L 0x7fac39b3712a         144  # 0x2234240
L 0x7fac39ab2d21          56  # 0x2234990
L 0x7fac39ad9499         144  # 0x2234350
L 0x7fac3ab40aa9         719  # 0x2235070
L 0x7fac3ab40aa9          44  # 0x2234f80
L 0x7fac3ab40aa9          49  # 0x22215f0
L 0x7fac39ad9499         144  # 0x22374d0
L 0x7fac39b3712a         144  # 0x2236ca0
L 0x7fac39ab2d21          56  # 0x22378d0
L 0x7fac39ab2d21          56  # 0x2237880
L 0x7fac3ab40aa9          39  # 0x2237a10
L 0x38e3488fe1          40  # 0x223b440
L 0x7fac3ab40aa9         105  # 0x2237de0
L 0x7fac39ab2d21          56  # 0x2237980
L 0x7fac3ab40aa9          68  # 0x2235350
L 0x7fac39ab290a          48  # 0x2211f50
L 0x7fac39b05f50          56  # 0x226ecd0
L 0x7fac39afa4d2         512  # 0x226fca0
L 0x7fac39afaafc         512  # 0x226f330
L 0x7fac39b05f50          56  # 0x226ec00
L 0x7fac3ab40aa9          47  # 0x223b9c0
L 0x7fac39ab290a          48  # 0x2211df0
L 0x7fac39ab290a          48  # 0x220e230
# total allocation requests:  16226 ; max. mem used 307 kBytes
# leak  94795 Bytes	:-(
# .. that is 92 kByte!! A lot ..
WORK TIME - 00:00:08.05
