# LeakReport
# from new @ |      size  # Pointer Addr
L 0x7fedba52a46a          64  # 0xd1d720
L 0x7fedbb6efaa9          33  # 0xd41f40
L 0x7fedbb6efaa9          48  # 0xd41fa0
L 0x7fedbb6efaa9          33  # 0xd41f70
L 0x7fedba597f50          56  # 0xd1dcc0
L 0x7fedbb6efaa9          32  # 0xd5fa80
L 0x7fedbb6efaa9          30  # 0xd5fab0
L 0x7fedba562dd5         192  # 0xd61860
L 0x7fedba562d4f         192  # 0xd61790
L 0x7fedba580a7a        6424  # 0xd5fe60
L 0x7fedba544d21          56  # 0xd61a00
L 0x7fedba544d21          56  # 0xd61a50
L 0x7fedba544d21          56  # 0xd61ae0
L 0x7fedbb6efaa9          39  # 0xd61aa0
L 0x7fedbb6efaa9         105  # 0xd61bc0
L 0x7fedbb6efaa9          30  # 0xd61c90
L 0x7fedbb6efaa9          35  # 0xd61c40
L 0x7fedbb6efaa9          42  # 0xd61b30
L 0x7fedba562e61         192  # 0xd61930
L 0x7fedbb6efaa9          34  # 0xd4ae30
L 0x7fedbb6efaa9          35  # 0xd61dc0
L 0x7fedbb6efaa9          42  # 0xd61cf0
L 0x7fedbb6efaa9          33  # 0xd61df0
L 0x7fedba5443bb         256  # 0xd61e50
L 0x7fedbb6efaa9          35  # 0xd61e20
L 0x7fedba5a2d9a         512  # 0xd620c0
L 0x7fedba5a2eca         512  # 0xd62320
L 0x7fedba5a2e98          64  # 0xd622d0
L 0x7fedba5a2eca         512  # 0xd62580
L 0x7fedba5a2eca         512  # 0xd627e0
L 0x7fedba5a2e98          64  # 0xd62790
L 0x7fedba5a2e98          64  # 0xd62530
L 0x7fedba5a2ffa         512  # 0xd62a40
L 0x7fedba5a312a         512  # 0xd62ca0
L 0x7fedba5a30f8          64  # 0xd62c50
L 0x7fedba594cab         512  # 0xd62f00
L 0x7fedba594eea         512  # 0xd63160
L 0x7fedba594ec2          64  # 0xd63110
L 0x7fedba594c83          64  # 0xd62eb0
L 0x7fedba5a2fc8          64  # 0xd629f0
L 0x7fedba5a2d68          64  # 0xd61ff0
L 0x7fedbb6efaa9          32  # 0xd61cc0
L 0x7fedba595129         512  # 0xd633c0
L 0x7fedba595368         512  # 0xd63620
L 0x7fedba595340          64  # 0xd635d0
L 0x7fedba5955a7         512  # 0xd63880
L 0x7fedba5957f4         512  # 0xd63ae0
L 0x7fedba5957cc          64  # 0xd63a90
L 0x7fedba59557f          64  # 0xd63830
L 0x7fedba5a2eca         512  # 0xd63d40
L 0x7fedba595b5b         512  # 0xd63fa0
L 0x7fedba595b33          64  # 0xd63f50
L 0x7fedba595cce         512  # 0xd64200
L 0x7fedba595e41         512  # 0xd64460
L 0x7fedba595e19          64  # 0xd64410
L 0x7fedba595ca6          64  # 0xd641b0
L 0x7fedba5a2e98          64  # 0xd63cf0
L 0x7fedba595fb4         512  # 0xd646c0
L 0x7fedba596198         512  # 0xd64920
L 0x7fedba596170          64  # 0xd648d0
L 0x7fedba5a325a         512  # 0xd64b80
L 0x7fedba5a325a         512  # 0xd64de0
L 0x7fedba5a3228          64  # 0xd64d90
L 0x7fedba5a3228          64  # 0xd64b30
L 0x7fedba596554         512  # 0xd65040
L 0x7fedba5a338a         512  # 0xd652a0
L 0x7fedba5a3358          64  # 0xd65250
L 0x7fedba5a338a         512  # 0xd65500
L 0x7fedba5a338a         512  # 0xd65760
L 0x7fedba5a3358          64  # 0xd65710
L 0x7fedba5a3358          64  # 0xd654b0
L 0x7fedba59652c          64  # 0xd64ff0
L 0x7fedba595f8c          64  # 0xd64670
L 0x7fedba5a338a         512  # 0xd659c0
L 0x38e342e3f1          16  # 0xd65c90
L 0x7fedbb6efaa9          33  # 0xd65c60
L 0x7fedba506942          88  # 0xd65bd0
L 0x7fedba5069ff          96  # 0xd65d50
L 0x7fedba50698d          72  # 0xd65cf0
L 0x7fedba506b93         120  # 0xd65ee0
L 0x7fedba506b21          72  # 0xd65e30
L 0x7fedba506c9a          96  # 0xd65fd0
L 0x7fedba506c28          72  # 0xd65f70
L 0x7fedba506a90          96  # 0xd65dc0
L 0x7fedba507212          96  # 0xd660b0
L 0x7fedba506e4d          96  # 0xd661b0
L 0x7fedba506dbc          96  # 0xd66140
L 0x7fedba506f72          96  # 0xd66290
L 0x7fedba506ede          96  # 0xd66220
L 0x7fedba506d2b          96  # 0xd66040
L 0x7fedba50709a          96  # 0xd66370
L 0x7fedba5071c5         112  # 0xd66450
L 0x7fedba50712e          96  # 0xd663e0
L 0x7fedba5072a9         200  # 0xd665e0
L 0x7fedba507465         128  # 0xd66750
L 0x7fedba5073b0         128  # 0xd666c0
L 0x7fedba50b606         256  # 0xd664d0
L 0x7fedba507006          96  # 0xd66300
L 0x7fedba5075cf         128  # 0xd66870
L 0x7fedba507752         136  # 0xd669a0
L 0x7fedba50768b         136  # 0xd66900
L 0x7fedbb6efaa9          37  # 0xd66ae0
L 0x7fedbb6efaa9          35  # 0xd66b60
L 0x7fedbb6efaa9          42  # 0xd66b20
L 0x7fedba507815         136  # 0xd66a40
L 0x7fedbb6efaa9          33  # 0xd66bc0
L 0x7fedbb6efaa9          33  # 0xd66c20
L 0x7fedbb6efaa9          33  # 0xd66bf0
L 0x38e342e3f1          40  # 0xd683d0
L 0x38e342f05b         128  # 0xd66c80
L 0x7fedbb6efaa9          32  # 0xd66c50
L 0x7fedbb6efaa9          34  # 0xd66b90
L 0x7fedba50751a         128  # 0xd667e0
L 0x7fedba5a3358          64  # 0xd65970
L 0x7fedbb6efaa9          33  # 0xd685f0
L 0x7fedbb6efaa9          30  # 0xd68620
L 0x7fedbb6efaa9          26  # 0xd68650
L 0x7fedbb6efaa9          97  # 0xd69460
L 0x7fedbb6efaa9          36  # 0xd695e0
L 0x7fedbb6efaa9          61  # 0xd694d0
L 0x7fedbb6efaa9          45  # 0xd69660
L 0x7fedbb6efaa9          48  # 0xd696a0
L 0x7fedbb6efaa9          26  # 0xd69790
L 0x7fedbb6efaa9          82  # 0xd696e0
L 0x7fedbb6efaa9          61  # 0xd69610
L 0x7fedbb6efaa9          43  # 0xd68680
L 0x7fedbb6efaa9          29  # 0xd69840
L 0x7fedba54f01f          64  # 0xd698f0
L 0x7fedbb6efaa9          60  # 0xd698a0
L 0x7fedbb6efaa9          26  # 0xd69870
L 0x7fedba54f01f          64  # 0xd69a30
L 0x7fedba54f01f          64  # 0xd69a80
L 0x7fedba54f01f          64  # 0xd69940
L 0x7fedbb6efaa9          28  # 0xd69c50
L 0x7fedbb6efaa9          39  # 0xd69bc0
L 0x7fedbb6efaa9          26  # 0xd69d10
L 0x7fedbb6efaa9          48  # 0xd69dd0
L 0x7fedbb6efaa9          40  # 0xd69d40
L 0x7fedbb6efaa9          40  # 0xd69c80
L 0x7fedbb6efaa9          39  # 0xd69b30
L 0x7fedbb6efaa9          36  # 0xd697c0
L 0x7fedbb6efaa9          36  # 0xd69f60
L 0x7fedbb6efaa9          29  # 0xd6a010
L 0x7fedbb6efaa9          36  # 0xd6a040
L 0x7fedbb6efaa9          30  # 0xd69f90
L 0x7fedbb6efaa9          29  # 0xd6a170
L 0x7fedbb6efaa9          36  # 0xd6a0f0
L 0x7fedbb6efaa9          26  # 0xd6a230
L 0x7fedbb6efaa9          39  # 0xd6a1a0
L 0x7fedbb6efaa9          26  # 0xd6a0c0
L 0x7fedbb6efaa9          30  # 0xd6a2f0
L 0x7fedbb6efaa9          31  # 0xd6a320
L 0x7fedbb6efaa9          26  # 0xd6a460
L 0x7fedbb6efaa9          40  # 0xd6a3d0
L 0x7fedbb6efaa9          26  # 0xd6a3a0
L 0x7fedbb6efaa9          36  # 0xd6a560
L 0x7fedbb6efaa9          40  # 0xd6a520
L 0x7fedbb6efaa9          36  # 0xd6a690
L 0x7fedbb6efaa9          44  # 0xd6a590
L 0x7fedbb6efaa9          40  # 0xd6a490
L 0x7fedbb6efaa9          39  # 0xd6a260
L 0x7fedbb6efaa9          29  # 0xd69e70
L 0x7fedbb6efaa9          35  # 0xd6a750
L 0x7fedbb6efaa9          36  # 0xd6a810
L 0x7fedbb6efaa9          40  # 0xd6a840
L 0x7fedbb6efaa9          40  # 0xd6a780
L 0x7fedbb6efaa9          36  # 0xd6a990
L 0x7fedbb6efaa9          41  # 0xd6a900
L 0x7fedbb6efaa9          33  # 0xd6aa50
L 0x7fedbb6efaa9          43  # 0xd6a9c0
L 0x7fedbb6efaa9          36  # 0xd6a8d0
L 0x7fedbb6efaa9          32  # 0xd6ab10
L 0x7fedbb6efaa9          43  # 0xd6ab40
L 0x7fedbb6efaa9          33  # 0xd6ac90
L 0x7fedbb6efaa9          42  # 0xd6ac00
L 0x7fedbb6efaa9          34  # 0xd6abd0
L 0x7fedbb6efaa9          33  # 0xd6ad50
L 0x7fedbb6efaa9          35  # 0xd6ae10
L 0x7fedbb6efaa9          42  # 0xd6ae40
L 0x7fedbb6efaa9          43  # 0xd6ad80
L 0x7fedbb6efaa9          41  # 0xd6acc0
L 0x7fedbb6efaa9          39  # 0xd6aa80
L 0x7fedbb6efaa9          35  # 0xd6af10
L 0x7fedbb6efaa9          35  # 0xd6b040
L 0x7fedbb6efaa9          41  # 0xd6b070
L 0x7fedbb6efaa9          44  # 0xd6af40
L 0x7fedbb6efaa9          36  # 0xd6b1c0
L 0x7fedbb6efaa9          40  # 0xd6b130
L 0x7fedbb6efaa9          36  # 0xd6b280
L 0x7fedbb6efaa9          40  # 0xd6b1f0
L 0x7fedbb6efaa9          35  # 0xd6b100
L 0x7fedbb6efaa9          36  # 0xd6b340
L 0x7fedbb6efaa9          43  # 0xd6b370
L 0x7fedbb6efaa9          34  # 0xd6b4c0
L 0x7fedbb6efaa9          39  # 0xd6b430
L 0x7fedbb6efaa9          33  # 0xd6b400
L 0x7fedbb6efaa9          34  # 0xd6b580
L 0x7fedbb6efaa9          36  # 0xd6b640
L 0x7fedbb6efaa9          34  # 0xd6b720
L 0x7fedbb6efaa9          41  # 0xd6b670
L 0x7fedbb6efaa9          42  # 0xd6b5b0
L 0x7fedbb6efaa9          43  # 0xd6b4f0
L 0x7fedbb6efaa9          41  # 0xd6b2b0
L 0x7fedbb6efaa9          43  # 0xd6aed0
L 0x7fedbb6efaa9          41  # 0xd6a6c0
L 0x7fedbb6efaa9          75  # 0xd68410
L 0x7fedba595101          64  # 0xd63370
L 0x7fedba54f01f          64  # 0xd6ba10
L 0x7fedba54f01f          64  # 0xd6ba60
L 0x7fedba54f0ad          64  # 0xd6bab0
L 0x7fedba54f3ce          88  # 0xd6bbf0
L 0x7fedba54f01f          64  # 0xd6bba0
L 0x7fedba54f01f          64  # 0xd6bcb0
L 0x7fedba54f01f          64  # 0xd6bc60
L 0x7fedba54f01f          64  # 0xd6bd50
L 0x7fedba54f0ad          64  # 0xd6bdf0
L 0x7fedba54f0ad          64  # 0xd6bda0
L 0x7fedba54f01f          64  # 0xd6bd00
L 0x7fedba54f01f          64  # 0xd6bf80
L 0x7fedba54f3ce          88  # 0xd6c0c0
L 0x7fedba54f0ad          64  # 0xd6c070
L 0x7fedba54f01f          64  # 0xd6c130
L 0x7fedba54f0ad          64  # 0xd6be40
L 0x7fedba54f01f          64  # 0xd6c1d0
L 0x7fedba54f0ad          64  # 0xd6c270
L 0x7fedba54f01f          64  # 0xd6c220
L 0x7fedba54f0ad          64  # 0xd6c310
L 0x7fedba54f01f          64  # 0xd6c360
L 0x7fedba54f0ad          64  # 0xd6c2c0
L 0x7fedba54f3ce          88  # 0xd6c6d0
L 0x7fedba54f01f          64  # 0xd6c790
L 0x7fedba54f01f          64  # 0xd6c740
L 0x7fedba54f0ad          64  # 0xd6c3b0
L 0x7fedba54f01f          64  # 0xd6c180
L 0x7fedba54f01f          64  # 0xd6c830
L 0x7fedba54f0ad          64  # 0xd6c8d0
L 0x7fedba54f01f          64  # 0xd6c880
L 0x7fedba54f01f          64  # 0xd6c970
L 0x7fedba54f0ad          64  # 0xd6ca10
L 0x7fedba54f0ad          64  # 0xd6c9c0
L 0x7fedba54f0ad          64  # 0xd6c920
L 0x7fedba54f0ad          64  # 0xd6cab0
L 0x7fedba54f01f          64  # 0xd6cb70
L 0x7fedba54f3ce          88  # 0xd6cb00
L 0x7fedba54f01f          64  # 0xd6cc10
L 0x7fedba54f01f          64  # 0xd6ccb0
L 0x7fedba54f01f          64  # 0xd6cc60
L 0x7fedba54f01f          64  # 0xd6cbc0
L 0x7fedba54f01f          64  # 0xd6ca60
L 0x7fedba54f01f          64  # 0xd6c7e0
L 0x7fedba54f0ad          64  # 0xd6cd50
L 0x7fedba54f0ad          64  # 0xd6cdf0
L 0x7fedba54f01f          64  # 0xd6cda0
L 0x7fedba54f01f          64  # 0xd6ce90
L 0x7fedba54f3ce          88  # 0xd6cf30
L 0x7fedba54f0ad          64  # 0xd6cee0
L 0x7fedba54f0ad          64  # 0xd6ce40
L 0x7fedba54f01f          64  # 0xd6cff0
L 0x7fedba54f01f          64  # 0xd6d090
L 0x7fedba54f01f          64  # 0xd6d040
L 0x7fedba54f0ad          64  # 0xd6d130
L 0x7fedba54f01f          64  # 0xd6d1d0
L 0x7fedba54f0ad          64  # 0xd6d180
L 0x7fedba54f01f          64  # 0xd6d0e0
L 0x7fedba54f0ad          64  # 0xd6d270
L 0x7fedba54f0ad          64  # 0xd6d310
L 0x7fedba54f01f          64  # 0xd6d2c0
L 0x7fedba54f01f          64  # 0xd6d3d0
L 0x7fedba54f01f          64  # 0xd6d470
L 0x7fedba54f01f          64  # 0xd6d420
L 0x7fedba54f3ce          88  # 0xd6d360
L 0x7fedba54f01f          64  # 0xd6d510
L 0x7fedba54f0ad          64  # 0xd6d5b0
L 0x7fedba54f0ad          64  # 0xd6d560
L 0x7fedba54f0ad          64  # 0xd6d650
L 0x7fedba54f01f          64  # 0xd6d6f0
L 0x7fedbb6efaa9          36  # 0xd6d7a0
L 0x7fedbb6efaa9          43  # 0xd6d7d0
L 0x7fedba54f0ad          64  # 0xd6d740
L 0x7fedba54f0ad          64  # 0xd6d6a0
L 0x7fedba54f01f          64  # 0xd6d600
L 0x7fedba54f01f          64  # 0xd6d4c0
L 0x7fedba54f0ad          64  # 0xd6d220
L 0x7fedba54f01f          64  # 0xd6cfa0
L 0x7fedbb6efaa9          41  # 0xd6d920
L 0x7fedbb6efaa9          42  # 0xd6d890
L 0x7fedbb6efaa9          44  # 0xd6d990
L 0x7fedbb6efaa9          35  # 0xd6db50
L 0x7fedbb6efaa9          41  # 0xd6dac0
L 0x7fedbb6efaa9          33  # 0xd6da90
L 0x7fedbb6efaa9          36  # 0xd6d960
L 0x7fedbb6efaa9          36  # 0xd6dc10
L 0x7fedbb6efaa9          36  # 0xd6dcd0
L 0x7fedbb6efaa9          41  # 0xd6dd00
L 0x7fedbb6efaa9          40  # 0xd6dc40
L 0x7fedbb6efaa9          33  # 0xd6de50
L 0x7fedbb6efaa9          43  # 0xd6ddc0
L 0x7fedbb6efaa9          32  # 0xd6df10
L 0x7fedbb6efaa9          39  # 0xd6de80
L 0x7fedbb6efaa9          36  # 0xd6dd90
L 0x7fedbb6efaa9          40  # 0xd6db80
L 0x7fedbb6efaa9          34  # 0xd6dfd0
L 0x7fedbb6efaa9          42  # 0xd6e000
L 0x7fedbb6efaa9          33  # 0xd6e150
L 0x7fedbb6efaa9          41  # 0xd6e0c0
L 0x7fedbb6efaa9          36  # 0xd6e090
L 0x7fedbb6efaa9          35  # 0xd6e210
L 0x7fedbb6efaa9          38  # 0xd6e2d0
L 0x7fedbb6efaa9          36  # 0xd6e310
L 0x7fedbb6efaa9          42  # 0xd6e240
L 0x7fedbb6efaa9          43  # 0xd6e180
L 0x7fedbb6efaa9          36  # 0xd6e440
L 0x7fedbb6efaa9          35  # 0xd6e500
L 0x7fedbb6efaa9          40  # 0xd6e530
L 0x7fedbb6efaa9          41  # 0xd6e470
L 0x7fedbb6efaa9          36  # 0xd6e680
L 0x7fedbb6efaa9          40  # 0xd6e5f0
L 0x7fedbb6efaa9          36  # 0xd6e740
L 0x7fedbb6efaa9          41  # 0xd6e6b0
L 0x7fedbb6efaa9          36  # 0xd6e5c0
L 0x7fedbb6efaa9          44  # 0xd6e340
L 0x7fedbb6efaa9          43  # 0xd6df40
L 0x7fedbb6efaa9          34  # 0xd6d860
L 0x7fedba54f0ad          64  # 0xd6cd00
L 0x7fedbb6efaa9          33  # 0xd6e800
L 0x7fedbb6efaa9          39  # 0xd6e830
L 0x7fedbb6efaa9          34  # 0xd6e980
L 0x7fedbb6efaa9          43  # 0xd6e8f0
L 0x7fedbb6efaa9          32  # 0xd6e8c0
L 0x7fedbb6efaa9          33  # 0xd6ea40
L 0x7fedbb6efaa9          33  # 0xd6eb00
L 0x7fedbb6efaa9          43  # 0xd6eb30
L 0x7fedbb6efaa9          41  # 0xd6ea70
L 0x7fedbb6efaa9          42  # 0xd6e9b0
L 0x7fedbb6efaa9          40  # 0xd6ec80
L 0x7fedbb6efaa9          42  # 0xd6ebf0
L 0x7fedbb6efaa9          44  # 0xd6ecf0
L 0x7fedbb6efaa9          36  # 0xd6ecc0
L 0x7fedbb6efaa9          35  # 0xd6eeb0
L 0x7fedbb6efaa9          41  # 0xd6ee20
L 0x7fedbb6efaa9          36  # 0xd6ef70
L 0x7fedbb6efaa9          40  # 0xd6eee0
L 0x7fedbb6efaa9          36  # 0xd6edf0
L 0x7fedbb6efaa9          35  # 0xd6ebc0
L 0x7fedbb6efaa9          36  # 0xd6f030
L 0x7fedbb6efaa9          41  # 0xd6f060
L 0x7fedbb6efaa9          33  # 0xd6f1b0
L 0x7fedbb6efaa9          43  # 0xd6f120
L 0x7fedbb6efaa9          36  # 0xd6f0f0
L 0x7fedbb6efaa9          32  # 0xd6f270
L 0x7fedbb6efaa9          34  # 0xd6f330
L 0x7fedbb6efaa9          42  # 0xd6f360
L 0x7fedbb6efaa9          43  # 0xd6f2a0
L 0x7fedbb6efaa9          39  # 0xd6f1e0
L 0x7fedbb6efaa9          33  # 0xd6f4b0
L 0x7fedbb6efaa9          41  # 0xd6f420
L 0x7fedbb6efaa9          35  # 0xd6f570
L 0x7fedbb6efaa9          43  # 0xd6f4e0
L 0x7fedbb6efaa9          34  # 0xd6f630
L 0x7fedbb6efaa9          31  # 0xd6f660
L 0x7fedbb6efaa9          26  # 0xd6f7b0
L 0x7fedbb6efaa9          30  # 0xd6f780
L 0x7fedbb6efaa9          29  # 0xd6f690
L 0x7fedbb6efaa9          42  # 0xd6f5a0
L 0x7fedbb6efaa9          33  # 0xd6f3f0
L 0x7fedbb6efaa9          40  # 0xd6efa0
L 0x7fedbb6efaa9          26  # 0xd6f8d0
L 0x7fedbb6efaa9          28  # 0xd6f990
L 0x7fedbb6efaa9          38  # 0xd6f900
L 0x7fedbb6efaa9          29  # 0xd6fa50
L 0x7fedbb6efaa9          35  # 0xd6fa80
L 0x7fedbb6efaa9          36  # 0xd6fbb0
L 0x7fedbb6efaa9          41  # 0xd6fab0
L 0x7fedbb6efaa9          38  # 0xd6f9c0
L 0x7fedbb6efaa9          36  # 0xd6fc70
L 0x7fedbb6efaa9          43  # 0xd6fca0
L 0x7fedbb6efaa9          40  # 0xd6fdf0
L 0x7fedbb6efaa9          43  # 0xd6fd60
L 0x7fedbb6efaa9          33  # 0xd6fd30
L 0x7fedbb6efaa9          40  # 0xd6fe70
L 0x7fedba54f3ce          88  # 0xd70050
L 0x7fedbb6efaa9          53  # 0xd6ffb0
L 0x7fedbb6efaa9          39  # 0xd6ff70
L 0x7fedbb6efaa9          39  # 0xd6fe30
L 0x7fedba54f01f          64  # 0xd70110
L 0x7fedba54f01f          64  # 0xd701b0
L 0x7fedba54f01f          64  # 0xd70160
L 0x7fedba54f01f          64  # 0xd700c0
L 0x7fedbb6efaa9          41  # 0xd6fbe0
L 0x7fedba54f0ad          64  # 0xd70250
L 0x7fedba54f01f          64  # 0xd702f0
L 0x7fedba54f0ad          64  # 0xd702a0
L 0x7fedba54f0ad          64  # 0xd70390
L 0x7fedba54f0ad          64  # 0xd70430
L 0x7fedba54f01f          64  # 0xd703e0
L 0x7fedba54f0ad          64  # 0xd70340
L 0x7fedba54f01f          64  # 0xd70200
L 0x7fedbb6efaa9          33  # 0xd6f7e0
L 0x7fedba54f3ce          88  # 0xd704f0
L 0x7fedba54f3ce          88  # 0xd70560
L 0x7fedbb6efaa9          46  # 0xd8cc20
L 0x7fedbb6efaa9          45  # 0xd8cca0
L 0x7fedbb6efaa9          38  # 0xd8cc60
L 0x7fedba54f3ce          88  # 0xd705d0
L 0x7fedbb6efaa9          30  # 0xd8d130
L 0x7fedbb6efaa9          30  # 0xd8d240
L 0x7fedbb6efaa9          49  # 0xd8d200
L 0x7fedbb6efaa9          53  # 0xd8d160
L 0x7fedba563e76          80  # 0xd8d0d0
L 0x7fedba54f3ce          88  # 0xd8d2e0
L 0x7fedba54eaa2          64  # 0xd8d3a0
L 0x7fedba54f01f          64  # 0xd8d350
L 0x7fedba54eaa2          64  # 0xd8d440
L 0x7fedba54eaa2          64  # 0xd8d490
L 0x7fedba54eaa2          64  # 0xd8d3f0
L 0x7fedba54eaa2          64  # 0xd8d580
L 0x7fedba54eaa2          64  # 0xd8d530
L 0x7fedbb6efaa9          40  # 0xd8d670
L 0x7fedba54f3ce          88  # 0xd8d710
L 0x7fedba54eaa2          64  # 0xd8d6c0
L 0x7fedba54eaa2          64  # 0xd8d5d0
L 0x7fedba54f01f          64  # 0xd8d7d0
L 0x7fedba54f01f          64  # 0xd8d780
L 0x7fedba54eaa2          64  # 0xd8d4e0
L 0x7fedbb6efaa9          92  # 0xd8d270
L 0x7fedba54f01f          64  # 0xd8d890
L 0x7fedba54f3ce          88  # 0xd8d930
L 0x7fedba54f01f          64  # 0xd8d9a0
L 0x7fedba54f01f          64  # 0xd8d8e0
L 0x7fedbb6efaa9          26  # 0xd8dad0
L 0x7fedbb6efaa9          44  # 0xd8da40
L 0x7fedba54f3ce          88  # 0xd8db30
L 0x7fedbb6efaa9          26  # 0xd8db00
L 0x7fedba54f01f          64  # 0xd8d9f0
L 0x7fedba54f3ce          88  # 0xd8d820
L 0x7fedba54f01f          64  # 0xd8dbf0
L 0x7fedba54f3ce          88  # 0xd8dd30
L 0x7fedba54eaa2          64  # 0xd8dc90
L 0x7fedba54f0ad          64  # 0xd8dc40
L 0x7fedbb6efaa9          29  # 0xd8ddf0
L 0x7fedbb6efaa9          39  # 0xd8dee0
L 0x7fedbb6efaa9          28  # 0xd8deb0
L 0x7fedbb6efaa9          38  # 0xd8de20
L 0x7fedbb6efaa9          30  # 0xd8dfa0
L 0x7fedbb6efaa9          33  # 0xd8df20
L 0x7fedba54f01f          64  # 0xd8dda0
L 0x7fedbb6efaa9          30  # 0xd8e060
L 0x7fedbb6efaa9          39  # 0xd8e0d0
L 0x7fedbb6efaa9          39  # 0xd8e090
L 0x7fedbb6efaa9          29  # 0xd8e1e0
L 0x7fedbb6efaa9          37  # 0xd8e150
L 0x7fedbb6efaa9          30  # 0xd8e120
L 0x7fedbb6efaa9          39  # 0xd8dfd0
L 0x7fedba54f01f          64  # 0xd8dba0
L 0x7fedba54f3ce          88  # 0xd70480
L 0x7fedbb6efaa9          30  # 0xd8e2a0
L 0x7fedbb6efaa9          29  # 0xd8e360
L 0x7fedbb6efaa9          32  # 0xd8e390
L 0x7fedbb6efaa9          42  # 0xd8e2d0
L 0x7fedbb6efaa9          30  # 0xd8e4d0
L 0x7fedbb6efaa9          47  # 0xd8e440
L 0x7fedbb6efaa9          28  # 0xd8e590
L 0x7fedbb6efaa9          38  # 0xd8e500
L 0x7fedbb6efaa9          31  # 0xd8e650
L 0x7fedbb6efaa9          26  # 0xd8e700
L 0x7fedbb6efaa9          35  # 0xd8e680
L 0x7fedbb6efaa9          39  # 0xd8e5c0
L 0x7fedbb6efaa9          29  # 0xd8e410
L 0x7fedbb6efaa9          35  # 0xd8e770
L 0x7fedbb6efaa9          27  # 0xd8ef10
L 0x7fedbb6efaa9          35  # 0xd8ee90
L 0x7fedba563e76          80  # 0xd8e7a0
L 0x7fedbb6efaa9          38  # 0xd8eff0
L 0x7fedbb6efaa9          30  # 0xd8efc0
L 0x7fedbb6efaa9          32  # 0xd8f140
L 0x7fedbb6efaa9          39  # 0xd8f0b0
L 0x7fedbb6efaa9          28  # 0xd8f080
L 0x7fedbb6efaa9          37  # 0xd8f1a0
L 0x7fedbb6efaa9          37  # 0xd8f2d0
L 0x7fedbb6efaa9          27  # 0xd8f360
L 0x7fedbb6efaa9          36  # 0xd8f310
L 0x7fedbb6efaa9          29  # 0xd8f420
L 0x7fedbb6efaa9          39  # 0xd8f390
L 0x7fedbb6efaa9          28  # 0xd8f2a0
L 0x7fedbb6efaa9          29  # 0xd8f170
L 0x7fedbb6efaa9          29  # 0xd8ef40
L 0x7fedbb6efaa9          75  # 0xd8f530
L 0x7fedbb6efaa9          29  # 0xd8f4e0
L 0x7fedbb6efaa9          56  # 0xd8f590
L 0x7fedbb6efaa9          38  # 0xd8f450
L 0x7fedbb6efaa9          41  # 0xd8e730
L 0x7fedba563e76          80  # 0xd8f610
L 0x7fedbb6efaa9          55  # 0xd8f6d0
L 0x7fedbb6efaa9          71  # 0xd8f670
L 0x7fedbb6efaa9          56  # 0xd8f7a0
L 0x7fedbb6efaa9          30  # 0xd8f720
L 0x7fedbb6efaa9          36  # 0xd8f840
L 0x7fedbb6efaa9          33  # 0xd8f8c0
L 0x7fedbb6efaa9          36  # 0xd8f8f0
L 0x7fedbb6efaa9          56  # 0xd8f870
L 0x7fedbb6efaa9          29  # 0xd8f7f0
L 0x7fedbb6efaa9          56  # 0xd8f9e0
L 0x7fedbb6efaa9          35  # 0xd8f990
L 0x7fedbb6efaa9          36  # 0xd8fae0
L 0x7fedbb6efaa9          31  # 0xd8fab0
L 0x7fedbb6efaa9          36  # 0xd8fa30
L 0x7fedbb6efaa9          37  # 0xd8fb90
L 0x7fedbb6efaa9          35  # 0xd8fca0
L 0x7fedbb6efaa9          69  # 0xd8fd30
L 0x7fedbb6efaa9          29  # 0xd8fd00
L 0x7fedbb6efaa9          27  # 0xd8fcd0
L 0x7fedbb6efaa9          55  # 0xd8fc50
L 0x7fedbb6efaa9          29  # 0xd8fb60
L 0x7fedbb6efaa9          55  # 0xd8f940
L 0x7fedbb6efaa9          36  # 0xd8f5e0
L 0x7fedbb6efaa9          38  # 0xd8e210
L 0x7fedbb6efaa9          43  # 0xd6e770
L 0x7fedbb6efaa9          42  # 0xd6b750
L 0x7fedba54eaa2          64  # 0xd8fdc0
L 0x7fedba54eaa2          64  # 0xd8fe10
L 0x7fedbb6efaa9          46  # 0xd8fea0
L 0x7fedbb6efaa9          41  # 0xd8fe60
L 0x7fedbb6efaa9          26  # 0xd8ff30
L 0x7fedbb6efaa9          31  # 0xd8ff90
L 0x7fedbb6efaa9          35  # 0xd8ff60
L 0x7fedbb6efaa9          35  # 0xd8fee0
L 0x7fedbb6efaa9          26  # 0xd90040
L 0x7fedba563e76          80  # 0xd900b0
L 0x7fedbb6efaa9          43  # 0xd90110
L 0x7fedbb6efaa9          40  # 0xd901a0
L 0x7fedbb6efaa9          27  # 0xd90170
L 0x7fedbb6efaa9          38  # 0xd90070
L 0x7fedbb6efaa9          33  # 0xd90010
L 0x7fedbb6efaa9          26  # 0xd90260
L 0x7fedbb6efaa9          97  # 0xd902d0
L 0x7fedbb6efaa9          46  # 0xd90340
L 0x7fedbb6efaa9          41  # 0xd903c0
L 0x7fedbb6efaa9          27  # 0xd90390
L 0x7fedbb6efaa9          39  # 0xd90290
L 0x7fedbb6efaa9          48  # 0xd90480
L 0x7fedba54f3ce          88  # 0xd904f0
L 0x7fedbb6efaa9          47  # 0xd90560
L 0x7fedbb6efaa9          38  # 0xd905f0
L 0x7fedbb6efaa9          50  # 0xd905b0
L 0x7fedbb6efaa9          36  # 0xd904c0
L 0x7fedbb6efaa9          35  # 0xd90750
L 0x7fedbb6efaa9          35  # 0xd906d0
L 0x7fedbb6efaa9          37  # 0xd907c0
L 0x7fedbb6efaa9          29  # 0xd90790
L 0x7fedbb6efaa9          29  # 0xd90880
L 0x7fedbb6efaa9          64  # 0xd90830
L 0x7fedbb6efaa9          29  # 0xd90970
L 0x7fedbb6efaa9          33  # 0xd908f0
L 0x7fedbb6efaa9          33  # 0xd908c0
L 0x7fedbb6efaa9          29  # 0xd90800
L 0x7fedbb6efaa9          55  # 0xd90680
L 0x7fedbb6efaa9          42  # 0xd909a0
L 0x7fedbb6efaa9          32  # 0xd90450
L 0x7fedbb6efaa9          34  # 0xd90230
L 0x7fedbb6efaa9          30  # 0xd90b10
L 0x7fedbb6efaa9          41  # 0xd90ad0
L 0x7fedba563e76          80  # 0xd90b70
L 0x7fedbb6efaa9          35  # 0xd90b40
L 0x7fedba54f3ce          88  # 0xd90c10
L 0x7fedbb6efaa9          30  # 0xd90be0
L 0x7fedba54f01f          64  # 0xd90cd0
L 0x7fedba54f01f          64  # 0xd90d70
L 0x7fedba54f01f          64  # 0xd90d20
L 0x7fedba54f01f          64  # 0xd90c80
L 0x7fedba54eaa2          64  # 0xd90a30
L 0x7fedba54f01f          64  # 0xd90e10
L 0x7fedba54f0ad          64  # 0xd90eb0
L 0x7fedba54f0ad          64  # 0xd90e60
L 0x7fedba54f01f          64  # 0xd90f50
L 0x7fedba54f0ad          64  # 0xd90ff0
L 0x7fedba54f0ad          64  # 0xd90fa0
L 0x7fedba54f0ad          64  # 0xd90f00
L 0x7fedba54f01f          64  # 0xd90dc0
L 0x7fedbb6efaa9          32  # 0xd8fd90
L 0x7fedba54f0ad          64  # 0xd91090
L 0x7fedba54f01f          64  # 0xd91130
L 0x7fedba54f3ce          88  # 0xd91450
L 0x7fedbb6efaa9          37  # 0xd91410
L 0x7fedba54f0ad          64  # 0xd91180
L 0x7fedba54f0ad          64  # 0xd910e0
L 0x7fedba54f01f          64  # 0xd91510
L 0x7fedba54f0ad          64  # 0xd915b0
L 0x7fedba54f0ad          64  # 0xd91600
L 0x7fedba54f01f          64  # 0xd91710
L 0x7fedba54f3ce          88  # 0xd916a0
L 0x7fedba54f01f          64  # 0xd917b0
L 0x7fedba54f0ad          64  # 0xd91800
L 0x7fedba54f01f          64  # 0xd91760
L 0x7fedba54f01f          64  # 0xd91560
L 0x7fedba54f01f          64  # 0xd914c0
L 0x7fedbb6efaa9          54  # 0xd91960
L 0x7fedbb6efaa9          61  # 0xd91e30
L 0x7fedba54490a          48  # 0xd91f20
L 0x7fedbb6efaa9          42  # 0xd91ee0
L 0x7fedbb6efaa9          43  # 0xd919b0
L 0x7fedbb6efaa9          43  # 0xd931e0
L 0x7fedbb6efaa9          31  # 0xd92e20
L 0x7fedba5c8ff1          88  # 0xd932e0
L 0x7fedbb6efaa9          48  # 0xd932a0
L 0x7fedbb6efaa9          29  # 0xd93270
L 0x7fedbb6efaa9          49  # 0xd933c0
L 0x7fedbb6efaa9          29  # 0xd93390
L 0x7fedbb6efaa9          33  # 0xd934c0
L 0x7fedbb6efaa9          35  # 0xd93530
L 0x7fedbb6efaa9          51  # 0xd934f0
L 0x7fedbb6efaa9          29  # 0xd93640
L 0x7fedbb6efaa9          47  # 0xd935b0
L 0x7fedbb6efaa9          29  # 0xd93580
L 0x7fedbb6efaa9          27  # 0xd93700
L 0x7fedbb6efaa9          26  # 0xd937c0
L 0x7fedbb6efaa9          48  # 0xd937f0
L 0x7fedbb6efaa9          39  # 0xd93730
L 0x7fedbb6efaa9          48  # 0xd93670
L 0x7fedbb6efaa9          51  # 0xd93430
L 0x7fedbb6efaa9          33  # 0xd93940
L 0x7fedbb6efaa9          48  # 0xd938b0
L 0x7fedbb6efaa9          29  # 0xd93a00
L 0x7fedbb6efaa9          38  # 0xd93970
L 0x7fedbb6efaa9          29  # 0xd93ac0
L 0x7fedbb6efaa9          44  # 0xd93af0
L 0x7fedbb6efaa9          34  # 0xd93c40
L 0x7fedbb6efaa9          42  # 0xd93bb0
L 0x7fedbb6efaa9          32  # 0xd93b80
L 0x7fedbb6efaa9          39  # 0xd93a30
L 0x7fedbb6efaa9          26  # 0xd93880
L 0x7fedbb6efaa9          29  # 0xd93400
L 0x7fedba54f0ad          64  # 0xd91850
L 0x7fedba54f01f          64  # 0xd91040
L 0x7fedbb6efaa9          29  # 0xd93cf0
L 0x7fedbb6efaa9          39  # 0xd93de0
L 0x7fedbb6efaa9          32  # 0xd93db0
L 0x7fedbb6efaa9          42  # 0xd93d20
L 0x7fedbb6efaa9          44  # 0xd93f00
L 0x7fedbb6efaa9          30  # 0xd94050
L 0x7fedbb6efaa9          40  # 0xd93fc0
L 0x7fedbb6efaa9          29  # 0xd93f90
L 0x7fedbb6efaa9          44  # 0xd93e70
L 0x7fedbb6efaa9          30  # 0xd94110
L 0x7fedbb6efaa9          29  # 0xd941d0
L 0x7fedbb6efaa9          42  # 0xd94200
L 0x7fedbb6efaa9          40  # 0xd94140
L 0x7fedbb6efaa9          32  # 0xd94350
L 0x7fedbb6efaa9          49  # 0xd942c0
L 0x7fedbb6efaa9          29  # 0xd94410
L 0x7fedbb6efaa9          45  # 0xd94380
L 0x7fedbb6efaa9          29  # 0xd94290
L 0x7fedbb6efaa9          46  # 0xd94080
L 0x7fedbb6efaa9          32  # 0xd944d0
L 0x7fedbb6efaa9          45  # 0xd94500
L 0x7fedbb6efaa9          32  # 0xd94650
L 0x7fedbb6efaa9          46  # 0xd945c0
L 0x7fedbb6efaa9          29  # 0xd94590
L 0x7fedbb6efaa9          29  # 0xd94710
L 0x7fedbb6efaa9          28  # 0xd947e0
L 0x7fedbb6efaa9          50  # 0xd94810
L 0x7fedbb6efaa9          53  # 0xd94740
L 0x7fedbb6efaa9          42  # 0xd94680
L 0x7fedbb6efaa9          28  # 0xd94960
L 0x7fedbb6efaa9          50  # 0xd948d0
L 0x7fedba54f01f          64  # 0xd949d0
L 0x7fedbb6efaa9          27  # 0xd94a20
L 0x7fedbb6efaa9          50  # 0xd94990
L 0x7fedbb6efaa9          28  # 0xd94af0
L 0x7fedbb6efaa9          47  # 0xd94b20
L 0x7fedbb6efaa9          28  # 0xd94c80
L 0x7fedbb6efaa9          58  # 0xd94be0
L 0x7fedbb6efaa9          27  # 0xd94bb0
L 0x7fedbb6efaa9          61  # 0xd94a50
L 0x7fedbb6efaa9          27  # 0xd948a0
L 0x7fedbb6efaa9          49  # 0xd94440
L 0x7fedbb6efaa9          27  # 0xd94d50
L 0x7fedbb6efaa9          30  # 0xd94e10
L 0x7fedbb6efaa9          56  # 0xd94e40
L 0x7fedbb6efaa9          52  # 0xd94d80
L 0x7fedbb6efaa9          48  # 0xd94f10
L 0x7fedbb6efaa9          29  # 0xd94fa0
L 0x7fedbb6efaa9          35  # 0xd94f50
L 0x7fedbb6efaa9          29  # 0xd95060
L 0x7fedbb6efaa9          51  # 0xd94fd0
L 0x7fedbb6efaa9          29  # 0xd94ee0
L 0x7fedbb6efaa9          57  # 0xd95150
L 0x7fedbb6efaa9          28  # 0xd95120
L 0x7fedbb6efaa9          27  # 0xd952b0
L 0x7fedbb6efaa9          49  # 0xd95220
L 0x7fedbb6efaa9          27  # 0xd951f0
L 0x7fedbb6efaa9          28  # 0xd95370
L 0x7fedba5c8ff1          88  # 0xd95610
L 0x7fedbb6efaa9          53  # 0xd95810
L 0x7fedbb6efaa9          52  # 0xd953a0
L 0x7fedbb6efaa9          52  # 0xd952e0
L 0x7fedba54490a          48  # 0xd95b10
L 0x7fedbb6efaa9          45  # 0xd95ad0
L 0x7fedbb6efaa9          47  # 0xd95b50
L 0x7fedbb6efaa9          45  # 0xd95bd0
L 0x7fedba54490a          48  # 0xd95b90
L 0x7fedbb6efaa9          34  # 0xd95860
L 0x7fedbb6efaa9          51  # 0xd95090
L 0x7fedbb6efaa9          52  # 0xd95e10
L 0x7fedbb6efaa9          48  # 0xd95c90
L 0x7fedbb6efaa9          33  # 0xd95e90
L 0x7fedba54490a          48  # 0xd95e50
L 0x7fedbb6efaa9          35  # 0xd95f00
L 0x7fedbb6efaa9          50  # 0xd95f30
L 0x7fedbb6efaa9          54  # 0xd95fb0
L 0x7fedbb6efaa9          34  # 0xd96000
L 0x7fedba54490a          48  # 0xd95f70
L 0x7fedba54490a          48  # 0xd96070
L 0x7fedbb6efaa9          47  # 0xd960e0
L 0x7fedba54f3ce          88  # 0xd96560
L 0x7fedbb6efaa9          34  # 0xd960b0
L 0x7fedba54f01f          64  # 0xd965d0
L 0x7fedbb6efaa9          50  # 0xd96030
L 0x7fedba54490a          48  # 0xd95ec0
L 0x7fedba54f01f          64  # 0xd96670
L 0x7fedba54f01f          64  # 0xd96620
L 0x7fedba54490a          48  # 0xd95c10
L 0x7fedba54f01f          64  # 0xd96710
L 0x7fedba54f01f          64  # 0xd967b0
L 0x7fedba54f0ad          64  # 0xd96760
L 0x7fedba54f0ad          64  # 0xd96850
L 0x7fedba54f01f          64  # 0xd968f0
L 0x7fedba54f01f          64  # 0xd968a0
L 0x7fedba54f0ad          64  # 0xd96800
L 0x7fedba54f01f          64  # 0xd966c0
L 0x7fedba54f01f          64  # 0xd96990
L 0x7fedba54f01f          64  # 0xd96a30
L 0x7fedba54f0ad          64  # 0xd969e0
L 0x7fedba54f0ad          64  # 0xd96ad0
L 0x7fedba54f0ad          64  # 0xd96b70
L 0x7fedba54f01f          64  # 0xd96b20
L 0x7fedba54f0ad          64  # 0xd96a80
L 0x7fedba54f01f          64  # 0xd96c10
L 0x7fedba54f01f          64  # 0xd96cb0
L 0x7fedba54f01f          64  # 0xd96c60
L 0x7fedba54f0ad          64  # 0xd96d50
L 0x7fedba54f01f          64  # 0xd96df0
L 0x7fedba54f0ad          64  # 0xd96da0
L 0x7fedba54f01f          64  # 0xd96d00
L 0x7fedba54f0ad          64  # 0xd96bc0
L 0x7fedba54f0ad          64  # 0xd96940
L 0x7fedbb6efaa9          54  # 0xd94cb0
L 0x7fedbb6efaa9          33  # 0xd93c70
L 0x7fedba54f0ad          64  # 0xd96e90
L 0x7fedba54f01f          64  # 0xd96f30
L 0x7fedba54f0ad          64  # 0xd96ee0
L 0x7fedba54f01f          64  # 0xd96fd0
L 0x7fedba54f0ad          64  # 0xd97070
L 0x7fedba54f0ad          64  # 0xd97020
L 0x7fedba54f01f          64  # 0xd96f80
L 0x7fedba54f0ad          64  # 0xd97110
L 0x7fedba54f01f          64  # 0xd971b0
L 0x7fedba54f0ad          64  # 0xd97160
L 0x7fedba54f01f          64  # 0xd97250
L 0x7fedba54f0ad          64  # 0xd972f0
L 0x7fedba54f0ad          64  # 0xd972a0
L 0x7fedba54f01f          64  # 0xd97200
L 0x7fedba54f01f          64  # 0xd970c0
L 0x7fedba54f0ad          64  # 0xd97390
L 0x7fedba54f01f          64  # 0xd97430
L 0x7fedba54f01f          64  # 0xd973e0
L 0x7fedba54f0ad          64  # 0xd974d0
L 0x7fedba54f01f          64  # 0xd97520
L 0x7fedba54f0ad          64  # 0xd97480
L 0x7fedbb6efaa9          34  # 0xd9b820
L 0x7fedba54490a          48  # 0xd9b7e0
L 0x7fedba54490a          48  # 0xd9b890
L 0x7fedbb6efaa9          49  # 0xd9b910
L 0x7fedbb6efaa9          41  # 0xd9b8d0
L 0x7fedbb6efaa9          49  # 0xd9b850
L 0x7fedbb6efaa9          97  # 0xd991a0
L 0x7fedba54f0ad          64  # 0xd97340
L 0x7fedba54f01f          64  # 0xd96e40
L 0x7fedbb6efaa9          36  # 0xd9b990
L 0x7fedba54490a          48  # 0xd9ba00
L 0x7fedbb6efaa9          52  # 0xd9b9c0
L 0x7fedbb6efaa9          52  # 0xd9ba70
L 0x7fedbb6efaa9          33  # 0xd9baf0
L 0x7fedba54490a          48  # 0xd9bab0
L 0x7fedbb6efaa9          36  # 0xd9ba40
L 0x7fedba54490a          48  # 0xd9bb60
L 0x7fedbb6efaa9          45  # 0xd9bbd0
L 0x7fedbb6efaa9          32  # 0xd9bba0
L 0x7fedbb6efaa9          35  # 0xd9bc50
L 0x7fedba54490a          48  # 0xd9bcc0
L 0x7fedbb6efaa9          48  # 0xd9bc80
L 0x7fedba54490a          48  # 0xd9bc10
L 0x7fedbb6efaa9          46  # 0xd9bb20
L 0x7fedbb6efaa9          51  # 0xd9bd40
L 0x7fedbb6efaa9          48  # 0xd9bdd0
L 0x7fedbb6efaa9          41  # 0xd9bd90
L 0x7fedba54490a          48  # 0xd9be60
L 0x7fedba54490a          48  # 0xd9bee0
L 0x7fedbb6efaa9          40  # 0xd9bea0
L 0x7fedba54490a          48  # 0xd9be20
L 0x7fedba54490a          48  # 0xd9bf60
L 0x7fedbb6efaa9          50  # 0xd9bfe0
L 0x7fedbb6efaa9          43  # 0xd9bfa0
L 0x7fedbb6efaa9          61  # 0xd9c060
L 0x7fedbb6efaa9          38  # 0xd9c100
L 0x7fedbb6efaa9          55  # 0xd9c0b0
L 0x7fedba54490a          48  # 0xd9c180
L 0x7fedbb6efaa9          42  # 0xd9c140
L 0x7fedba54490a          48  # 0xd9c020
L 0x7fedbb6efaa9          44  # 0xd9bf20
L 0x7fedbb6efaa9          50  # 0xd9bd00
L 0x7fedba54490a          48  # 0xd9c200
L 0x7fedba54490a          48  # 0xd9c270
L 0x7fedbb6efaa9          32  # 0xd9c240
L 0x7fedbb6efaa9          53  # 0xd9c2f0
L 0x7fedbb6efaa9          55  # 0xd9c3d0
L 0x7fedbb6efaa9          56  # 0xd9c380
L 0x7fedba54490a          48  # 0xd9c340
L 0x7fedbb6efaa9          41  # 0xd9c2b0
L 0x7fedba54490a          48  # 0xd9c450
L 0x7fedbb6efaa9          36  # 0xd9c4e0
L 0x7fedbb6efaa9          61  # 0xd9c490
L 0x7fedba54490a          48  # 0xd9c550
L 0x7fedbb6efaa9          41  # 0xd9c510
L 0x7fedba54490a          48  # 0xd9c5c0
L 0x7fedbb6efaa9          33  # 0xd9c650
L 0x7fedbb6efaa9          54  # 0xd9c600
L 0x7fedba54490a          48  # 0xd9c6c0
L 0x7fedbb6efaa9          46  # 0xd9c680
L 0x7fedbb6efaa9          33  # 0xd9c590
L 0x7fedbb6efaa9          33  # 0xd9c420
L 0x7fedba54490a          48  # 0xd9c740
L 0x7fedbb6efaa9          35  # 0xd9c7d0
L 0x7fedbb6efaa9          55  # 0xd9c780
L 0x7fedba54490a          48  # 0xd9c840
L 0x7fedbb6efaa9          49  # 0xd9c800
L 0x7fedbb6efaa9          52  # 0xd9c8c0
L 0x7fedbb6efaa9          40  # 0xd9c940
L 0x7fedba54490a          48  # 0xd9c900
L 0x7fedbb6efaa9          39  # 0xd9c880
L 0x7fedba54490a          48  # 0xd9c9c0
L 0x7fedbb6efaa9          45  # 0xd9ca40
L 0x7fedbb6efaa9          39  # 0xd9ca00
L 0x7fedbb6efaa9          38  # 0xd9cac0
L 0x7fedba54490a          48  # 0xd9cb40
L 0x7fedbb6efaa9          44  # 0xd9cb00
L 0x7fedba54490a          48  # 0xd9ca80
L 0x7fedbb6efaa9          46  # 0xd9c980
L 0x7fedbb6efaa9          45  # 0xd9c700
L 0x7fedbb6efaa9          39  # 0xd9c1c0
L 0x7fedba54490a          48  # 0xd9b950
L 0x7fedbb6efaa9          43  # 0xd9cbc0
L 0x7fedbb6efaa9          36  # 0xd9cc40
L 0x7fedba54490a          48  # 0xd9cc00
L 0x7fedba54490a          48  # 0xd9ccb0
L 0x7fedbb6efaa9          48  # 0xd9cd30
L 0x7fedbb6efaa9          40  # 0xd9ccf0
L 0x7fedbb6efaa9          48  # 0xd9cc70
L 0x7fedbb6efaa9          40  # 0xd9cdb0
L 0x7fedba54490a          48  # 0xd9ce30
L 0x7fedbb6efaa9          44  # 0xd9cdf0
L 0x7fedbb6efaa9          44  # 0xd9cea0
L 0x7fedbb6efaa9          39  # 0xd9cf20
L 0x7fedba54490a          48  # 0xd9cee0
L 0x7fedbb6efaa9          36  # 0xd9ce70
L 0x7fedba54490a          48  # 0xd9cd70
L 0x7fedba54490a          48  # 0xd9cfa0
L 0x7fedbb6efaa9          44  # 0xd9d020
L 0x7fedbb6efaa9          43  # 0xd9cfe0
L 0x7fedbb6efaa9          43  # 0xd9d0a0
L 0x7fedba54490a          48  # 0xd9d120
L 0x7fedbb6efaa9          48  # 0xd9d0e0
L 0x7fedba54490a          48  # 0xd9d060
L 0x7fedbb6efaa9          37  # 0xd9d1a0
L 0x7fedba54490a          48  # 0xd9d210
L 0x7fedbb6efaa9          34  # 0xd9d1e0
L 0x7fedba54490a          48  # 0xd9d290
L 0x7fedbb6efaa9          50  # 0xd9d300
L 0x7fedbb6efaa9          33  # 0xd9d2d0
L 0x7fedbb6efaa9          51  # 0xd9d250
L 0x7fedbb6efaa9          42  # 0xd9d160
L 0x7fedbb6efaa9          44  # 0xd9cf60
L 0x7fedbb6efaa9          33  # 0xd9d380
L 0x7fedba54490a          48  # 0xd9d3f0
L 0x7fedbb6efaa9          44  # 0xd9d3b0
L 0x7fedba54490a          48  # 0xd9d460
L 0x7fedbb6efaa9          34  # 0xd9d4f0
L 0x7fedbb6efaa9          56  # 0xd9d4a0
L 0x7fedba54490a          48  # 0xd9d560
L 0x7fedbb6efaa9          50  # 0xd9d520
L 0x7fedbb6efaa9          35  # 0xd9d430
L 0x7fedbb6efaa9          47  # 0xd9d5d0
L 0x7fedbb6efaa9          35  # 0xd9d650
L 0x7fedba54490a          48  # 0xd9d610
L 0x7fedbb6efaa9          58  # 0xd9d6c0
L 0x7fedbb6efaa9          36  # 0xd9d710
L 0x7fedba54490a          48  # 0xd9d780
L 0x7fedbb6efaa9          44  # 0xd9d740
L 0x7fedba54490a          48  # 0xd9d680
L 0x7fedbb6efaa9          33  # 0xd9d5a0
L 0x7fedba54490a          48  # 0xd9d800
L 0x7fedba54490a          48  # 0xd9d880
L 0x7fedbb6efaa9          41  # 0xd9d840
L 0x7fedbb6efaa9          56  # 0xd9d900
L 0x7fedbb6efaa9          42  # 0xd9d990
L 0x7fedba54490a          48  # 0xd9d950
L 0x7fedbb6efaa9          41  # 0xd9d8c0
L 0x7fedba54490a          48  # 0xd9da20
L 0x7fedbb6efaa9          49  # 0xd9daa0
L 0x7fedbb6efaa9          45  # 0xd9da60
L 0x7fedbb6efaa9          42  # 0xd9db20
L 0x7fedba54490a          48  # 0xd9dbb0
L 0x7fedbb6efaa9          55  # 0xd9db60
L 0x7fedba54490a          48  # 0xd9dae0
L 0x7fedbb6efaa9          57  # 0xd9d9d0
L 0x7fedbb6efaa9          43  # 0xd9d7c0
L 0x7fedba54490a          48  # 0xd9d340
L 0x7fedbb6efaa9          37  # 0xd9cb80
L 0x7fedbb6efaa9          55  # 0xd9dc30
L 0x7fedbb6efaa9          40  # 0xd9dcc0
L 0x7fedba54490a          48  # 0xd9dc80
L 0x7fedba54490a          48  # 0xd9dd50
L 0x7fedbb6efaa9          57  # 0xd9ddd0
L 0x7fedbb6efaa9          39  # 0xd9dd90
L 0x7fedbb6efaa9          57  # 0xd9dd00
L 0x7fedbb6efaa9          43  # 0xd9de60
L 0x7fedbb6efaa9          56  # 0xd9df30
L 0x7fedba54490a          48  # 0xd9def0
L 0x7fedbb6efaa9          41  # 0xd9dfd0
L 0x7fedbb6efaa9          56  # 0xd9df80
L 0x7fedbb6efaa9          56  # 0xd9dea0
L 0x7fedba54490a          48  # 0xd9e050
L 0x7fedba54490a          48  # 0xd9e0d0
L 0x7fedbb6efaa9          41  # 0xd9e090
L 0x7fedbb6efaa9          49  # 0xd9e010
L 0x7fedba54490a          48  # 0xd9de20
L 0x7fedbb6efaa9          56  # 0xd9e190
L 0x7fedba54490a          48  # 0xd9e150
L 0x7fedbb6efaa9          42  # 0xd9e230
L 0x7fedbb6efaa9          59  # 0xd9e1e0
L 0x7fedba54490a          48  # 0xd9e2b0
L 0x7fedbb6efaa9          46  # 0xd9e270
L 0x7fedbb6efaa9          50  # 0xd9e320
L 0x7fedbb6efaa9          32  # 0xd9e3a0
L 0x7fedba54490a          48  # 0xd9e360
L 0x7fedbb6efaa9          36  # 0xd9e2f0
L 0x7fedba54490a          48  # 0xd9e410
L 0x7fedbb6efaa9          48  # 0xd9e480
L 0x7fedbb6efaa9          31  # 0xd9e450
L 0x7fedbb6efaa9          31  # 0xd9e500
L 0x7fedba54490a          48  # 0xd9e570
L 0x7fedbb6efaa9          46  # 0xd9e530
L 0x7fedba54490a          48  # 0xd9e4c0
L 0x7fedbb6efaa9          49  # 0xd9e3d0
L 0x7fedbb6efaa9          39  # 0xd9e110
L 0x7fedbb6efaa9          50  # 0xd9e5e0
L 0x7fedbb6efaa9          34  # 0xd9e660
L 0x7fedba54490a          48  # 0xd9e620
L 0x7fedba54490a          48  # 0xd9e6d0
L 0x7fedbb6efaa9          46  # 0xd9e750
L 0x7fedbb6efaa9          40  # 0xd9e710
L 0x7fedbb6efaa9          47  # 0xd9e690
L 0x7fedbb6efaa9          34  # 0xd9e7d0
L 0x7fedba54490a          48  # 0xd9e840
L 0x7fedbb6efaa9          51  # 0xd9e800
L 0x7fedba54490a          48  # 0xd9e8c0
L 0x7fedba54490a          48  # 0xd9e940
L 0x7fedbb6efaa9          39  # 0xd9e900
L 0x7fedbb6efaa9          42  # 0xd9e880
L 0x7fedba54490a          48  # 0xd9e790
L 0x7fedbb6efaa9          53  # 0xd9e9d0
L 0x7fedbb6efaa9          33  # 0xd9ea20
L 0x7fedbb6efaa9          58  # 0xd9ea90
L 0x7fedbb6efaa9          33  # 0xd9eae0
L 0x7fedba54490a          48  # 0xd9ea50
L 0x7fedba54490a          48  # 0xd9eb50
L 0x7fedbb6efaa9          49  # 0xd9ebc0
L 0x7fedbb6efaa9          36  # 0xd9eb90
L 0x7fedbb6efaa9          46  # 0xd9eb10
L 0x7fedbb6efaa9          35  # 0xd9ec40
L 0x7fedba54490a          48  # 0xd9ecb0
L 0x7fedbb6efaa9          48  # 0xd9ec70
L 0x7fedbb6efaa9          52  # 0xd9ed30
L 0x7fedbb6efaa9          33  # 0xd9edb0
L 0x7fedba54490a          48  # 0xd9ed70
L 0x7fedbb6efaa9          44  # 0xd9ecf0
L 0x7fedba54490a          48  # 0xd9ec00
L 0x7fedbb6efaa9          53  # 0xd9e980
L 0x7fedbb6efaa9          33  # 0xd9e5b0
L 0x7fedba54490a          48  # 0xd9ee20
L 0x7fedba54490a          48  # 0xd9ee90
L 0x7fedbb6efaa9          39  # 0xd9ef20
L 0x7fedbb6efaa9          56  # 0xd9eed0
L 0x7fedbb6efaa9          36  # 0xd9ee60
L 0x7fedba54490a          48  # 0xd9efa0
L 0x7fedbb6efaa9          49  # 0xd9f020
L 0x7fedbb6efaa9          41  # 0xd9efe0
L 0x7fedbb6efaa9          52  # 0xd9ef60
L 0x7fedbb6efaa9          40  # 0xd9f0a0
L 0x7fedbb6efaa9          43  # 0xd9f120
L 0x7fedba54490a          48  # 0xd9f0e0
L 0x7fedbb6efaa9          44  # 0xd9f1a0
L 0x7fedba54490a          48  # 0xd9f230
L 0x7fedbb6efaa9          57  # 0xd9f1e0
L 0x7fedba54490a          48  # 0xd9f160
L 0x7fedba54490a          48  # 0xd9f060
L 0x7fedbb6efaa9          57  # 0xd9f2b0
L 0x7fedbb6efaa9          55  # 0xd9f340
L 0x7fedbb6efaa9          33  # 0xd9f3e0
L 0x7fedbb6efaa9          62  # 0xd9f390
L 0x7fedba54490a          48  # 0xd9f300
L 0x7fedba54490a          48  # 0xd9f450
L 0x7fedba54490a          48  # 0xd9f4d0
L 0x7fedbb6efaa9          37  # 0xd9f560
L 0x7fedbb6efaa9          58  # 0xd9f510
L 0x7fedbb6efaa9          42  # 0xd9f490
L 0x7fedbb6efaa9          49  # 0xd9f410
L 0x7fedba54490a          48  # 0xd9f5e0
L 0x7fedba54490a          48  # 0xd9f660
L 0x7fedbb6efaa9          33  # 0xd9f6f0
L 0x7fedbb6efaa9          55  # 0xd9f6a0
L 0x7fedbb6efaa9          38  # 0xd9f620
L 0x7fedba54490a          48  # 0xd9f760
L 0x7fedba54490a          48  # 0xd9f7e0
L 0x7fedbb6efaa9          37  # 0xd9f7a0
L 0x7fedbb6efaa9          46  # 0xd9f720
L 0x7fedbb6efaa9          46  # 0xd9f5a0
L 0x7fedbb6efaa9          40  # 0xd9f270
L 0x7fedbb6efaa9          46  # 0xd9f850
L 0x7fedbb6efaa9          54  # 0xd9f8d0
L 0x7fedbb6efaa9          37  # 0xd9f920
L 0x7fedba54490a          48  # 0xd9f890
L 0x7fedba54490a          48  # 0xd9f9a0
L 0x7fedbb6efaa9          50  # 0xd9fa20
L 0x7fedbb6efaa9          37  # 0xd9f9e0
L 0x7fedbb6efaa9          50  # 0xd9f960
L 0x7fedbb6efaa9          36  # 0xd9faa0
L 0x7fedba54490a          48  # 0xd9fb10
L 0x7fedbb6efaa9          44  # 0xd9fad0
L 0x7fedbb6efaa9          45  # 0xd9fb90
L 0x7fedbb6efaa9          44  # 0xd9fc10
L 0x7fedba54490a          48  # 0xd9fbd0
L 0x7fedbb6efaa9          37  # 0xd9fb50
L 0x7fedba54490a          48  # 0xd9fa60
L 0x7fedbb6efaa9          54  # 0xd9fc90
L 0x7fedbb6efaa9          34  # 0xd9fce0
L 0x7fedbb6efaa9          54  # 0xd9fd50
L 0x7fedbb6efaa9          37  # 0xd9fda0
L 0x7fedba54490a          48  # 0xd9fd10
L 0x7fedba54490a          48  # 0xd9fe20
L 0x7fedbb6efaa9          49  # 0xd9fe90
L 0x7fedbb6efaa9          35  # 0xd9fe60
L 0x7fedbb6efaa9          50  # 0xd9fde0
L 0x7fedbb6efaa9          36  # 0xd9ff10
L 0x7fedbb6efaa9          42  # 0xd9ffd0
L 0x7fedba54490a          48  # 0xd9ff40
L 0x7fedba54490a          48  # 0xda0050
L 0x7fedba54490a          48  # 0xda00d0
L 0x7fedbb6efaa9          34  # 0xda0110
L 0x7fedba54490a          48  # 0xda0090
L 0x7fedbb6efaa9          46  # 0xda0010
L 0x7fedba54490a          48  # 0xd9fed0
L 0x7fedba54490a          48  # 0xd9fc50
L 0x7fedbb6efaa9          32  # 0xd9f820
L 0x7fedbb6efaa9          39  # 0xda0170
L 0x7fedbb6efaa9          36  # 0xda01b0
L 0x7fedba54490a          48  # 0xda0210
L 0x7fedbb6efaa9          29  # 0xda0250
L 0x7fedbb6efaa9          29  # 0xda01e0
L 0x7fedbb6efaa9          42  # 0xda02c0
L 0x7fedbb6efaa9          36  # 0xda0300
L 0x7fedbb6efaa9          40  # 0xda0360
L 0x7fedbb6efaa9          29  # 0xda03a0
L 0x7fedbb6efaa9          29  # 0xda0330
L 0x7fedba54490a          48  # 0xda0280
L 0x7fedbb6efaa9          46  # 0xda0410
L 0x7fedbb6efaa9          29  # 0xda0450
L 0x7fedbb6efaa9          37  # 0xda04c0
L 0x7fedbb6efaa9          29  # 0xda0500
L 0x7fedba54490a          48  # 0xda0480
L 0x7fedbb6efaa9          42  # 0xda0570
L 0x7fedbb6efaa9          29  # 0xda05b0
L 0x7fedbb6efaa9          37  # 0xda0620
L 0x7fedbb6efaa9          29  # 0xda0660
L 0x7fedba54490a          48  # 0xda05e0
L 0x7fedba54490a          48  # 0xda0530
L 0x7fedba54490a          48  # 0xda03d0
L 0x7fedbb6efaa9          47  # 0xda06d0
L 0x7fedbb6efaa9          29  # 0xda0710
L 0x7fedbb6efaa9          43  # 0xda0780
L 0x7fedbb6efaa9          29  # 0xda07c0
L 0x7fedba54490a          48  # 0xda0740
L 0x7fedbb6efaa9          48  # 0xda0830
L 0x7fedba54490a          48  # 0xda08a0
L 0x7fedbb6efaa9          29  # 0xda0870
L 0x7fedba54490a          48  # 0xda07f0
L 0x7fedba54490a          48  # 0xda0910
L 0x7fedbb6efaa9          29  # 0xda0990
L 0x7fedbb6efaa9          49  # 0xda0950
L 0x7fedbb6efaa9          47  # 0xda0a40
L 0x7fedbb6efaa9          41  # 0xda0a00
L 0x7fedbb6efaa9          45  # 0xda0af0
L 0x7fedba54490a          48  # 0xda0ab0
L 0x7fedbb6efaa9          29  # 0xda0a80
L 0x7fedba54490a          48  # 0xda09c0
L 0x7fedbb6efaa9          29  # 0xda08e0
L 0x7fedba54490a          48  # 0xda0690
L 0x7fedba54490a          48  # 0xda0ba0
L 0x7fedba54490a          48  # 0xda0b60
L 0x7fedba54490a          48  # 0xda0c50
L 0x7fedba54490a          48  # 0xda0c10
L 0x7fedbb6efaa9          29  # 0xda0be0
L 0x7fedba54490a          48  # 0xda0cf0
L 0x7fedbb6efaa9          29  # 0xda0cc0
L 0x7fedba54490a          48  # 0xda0d90
L 0x7fedbb6efaa9          29  # 0xda0d60
L 0x7fedbb6efaa9          33  # 0xda0d30
L 0x7fedbb6efaa9          36  # 0xda0c90
L 0x7fedba54490a          48  # 0xda0e30
L 0x7fedbb6efaa9          29  # 0xda0e00
L 0x7fedbb6efaa9          40  # 0xda0ed0
L 0x7fedbb6efaa9          29  # 0xda0ea0
L 0x7fedbb6efaa9          34  # 0xda0e70
L 0x7fedbb6efaa9          43  # 0xda0f70
L 0x7fedbb6efaa9          29  # 0xda0f40
L 0x7fedbb6efaa9          39  # 0xda1020
L 0x7fedba54490a          48  # 0xda0fe0
L 0x7fedbb6efaa9          29  # 0xda0fb0
L 0x7fedbb6efaa9          36  # 0xda0f10
L 0x7fedbb6efaa9          34  # 0xda0dd0
L 0x7fedbb6efaa9          40  # 0xda10d0
L 0x7fedba54490a          48  # 0xda1090
L 0x7fedbb6efaa9          40  # 0xda1180
L 0x7fedba54490a          48  # 0xda1140
L 0x7fedbb6efaa9          29  # 0xda1110
L 0x7fedba54490a          48  # 0xda1230
L 0x7fedba54490a          48  # 0xda11f0
L 0x7fedba54490a          48  # 0xda12e0
L 0x7fedba54490a          48  # 0xda12a0
L 0x7fedbb6efaa9          29  # 0xda1270
L 0x7fedbb6efaa9          29  # 0xda11c0
L 0x7fedbb6efaa9          50  # 0xda1380
L 0x7fedbb6efaa9          29  # 0xda1350
L 0x7fedbb6efaa9          29  # 0xda13f0
L 0x7fedbb6efaa9          35  # 0xda13c0
L 0x7fedba54490a          48  # 0xda1450
L 0x7fedbb6efaa9          48  # 0xda14d0
L 0x7fedbb6efaa9          43  # 0xda1490
L 0x7fedbb6efaa9          29  # 0xda1420
L 0x7fedbb6efaa9          36  # 0xda1320
L 0x7fedbb6efaa9          29  # 0xda1060
L 0x7fedbb6efaa9          29  # 0xda0b30
L 0x7fedbb6efaa9          29  # 0xda0140
L 0x7fedba54490a          48  # 0xda1540
L 0x7fedba54490a          48  # 0xda15b0
L 0x7fedbb6efaa9          29  # 0xda1580
L 0x7fedbb6efaa9          37  # 0xda1630
L 0x7fedbb6efaa9          36  # 0xda1670
L 0x7fedba54490a          48  # 0xda16d0
L 0x7fedbb6efaa9          29  # 0xda1710
L 0x7fedbb6efaa9          29  # 0xda16a0
L 0x7fedba54490a          48  # 0xda15f0
L 0x7fedbb6efaa9          40  # 0xda1780
L 0x7fedbb6efaa9          35  # 0xda17c0
L 0x7fedbb6efaa9          39  # 0xda1820
L 0x7fedbb6efaa9          29  # 0xda1860
L 0x7fedbb6efaa9          29  # 0xda17f0
L 0x7fedbb6efaa9          38  # 0xda18d0
L 0x7fedbb6efaa9          29  # 0xda1910
L 0x7fedbb6efaa9          44  # 0xda1980
L 0x7fedbb6efaa9          29  # 0xda19c0
L 0x7fedba54490a          48  # 0xda1940
L 0x7fedba54490a          48  # 0xda1890
L 0x7fedba54490a          48  # 0xda1740
L 0x7fedbb6efaa9          41  # 0xda1a30
L 0x7fedbb6efaa9          29  # 0xda1a70
L 0x7fedba54490a          48  # 0xda1ae0
L 0x7fedbb6efaa9          29  # 0xda1b20
L 0x7fedba54490a          48  # 0xda1aa0
L 0x7fedbb6efaa9          43  # 0xda1b90
L 0x7fedbb6efaa9          36  # 0xda1bd0
L 0x7fedba54490a          48  # 0xda1c30
L 0x7fedbb6efaa9          29  # 0xda1c70
L 0x7fedbb6efaa9          29  # 0xda1c00
L 0x7fedba54490a          48  # 0xda1b50
L 0x7fedbb6efaa9          43  # 0xda1ce0
L 0x7fedbb6efaa9          36  # 0xda1d20
L 0x7fedba54490a          48  # 0xda1d80
L 0x7fedbb6efaa9          29  # 0xda1dc0
L 0x7fedbb6efaa9          29  # 0xda1d50
L 0x7fedbb6efaa9          40  # 0xda1e30
L 0x7fedbb6efaa9          36  # 0xda1e70
L 0x7fedbb6efaa9          43  # 0xda1ed0
L 0x7fedbb6efaa9          29  # 0xda1f10
L 0x7fedbb6efaa9          29  # 0xda1ea0
L 0x7fedba54490a          48  # 0xda1df0
L 0x7fedba54490a          48  # 0xda1ca0
L 0x7fedba54490a          48  # 0xda19f0
L 0x7fedbb6efaa9          48  # 0xda1f80
L 0x7fedba54490a          48  # 0xda1ff0
L 0x7fedbb6efaa9          29  # 0xda1fc0
L 0x7fedba54490a          48  # 0xda2060
L 0x7fedbb6efaa9          39  # 0xda20e0
L 0x7fedbb6efaa9          29  # 0xda2120
L 0x7fedbb6efaa9          40  # 0xda20a0
L 0x7fedbb6efaa9          29  # 0xda2030
L 0x7fedba54490a          48  # 0xda2190
L 0x7fedbb6efaa9          29  # 0xda21d0
L 0x7fedbb6efaa9          29  # 0xda2240
L 0x7fedba54490a          48  # 0xda2200
L 0x7fedbb6efaa9          50  # 0xda22b0
L 0x7fedbb6efaa9          29  # 0xda22f0
L 0x7fedbb6efaa9          29  # 0xda23b0
L 0x7fedba54490a          48  # 0xda2320
L 0x7fedbb6efaa9          46  # 0xda2270
L 0x7fedba54490a          48  # 0xda2150
L 0x7fedbb6efaa9          48  # 0xda2460
L 0x7fedbb6efaa9          40  # 0xda2420
L 0x7fedba54490a          48  # 0xda24d0
L 0x7fedbb6efaa9          29  # 0xda24a0
L 0x7fedba54490a          48  # 0xda2540
L 0x7fedbb6efaa9          39  # 0xda25c0
L 0x7fedbb6efaa9          29  # 0xda2600
L 0x7fedbb6efaa9          47  # 0xda2580
L 0x7fedbb6efaa9          29  # 0xda2510
L 0x7fedbb6efaa9          41  # 0xda2670
L 0x7fedbb6efaa9          29  # 0xda26b0
L 0x7fedbb6efaa9          40  # 0xda2720
L 0x7fedbb6efaa9          29  # 0xda2760
L 0x7fedba54490a          48  # 0xda26e0
L 0x7fedbb6efaa9          49  # 0xda27d0
L 0x7fedba54490a          48  # 0xda2840
L 0x7fedbb6efaa9          29  # 0xda2810
L 0x7fedba54490a          48  # 0xda2790
L 0x7fedba54490a          48  # 0xda2630
L 0x7fedba54490a          48  # 0xda23e0
L 0x7fedba54490a          48  # 0xda1f40
L 0x7fedbb6efaa9          29  # 0xda1510
L 0x7fedbb6efaa9          50  # 0xd9ede0
L 0x7fedba54490a          48  # 0xda28b0
L 0x7fedbb6efaa9          39  # 0xda2930
L 0x7fedbb6efaa9          29  # 0xda2970
L 0x7fedbb6efaa9          41  # 0xda28f0
L 0x7fedbb6efaa9          46  # 0xda29e0
L 0x7fedbb6efaa9          29  # 0xda2a20
L 0x7fedbb6efaa9          47  # 0xda2a90
L 0x7fedbb6efaa9          29  # 0xda2ad0
L 0x7fedba54490a          48  # 0xda2a50
L 0x7fedba54490a          48  # 0xda29a0
L 0x7fedbb6efaa9          44  # 0xda2b40
L 0x7fedbb6efaa9          29  # 0xda2b80
L 0x7fedbb6efaa9          49  # 0xda2bf0
L 0x7fedba54490a          48  # 0xda2bb0
L 0x7fedba54490a          48  # 0xda2c60
L 0x7fedba54490a          48  # 0xda2cd0
L 0x7fedbb6efaa9          29  # 0xda2ca0
L 0x7fedbb6efaa9          29  # 0xda2c30
L 0x7fedba54490a          48  # 0xda2b00
L 0x7fedbb6efaa9          44  # 0xda2d50
L 0x7fedbb6efaa9          29  # 0xda2d90
L 0x7fedbb6efaa9          41  # 0xda2e00
L 0x7fedbb6efaa9          29  # 0xda2e40
L 0x7fedba54490a          48  # 0xda2dc0
L 0x7fedbb6efaa9          42  # 0xda2eb0
L 0x7fedbb6efaa9          29  # 0xda2ef0
L 0x7fedbb6efaa9          39  # 0xda2f60
L 0x7fedbb6efaa9          29  # 0xda2fa0
L 0x7fedba54490a          48  # 0xda2f20
L 0x7fedba54490a          48  # 0xda2e70
L 0x7fedbb6efaa9          45  # 0xda3010
L 0x7fedbb6efaa9          29  # 0xda3050
L 0x7fedbb6efaa9          39  # 0xda30c0
L 0x7fedbb6efaa9          29  # 0xda3100
L 0x7fedba54490a          48  # 0xda3080
L 0x7fedbb6efaa9          41  # 0xda3170
L 0x7fedbb6efaa9          29  # 0xda31b0
L 0x7fedbb6efaa9          46  # 0xda3220
L 0x7fedbb6efaa9          29  # 0xda3260
L 0x7fedba54490a          48  # 0xda31e0
L 0x7fedba54490a          48  # 0xda3130
L 0x7fedba54490a          48  # 0xda2fd0
L 0x7fedbb6efaa9          38  # 0xda2d10
L 0x7fedbb6efaa9          44  # 0xda32d0
L 0x7fedbb6efaa9          29  # 0xda3310
L 0x7fedbb6efaa9          46  # 0xda3380
L 0x7fedbb6efaa9          29  # 0xda33c0
L 0x7fedba54490a          48  # 0xda3340
L 0x7fedbb6efaa9          41  # 0xda3430
L 0x7fedbb6efaa9          29  # 0xda3470
L 0x7fedbb6efaa9          40  # 0xda34e0
L 0x7fedbb6efaa9          29  # 0xda3520
L 0x7fedba54490a          48  # 0xda34a0
L 0x7fedba54490a          48  # 0xda33f0
L 0x7fedbb6efaa9          40  # 0xda3590
L 0x7fedbb6efaa9          29  # 0xda35d0
L 0x7fedbb6efaa9          41  # 0xda3640
L 0x7fedbb6efaa9          29  # 0xda3680
L 0x7fedba54490a          48  # 0xda3600
L 0x7fedbb6efaa9          39  # 0xda36f0
L 0x7fedbb6efaa9          29  # 0xda3730
L 0x7fedbb6efaa9          44  # 0xda37a0
L 0x7fedbb6efaa9          29  # 0xda37e0
L 0x7fedba54490a          48  # 0xda3760
L 0x7fedba54490a          48  # 0xda36b0
L 0x7fedba54490a          48  # 0xda3550
L 0x7fedbb6efaa9          39  # 0xda3850
L 0x7fedbb6efaa9          29  # 0xda3940
L 0x38e3488fe1          40  # 0xda3900
L 0x7fedba54490a          48  # 0xda38c0
L 0x7fedbb6efaa9          29  # 0xda3890
L 0x7fedba5ac427         512  # 0xdacf50
L 0x38e342f05b           8  # 0xda82e0
L 0x38e342f05b           8  # 0xdb0b80
L 0x38e342e3f1          32  # 0xdada20
L 0x7fedbb6efaa9         153  # 0xdad300
L 0x7fedbb6efaa9          67  # 0xdb2c40
L 0x7fedbb6efaa9          32  # 0xdb2af0
L 0x38e3488fe1          40  # 0xdb2a80
L 0x38e342f05b           8  # 0xdb19b0
L 0x38e342f05b          16  # 0xdb0e20
L 0x7fedba56b499         144  # 0xdc5d00
L 0x7fedba544d21          56  # 0xdc6340
L 0x7fedbb6efaa9         719  # 0xdc6a20
L 0x7fedbb6efaa9          44  # 0xdc6930
L 0x7fedbb6efaa9          49  # 0xdb3000
L 0x7fedba54490a          48  # 0xda3970
L 0x7fedba5c912a         144  # 0xdc8650
L 0x7fedba56b499         144  # 0xdc8e80
L 0x7fedba5c912a         144  # 0xdc8b80
L 0x7fedba544d21          56  # 0xdc9280
L 0x7fedba544d21          56  # 0xdc9230
L 0x7fedbb6efaa9          39  # 0xdc93c0
L 0x38e3488fe1          40  # 0xdcce50
L 0x7fedbb6efaa9         105  # 0xdc9790
L 0x7fedba544d21          56  # 0xdc9330
L 0x7fedbb6efaa9          68  # 0xdc6d00
L 0x7fedba597f50          56  # 0xe005d0
L 0x7fedba58c4d2         512  # 0xe015f0
L 0x7fedba58cafc         512  # 0xe00c80
L 0x7fedbb6efaa9          47  # 0xdcd3d0
L 0x7fedba54490a          48  # 0xda3810
L 0x7fedba54490a          48  # 0xda3290
L 0x7fedbb6efaa9          29  # 0xda2880
L 0x7fedbb6efaa9          39  # 0xd9dbf0
# total allocation requests:  16160 ; max. mem used 307 kBytes
# leak  94795 Bytes	:-(
# .. that is 92 kByte!! A lot ..
WORK TIME - 00:00:26.36
