# LeakReport
# from new @ |      size  # Pointer Addr
L 0x3ca0cbe049          33  # 0xa4f4e0
L 0x3ca0cbe049          34  # 0xa3c9a0
L 0x3ca0cbe049          33  # 0xa34be0
L 0x7fe47c5be46a          64  # 0xa09c20
L 0x3ca0cbe049          32  # 0xa509d0
L 0x7fe47c614a7a        6424  # 0xa50db0
L 0x7fe47c5f6dd5         192  # 0xa527b0
L 0x7fe47c5f6d4f         192  # 0xa526e0
L 0x3ca0cbe049          30  # 0xa50a00
L 0x7fe47c5d8d21          56  # 0xa52950
L 0x7fe47c5d8d21          56  # 0xa529a0
L 0x7fe47c5d8d21          56  # 0xa52a30
L 0x3ca0cbe049          39  # 0xa529f0
L 0x3ca0cbe049         105  # 0xa52b10
L 0x3ca0cbe049          30  # 0xa52be0
L 0x3ca0cbe049          35  # 0xa52b90
L 0x3ca0cbe049          32  # 0xa52c10
L 0x3ca0cbe049          42  # 0xa52a80
L 0x3ca0cbe049          35  # 0xa52d10
L 0x3ca0cbe049          33  # 0xa52d40
L 0x3ca0cbe049          42  # 0xa52c40
L 0x7fe47c5f6e61         192  # 0xa52880
L 0x7fe47c5d83bb         256  # 0xa52da0
L 0x3ca0cbe049          35  # 0xa52d70
L 0x7fe47c636d9a         512  # 0xa53010
L 0x7fe47c636eca         512  # 0xa53270
L 0x7fe47c636e98          64  # 0xa53220
L 0x7fe47c636d68          64  # 0xa52f40
L 0x3ca0cbe049          48  # 0xa4f510
L 0x7fe47c636eca         512  # 0xa534d0
L 0x7fe47c636eca         512  # 0xa53730
L 0x7fe47c636e98          64  # 0xa536e0
L 0x7fe47c636ffa         512  # 0xa53990
L 0x7fe47c63712a         512  # 0xa53bf0
L 0x7fe47c6370f8          64  # 0xa53ba0
L 0x7fe47c636fc8          64  # 0xa53940
L 0x7fe47c636e98          64  # 0xa53480
L 0x7fe47c628cab         512  # 0xa53e50
L 0x7fe47c628eea         512  # 0xa540b0
L 0x7fe47c628ec2          64  # 0xa54060
L 0x7fe47c629129         512  # 0xa54310
L 0x7fe47c629368         512  # 0xa54570
L 0x7fe47c629340          64  # 0xa54520
L 0x7fe47c629101          64  # 0xa542c0
L 0x7fe47c6295a7         512  # 0xa547d0
L 0x7fe47c6297f4         512  # 0xa54a30
L 0x7fe47c6297cc          64  # 0xa549e0
L 0x7fe47c636eca         512  # 0xa54c90
L 0x7fe47c629b5b         512  # 0xa54ef0
L 0x7fe47c629b33          64  # 0xa54ea0
L 0x7fe47c636e98          64  # 0xa54c40
L 0x7fe47c62957f          64  # 0xa54780
L 0x7fe47c629cce         512  # 0xa55150
L 0x7fe47c629e41         512  # 0xa553b0
L 0x7fe47c629e19          64  # 0xa55360
L 0x7fe47c629fb4         512  # 0xa55610
L 0x7fe47c62a198         512  # 0xa55870
L 0x7fe47c62a170          64  # 0xa55820
L 0x7fe47c629f8c          64  # 0xa555c0
L 0x7fe47c63725a         512  # 0xa55ad0
L 0x7fe47c63725a         512  # 0xa55d30
L 0x7fe47c637228          64  # 0xa55ce0
L 0x7fe47c62a554         512  # 0xa55f90
L 0x7fe47c63738a         512  # 0xa561f0
L 0x7fe47c637358          64  # 0xa561a0
L 0x7fe47c62a52c          64  # 0xa55f40
L 0x7fe47c637228          64  # 0xa55a80
L 0x7fe47c629ca6          64  # 0xa55100
L 0x7fe47c63738a         512  # 0xa56450
L 0x7fe47c63738a         512  # 0xa566b0
L 0x7fe47c637358          64  # 0xa56660
L 0x7fe47c63738a         512  # 0xa56910
L 0x3ca0cbe049          35  # 0xa56b90
L 0x3ca0cbe049          33  # 0xa56c00
L 0x7fe47c59a942          88  # 0xa56b20
L 0x7fe47c59a9ff          96  # 0xa56dd0
L 0x7fe47c59a98d          72  # 0xa56d70
L 0x7fe47c59ab93         120  # 0xa56f60
L 0x7fe47c59ab21          72  # 0xa56eb0
L 0x7fe47c59ac9a          96  # 0xa57050
L 0x7fe47c59ac28          72  # 0xa56ff0
L 0x7fe47c59aa90          96  # 0xa56e40
L 0x7fe47c637358          64  # 0xa568c0
L 0x7fe47c59b212          96  # 0xa57130
L 0x7fe47c59ae4d          96  # 0xa57230
L 0x7fe47c59adbc          96  # 0xa571c0
L 0x7fe47c59af72          96  # 0xa57310
L 0x7fe47c59aede          96  # 0xa572a0
L 0x7fe47c59b09a          96  # 0xa573f0
L 0x7fe47c59b1c5         112  # 0xa574d0
L 0x7fe47c59b12e          96  # 0xa57460
L 0x7fe47c59b006          96  # 0xa57380
L 0x7fe47c59ad2b          96  # 0xa570c0
L 0x7fe47c59b2a9         200  # 0xa57660
L 0x7fe47c59b465         128  # 0xa577d0
L 0x7fe47c59b3b0         128  # 0xa57740
L 0x7fe47c59b5cf         128  # 0xa578f0
L 0x7fe47c59b752         136  # 0xa57a20
L 0x7fe47c59b68b         136  # 0xa57980
L 0x7fe47c59b51a         128  # 0xa57860
L 0x3ca0cbe049          37  # 0xa57b60
L 0x3ca0cbe049          34  # 0xa57be0
L 0x3ca0cbe049          42  # 0xa57ba0
L 0x3ca0cbe049          33  # 0xa57c40
L 0x3ca0cbe049          32  # 0xa57ca0
L 0x3ca0cbe049          33  # 0xa57c70
L 0x3ca0cbe049          33  # 0xa57c10
L 0x7fe47c59b815         136  # 0xa57ac0
L 0x7fe47c59f606         256  # 0xa57550
L 0x7fe47c637358          64  # 0xa56400
L 0x3ca0cbe049          43  # 0xa59410
L 0x3ca0cbe049          75  # 0xa59450
L 0x3ca0cbe049          97  # 0xa5a080
L 0x3ca0cbe049          48  # 0xa5a140
L 0x3ca0cbe049          61  # 0xa5a0f0
L 0x3ca0cbe049          34  # 0xa594b0
L 0x3ca0cbe049          42  # 0xa5a1d0
L 0x3cd3737431          40  # 0xa5a190
L 0x3ca0cbe049          33  # 0xa5a280
L 0x3ca0cbe049          82  # 0xa5a300
L 0x3cd3737431          16  # 0xa5a360
L 0x3ca0cbe049          30  # 0xa5a2b0
L 0x3ca0cbe049          26  # 0xa5a480
L 0x3ca0cbe049          36  # 0xa5a400
L 0x3ca0cbe049          29  # 0xa5a4e0
L 0x3ca0cbe049          36  # 0xa5a4b0
L 0x3ca0cbe049          26  # 0xa5a3d0
L 0x3ca0cbe049          61  # 0xa5a230
L 0x7fe47c5e301f          64  # 0xa5a570
L 0x7fe47c5e301f          64  # 0xa5a750
L 0x7fe47c5e301f          64  # 0xa5a700
L 0x7fe47c5e301f          64  # 0xa5a5c0
L 0x7fe47c5e301f          64  # 0xa5ab10
L 0x7fe47c5e30ad          64  # 0xa5aa70
L 0x7fe47c5e33ce          88  # 0xa5ac00
L 0x7fe47c5e301f          64  # 0xa5ac70
L 0x7fe47c5e301f          64  # 0xa5ab60
L 0x7fe47c5e301f          64  # 0xa5a890
L 0x7fe47c5e301f          64  # 0xa5ad10
L 0x7fe47c5e301f          64  # 0xa5acc0
L 0x7fe47c5e30ad          64  # 0xa5adb0
L 0x7fe47c5e30ad          64  # 0xa5ae00
L 0x7fe47c5e301f          64  # 0xa5ad60
L 0x3ca0cbe049          60  # 0xa5a520
L 0x7fe47c5e301f          64  # 0xa5af40
L 0x7fe47c5e33ce          88  # 0xa5b080
L 0x7fe47c5e30ad          64  # 0xa5b030
L 0x7fe47c5e301f          64  # 0xa5b0f0
L 0x7fe47c5e301f          64  # 0xa5b190
L 0x7fe47c5e301f          64  # 0xa5b140
L 0x7fe47c5e30ad          64  # 0xa5b230
L 0x7fe47c5e30ad          64  # 0xa5b2d0
L 0x7fe47c5e301f          64  # 0xa5b320
L 0x7fe47c5e30ad          64  # 0xa5b280
L 0x7fe47c5e301f          64  # 0xa5b1e0
L 0x7fe47c5e30ad          64  # 0xa5ae50
L 0x7fe47c5e33ce          88  # 0xa5b690
L 0x7fe47c5e301f          64  # 0xa5b750
L 0x7fe47c5e301f          64  # 0xa5b700
L 0x7fe47c5e301f          64  # 0xa5b7f0
L 0x7fe47c5e30ad          64  # 0xa5b890
L 0x7fe47c5e301f          64  # 0xa5b840
L 0x7fe47c5e301f          64  # 0xa5b7a0
L 0x7fe47c5e301f          64  # 0xa5b930
L 0x7fe47c5e30ad          64  # 0xa5b9d0
L 0x7fe47c5e30ad          64  # 0xa5b980
L 0x7fe47c5e30ad          64  # 0xa5ba70
L 0x7fe47c5e301f          64  # 0xa5bb30
L 0x7fe47c5e33ce          88  # 0xa5bac0
L 0x7fe47c5e301f          64  # 0xa5ba20
L 0x7fe47c5e30ad          64  # 0xa5b8e0
L 0x7fe47c5e30ad          64  # 0xa5b370
L 0x7fe47c5e301f          64  # 0xa5bbd0
L 0x7fe47c5e301f          64  # 0xa5bc70
L 0x7fe47c5e301f          64  # 0xa5bc20
L 0x7fe47c5e30ad          64  # 0xa5bd10
L 0x7fe47c5e30ad          64  # 0xa5bdb0
L 0x7fe47c5e301f          64  # 0xa5bd60
L 0x7fe47c5e30ad          64  # 0xa5bcc0
L 0x7fe47c5e301f          64  # 0xa5be50
L 0x7fe47c5e33ce          88  # 0xa5bef0
L 0x7fe47c5e30ad          64  # 0xa5bea0
L 0x7fe47c5e301f          64  # 0xa5bfb0
L 0x7fe47c5e301f          64  # 0xa5c050
L 0x7fe47c5e301f          64  # 0xa5c000
L 0x7fe47c5e301f          64  # 0xa5bf60
L 0x7fe47c5e30ad          64  # 0xa5be00
L 0x7fe47c5e30ad          64  # 0xa5c0f0
L 0x7fe47c5e301f          64  # 0xa5c190
L 0x7fe47c5e30ad          64  # 0xa5c140
L 0x7fe47c5e30ad          64  # 0xa5c230
L 0x7fe47c5e30ad          64  # 0xa5c2d0
L 0x7fe47c5e301f          64  # 0xa5c280
L 0x7fe47c5e30ad          64  # 0xa5c1e0
L 0x7fe47c5e301f          64  # 0xa5c390
L 0x7fe47c5e301f          64  # 0xa5c430
L 0x7fe47c5e301f          64  # 0xa5c3e0
L 0x7fe47c5e301f          64  # 0xa5c4d0
L 0x7fe47c5e30ad          64  # 0xa5c570
L 0x7fe47c5e30ad          64  # 0xa5c520
L 0x7fe47c5e301f          64  # 0xa5c480
L 0x7fe47c5e30ad          64  # 0xa5c610
L 0x7fe47c5e301f          64  # 0xa5c6b0
L 0x7fe47c5e30ad          64  # 0xa5c700
L 0x7fe47c5e30ad          64  # 0xa5c660
L 0x3ca0cbe049          26  # 0xa5c8a0
L 0x3ca0cbe049          39  # 0xa5c8d0
L 0x3ca0cbe049          39  # 0xa5c810
L 0x3ca0cbe049          26  # 0xa5ca20
L 0x3ca0cbe049          40  # 0xa5c990
L 0x3ca0cbe049          48  # 0xa5cae0
L 0x3ca0cbe049          40  # 0xa5ca50
L 0x3ca0cbe049          28  # 0xa5c960
L 0x7fe47c5e33ce          88  # 0xa5c750
L 0x7fe47c5e301f          64  # 0xa5c5c0
L 0x7fe47c5e33ce          88  # 0xa5c320
L 0x3ca0cbe049          36  # 0xa5cc60
L 0x3ca0cbe049          45  # 0xa5cbb0
L 0x3ca0cbe049          29  # 0xa5cd10
L 0x3ca0cbe049          30  # 0xa5cc90
L 0x3ca0cbe049          26  # 0xa5cdc0
L 0x3ca0cbe049          36  # 0xa5cdf0
L 0x3ca0cbe049          26  # 0xa5cf30
L 0x3ca0cbe049          39  # 0xa5cea0
L 0x3ca0cbe049          29  # 0xa5ce70
L 0x3ca0cbe049          36  # 0xa5cd40
L 0x3ca0cbe049          30  # 0xa5cff0
L 0x3ca0cbe049          26  # 0xa5d0a0
L 0x3ca0cbe049          40  # 0xa5d0d0
L 0x3ca0cbe049          31  # 0xa5d020
L 0x3ca0cbe049          40  # 0xa5d220
L 0x3ca0cbe049          40  # 0xa5d190
L 0x3ca0cbe049          44  # 0xa5d290
L 0x3ca0cbe049          36  # 0xa5d260
L 0x3ca0cbe049          26  # 0xa5d160
L 0x3ca0cbe049          39  # 0xa5cf60
L 0x3ca0cbe049          29  # 0xa5cb80
L 0x7fe47c5e301f          64  # 0xa5c0a0
L 0x7fe47c5e301f          64  # 0xa5bb80
L 0x3cd37378de         128  # 0xa57cd0
L 0x7fe47c628c83          64  # 0xa53e00
L 0x3ca0cbe049          35  # 0xa5d450
L 0x3ca0cbe049          41  # 0xa5d3c0
L 0x3ca0cbe049          36  # 0xa5d510
L 0x3ca0cbe049          40  # 0xa5d480
L 0x3ca0cbe049          36  # 0xa5d5d0
L 0x3ca0cbe049          41  # 0xa5d600
L 0x3ca0cbe049          33  # 0xa5d750
L 0x3ca0cbe049          43  # 0xa5d6c0
L 0x3ca0cbe049          36  # 0xa5d690
L 0x3ca0cbe049          40  # 0xa5d540
L 0x3ca0cbe049          32  # 0xa5d810
L 0x3ca0cbe049          34  # 0xa5d8d0
L 0x3ca0cbe049          42  # 0xa5d900
L 0x3ca0cbe049          43  # 0xa5d840
L 0x3ca0cbe049          33  # 0xa5da50
L 0x3ca0cbe049          41  # 0xa5d9c0
L 0x3ca0cbe049          35  # 0xa5db10
L 0x3ca0cbe049          43  # 0xa5da80
L 0x3ca0cbe049          33  # 0xa5d990
L 0x3ca0cbe049          39  # 0xa5d780
L 0x3ca0cbe049          43  # 0xa5dbd0
L 0x3ca0cbe049          35  # 0xa5dc10
L 0x3ca0cbe049          35  # 0xa5dd40
L 0x3ca0cbe049          44  # 0xa5dc40
L 0x3ca0cbe049          35  # 0xa5de00
L 0x3ca0cbe049          40  # 0xa5de30
L 0x3ca0cbe049          36  # 0xa5df80
L 0x3ca0cbe049          40  # 0xa5def0
L 0x3ca0cbe049          36  # 0xa5dec0
L 0x3ca0cbe049          41  # 0xa5dd70
L 0x3ca0cbe049          36  # 0xa5e040
L 0x3ca0cbe049          33  # 0xa5e100
L 0x3ca0cbe049          39  # 0xa5e130
L 0x3ca0cbe049          43  # 0xa5e070
L 0x3ca0cbe049          34  # 0xa5e280
L 0x3ca0cbe049          43  # 0xa5e1f0
L 0x3ca0cbe049          36  # 0xa5e340
L 0x3ca0cbe049          42  # 0xa5e2b0
L 0x3ca0cbe049          34  # 0xa5e1c0
L 0x3ca0cbe049          41  # 0xa5dfb0
L 0x3ca0cbe049          42  # 0xa5db40
L 0x3ca0cbe049          36  # 0xa5e400
L 0x3ca0cbe049          43  # 0xa5e430
L 0x3ca0cbe049          41  # 0xa5e580
L 0x3ca0cbe049          42  # 0xa5e4f0
L 0x3ca0cbe049          34  # 0xa5e4c0
L 0x3ca0cbe049          44  # 0xa5e5f0
L 0x3ca0cbe049          35  # 0xa5e7b0
L 0x3ca0cbe049          41  # 0xa5e720
L 0x3ca0cbe049          33  # 0xa5e6f0
L 0x3ca0cbe049          36  # 0xa5e5c0
L 0x3ca0cbe049          36  # 0xa5e870
L 0x3ca0cbe049          36  # 0xa5e930
L 0x3ca0cbe049          41  # 0xa5e960
L 0x3ca0cbe049          40  # 0xa5e8a0
L 0x3ca0cbe049          33  # 0xa5eab0
L 0x3ca0cbe049          43  # 0xa5ea20
L 0x3ca0cbe049          32  # 0xa5eb70
L 0x3ca0cbe049          39  # 0xa5eae0
L 0x3ca0cbe049          36  # 0xa5e9f0
L 0x3ca0cbe049          40  # 0xa5e7e0
L 0x3ca0cbe049          34  # 0xa5ec30
L 0x3ca0cbe049          42  # 0xa5ec60
L 0x3ca0cbe049          33  # 0xa5edb0
L 0x3ca0cbe049          41  # 0xa5ed20
L 0x3ca0cbe049          36  # 0xa5ecf0
L 0x3ca0cbe049          35  # 0xa5ee70
L 0x3ca0cbe049          38  # 0xa5ef30
L 0x3ca0cbe049          36  # 0xa5ef70
L 0x3ca0cbe049          42  # 0xa5eea0
L 0x3ca0cbe049          43  # 0xa5ede0
L 0x3ca0cbe049          36  # 0xa5f0a0
L 0x3ca0cbe049          35  # 0xa5f160
L 0x3ca0cbe049          40  # 0xa5f190
L 0x3ca0cbe049          41  # 0xa5f0d0
L 0x3ca0cbe049          36  # 0xa5f2e0
L 0x3ca0cbe049          40  # 0xa5f250
L 0x3ca0cbe049          36  # 0xa5f3a0
L 0x3ca0cbe049          41  # 0xa5f310
L 0x3ca0cbe049          36  # 0xa5f220
L 0x3ca0cbe049          44  # 0xa5efa0
L 0x3ca0cbe049          43  # 0xa5eba0
L 0x3ca0cbe049          41  # 0xa5e370
L 0x3ca0cbe049          33  # 0xa5f460
L 0x3ca0cbe049          39  # 0xa5f490
L 0x3ca0cbe049          34  # 0xa5f5e0
L 0x3ca0cbe049          43  # 0xa5f550
L 0x3ca0cbe049          32  # 0xa5f520
L 0x3ca0cbe049          33  # 0xa5f6a0
L 0x3ca0cbe049          33  # 0xa5f760
L 0x3ca0cbe049          43  # 0xa5f790
L 0x3ca0cbe049          41  # 0xa5f6d0
L 0x3ca0cbe049          42  # 0xa5f610
L 0x3ca0cbe049          40  # 0xa5f8e0
L 0x3ca0cbe049          42  # 0xa5f850
L 0x3ca0cbe049          44  # 0xa5f950
L 0x3ca0cbe049          36  # 0xa5f920
L 0x3ca0cbe049          35  # 0xa5fb10
L 0x3ca0cbe049          41  # 0xa5fa80
L 0x3ca0cbe049          36  # 0xa5fbd0
L 0x3ca0cbe049          40  # 0xa5fb40
L 0x3ca0cbe049          36  # 0xa5fa50
L 0x3ca0cbe049          35  # 0xa5f820
L 0x3ca0cbe049          36  # 0xa5fc90
L 0x3ca0cbe049          41  # 0xa5fcc0
L 0x3ca0cbe049          33  # 0xa5fe10
L 0x3ca0cbe049          43  # 0xa5fd80
L 0x3ca0cbe049          36  # 0xa5fd50
L 0x3ca0cbe049          32  # 0xa5fed0
L 0x3ca0cbe049          34  # 0xa5ff90
L 0x3ca0cbe049          42  # 0xa5ffc0
L 0x3ca0cbe049          43  # 0xa5ff00
L 0x3ca0cbe049          39  # 0xa5fe40
L 0x3ca0cbe049          33  # 0xa60110
L 0x3ca0cbe049          41  # 0xa60080
L 0x3ca0cbe049          35  # 0xa601d0
L 0x3ca0cbe049          43  # 0xa60140
L 0x3ca0cbe049          34  # 0xa60290
L 0x3ca0cbe049          31  # 0xa602c0
L 0x3ca0cbe049          26  # 0xa60410
L 0x3ca0cbe049          30  # 0xa603e0
L 0x3ca0cbe049          29  # 0xa602f0
L 0x3ca0cbe049          42  # 0xa60200
L 0x3ca0cbe049          33  # 0xa60050
L 0x3ca0cbe049          40  # 0xa5fc00
L 0x3ca0cbe049          26  # 0xa60530
L 0x3ca0cbe049          28  # 0xa605f0
L 0x3ca0cbe049          38  # 0xa60560
L 0x3ca0cbe049          29  # 0xa606b0
L 0x3ca0cbe049          35  # 0xa606e0
L 0x3ca0cbe049          36  # 0xa60810
L 0x3ca0cbe049          41  # 0xa60710
L 0x3ca0cbe049          38  # 0xa60620
L 0x3ca0cbe049          36  # 0xa608d0
L 0x3ca0cbe049          43  # 0xa60900
L 0x3ca0cbe049          40  # 0xa60a50
L 0x3ca0cbe049          43  # 0xa609c0
L 0x3ca0cbe049          33  # 0xa60990
L 0x3ca0cbe049          40  # 0xa60ad0
L 0x7fe47c5e301f          64  # 0xa60cb0
L 0x3ca0cbe049          53  # 0xa60c10
L 0x3ca0cbe049          39  # 0xa60bd0
L 0x3ca0cbe049          39  # 0xa60a90
L 0x7fe47c5e301f          64  # 0xa60d50
L 0x7fe47c5e301f          64  # 0xa60df0
L 0x7fe47c5e301f          64  # 0xa60da0
L 0x7fe47c5e301f          64  # 0xa60d00
L 0x3ca0cbe049          41  # 0xa60840
L 0x7fe47c5e30ad          64  # 0xa60e90
L 0x7fe47c5e30ad          64  # 0xa60f30
L 0x7fe47c5e301f          64  # 0xa60ee0
L 0x7fe47c5e301f          64  # 0xa60fd0
L 0x7fe47c5e33ce          88  # 0xa61070
L 0x7fe47c5e30ad          64  # 0xa61020
L 0x7fe47c5e30ad          64  # 0xa60f80
L 0x7fe47c5e30ad          64  # 0xa60e40
L 0x3ca0cbe049          33  # 0xa60440
L 0x3ca0cbe049          43  # 0xa5f3d0
L 0x7fe47c5e33ce          88  # 0xa61150
L 0x3ca0cbe049          53  # 0xa794e0
L 0x3ca0cbe049          34  # 0xa79530
L 0x3ca0cbe049          30  # 0xa7d160
L 0x3ca0cbe049          45  # 0xa7d120
L 0x7fe47c5e33ce          88  # 0xa611c0
L 0x3ca0cbe049          46  # 0xa7d630
L 0x3ca0cbe049          92  # 0xa7d6d0
L 0x3ca0cbe049          38  # 0xa7d670
L 0x7fe47c5f7e76          80  # 0xa7d5d0
L 0x7fe47c5e301f          64  # 0xa7d7b0
L 0x7fe47c5e2aa2          64  # 0xa7d850
L 0x7fe47c5e2aa2          64  # 0xa7d800
L 0x7fe47c5e2aa2          64  # 0xa7d8f0
L 0x7fe47c5e2aa2          64  # 0xa7d9e0
L 0x7fe47c5e2aa2          64  # 0xa7d990
L 0x7fe47c5e2aa2          64  # 0xa7d940
L 0x3ca0cbe049          46  # 0xa7dae0
L 0x7fe47c5f7e76          80  # 0xa7da80
L 0x7fe47c5e33ce          88  # 0xa7db70
L 0x7fe47c5e2aa2          64  # 0xa7db20
L 0x7fe47c5e2aa2          64  # 0xa7da30
L 0x7fe47c5e2aa2          64  # 0xa7d8a0
L 0x7fe47c5e33ce          88  # 0xa7d740
L 0x7fe47c5e301f          64  # 0xa7dc30
L 0x7fe47c5e301f          64  # 0xa7dcf0
L 0x7fe47c5e33ce          88  # 0xa7dc80
L 0x7fe47c5e33ce          88  # 0xa7dd90
L 0x7fe47c5e301f          64  # 0xa7de00
L 0x7fe47c5e301f          64  # 0xa7dd40
L 0x3ca0cbe049          53  # 0xa7dea0
L 0x7fe47c5e33ce          88  # 0xa7df90
L 0x3ca0cbe049          26  # 0xa7df40
L 0x7fe47c5e301f          64  # 0xa7de50
L 0x7fe47c5e301f          64  # 0xa7e050
L 0x7fe47c5e2aa2          64  # 0xa7e0f0
L 0x7fe47c5e301f          64  # 0xa7e200
L 0x7fe47c5e33ce          88  # 0xa7e190
L 0x3ca0cbe049          28  # 0xa7e2e0
L 0x3ca0cbe049          30  # 0xa7e3c0
L 0x3ca0cbe049          49  # 0xa7e330
L 0x3ca0cbe049          38  # 0xa7e250
L 0x7fe47c5e30ad          64  # 0xa7e0a0
L 0x3ca0cbe049          30  # 0xa7e470
L 0x3ca0cbe049          30  # 0xa7e530
L 0x3ca0cbe049          39  # 0xa7e5a0
L 0x3ca0cbe049          39  # 0xa7e560
L 0x3ca0cbe049          39  # 0xa7e4a0
L 0x3ca0cbe049          33  # 0xa7e3f0
L 0x7fe47c5e301f          64  # 0xa7e000
L 0x7fe47c5e301f          64  # 0xa7dbe0
L 0x3ca0cbe049          29  # 0xa7e6b0
L 0x3ca0cbe049          37  # 0xa7e620
L 0x3ca0cbe049          30  # 0xa7e770
L 0x3ca0cbe049          38  # 0xa7e6e0
L 0x3ca0cbe049          29  # 0xa7e830
L 0x3ca0cbe049          32  # 0xa7e860
L 0x3ca0cbe049          30  # 0xa7e9a0
L 0x3ca0cbe049          47  # 0xa7e910
L 0x3ca0cbe049          29  # 0xa7e8e0
L 0x3ca0cbe049          42  # 0xa7e7a0
L 0x3ca0cbe049          28  # 0xa7ea60
L 0x3ca0cbe049          31  # 0xa7eb20
L 0x3ca0cbe049          26  # 0xa7ebd0
L 0x3ca0cbe049          35  # 0xa7eb50
L 0x3ca0cbe049          39  # 0xa7ea90
L 0x3ca0cbe049          38  # 0xa7e9d0
L 0x7fe47c65cff1          88  # 0xa7ec40
L 0x3ca0cbe049          35  # 0xa7ecf0
L 0x3ca0cbe049          39  # 0xa7ee80
L 0x3ca0cbe049          35  # 0xa7ef80
L 0x3ca0cbe049          30  # 0xa7ef50
L 0x3ca0cbe049          41  # 0xa7ef10
L 0x3ca0cbe049          30  # 0xa7f4c0
L 0x3ca0cbe049          38  # 0xa7f4f0
L 0x3ca0cbe049          32  # 0xa7f640
L 0x3ca0cbe049          39  # 0xa7f5b0
L 0x3ca0cbe049          28  # 0xa7f580
L 0x3ca0cbe049          37  # 0xa7f6a0
L 0x7fe47c5e33ce          88  # 0xa7f6e0
L 0x3ca0cbe049          27  # 0xa7f860
L 0x3ca0cbe049          37  # 0xa7f7d0
L 0x3ca0cbe049          28  # 0xa7f7a0
L 0x3ca0cbe049          29  # 0xa7f670
L 0x3ca0cbe049          97  # 0xa7f400
L 0x3ca0cbe049          29  # 0xa7f920
L 0x3ca0cbe049          29  # 0xa7f9e0
L 0x3ca0cbe049          38  # 0xa7f950
L 0x3ca0cbe049          56  # 0xa7fa70
L 0x3ca0cbe049          36  # 0xa7fac0
L 0x3ca0cbe049          75  # 0xa7fa10
L 0x3ca0cbe049          39  # 0xa7f890
L 0x3ca0cbe049          35  # 0xa7fb30
L 0x3ca0cbe049          26  # 0xa7fb80
L 0x3ca0cbe049          55  # 0xa7fbb0
L 0x3ca0cbe049          44  # 0xa7faf0
L 0x3ca0cbe049          56  # 0xa7fc80
L 0x3ca0cbe049          35  # 0xa7fd20
L 0x3ca0cbe049          33  # 0xa7fda0
L 0x3ca0cbe049          56  # 0xa7fd50
L 0x3ca0cbe049          29  # 0xa7fcd0
L 0x3ca0cbe049          30  # 0xa7fc00
L 0x3ca0cbe049          56  # 0xa7fec0
L 0x3ca0cbe049          36  # 0xa7fe70
L 0x3ca0cbe049          43  # 0xa7ff40
L 0x3ca0cbe049          36  # 0xa7ffc0
L 0x3ca0cbe049          31  # 0xa7ff90
L 0x3ca0cbe049          36  # 0xa7ff10
L 0x3ca0cbe049          36  # 0xa80100
L 0x3ca0cbe049          37  # 0xa80070
L 0x3ca0cbe049          35  # 0xa80180
L 0x3ca0cbe049          26  # 0xa80240
L 0x3ca0cbe049          35  # 0xa801f0
L 0x3ca0cbe049          46  # 0xa801b0
L 0x3ca0cbe049          55  # 0xa80130
L 0x3ca0cbe049          29  # 0xa80040
L 0x3ca0cbe049          55  # 0xa7fe20
L 0x3ca0cbe049          41  # 0xa7ec00
L 0x3ca0cbe049          30  # 0xa7e5f0
L 0x7fe47c5e33ce          88  # 0xa610e0
L 0x3ca0cbe049          36  # 0xa5d390
L 0x7fe47c5e2aa2          64  # 0xa802a0
L 0x7fe47c5e2aa2          64  # 0xa802f0
L 0x7fe47c5f7e76          80  # 0xa803e0
L 0x3ca0cbe049          71  # 0xa80380
L 0x3ca0cbe049          31  # 0xa80470
L 0x3ca0cbe049          35  # 0xa80440
L 0x3ca0cbe049          41  # 0xa80340
L 0x3ca0cbe049          26  # 0xa80520
L 0x7fe47c5f7e76          80  # 0xa80590
L 0x3ca0cbe049          47  # 0xa80600
L 0x3ca0cbe049          40  # 0xa80680
L 0x3ca0cbe049          27  # 0xa80650
L 0x3ca0cbe049          38  # 0xa80550
L 0x3ca0cbe049          33  # 0xa804f0
L 0x3ca0cbe049          26  # 0xa80740
L 0x3ca0cbe049          27  # 0xa80830
L 0x3ca0cbe049          35  # 0xa807b0
L 0x3ca0cbe049          41  # 0xa808a0
L 0x3ca0cbe049          27  # 0xa80870
L 0x3ca0cbe049          39  # 0xa80770
L 0x3ca0cbe049          48  # 0xa80960
L 0x3ca0cbe049          29  # 0xa809d0
L 0x3ca0cbe049          29  # 0xa80a50
L 0x3ca0cbe049          64  # 0xa80a00
L 0x3ca0cbe049          38  # 0xa80ad0
L 0x3ca0cbe049          50  # 0xa80a90
L 0x3ca0cbe049          36  # 0xa809a0
L 0x3ca0cbe049          40  # 0xa80c30
L 0x3ca0cbe049          35  # 0xa80bb0
L 0x3ca0cbe049          37  # 0xa80ca0
L 0x3ca0cbe049          29  # 0xa80c70
L 0x3ca0cbe049          29  # 0xa80d60
L 0x3ca0cbe049          29  # 0xa80e50
L 0x3ca0cbe049          33  # 0xa80dd0
L 0x3ca0cbe049          33  # 0xa80da0
L 0x3ca0cbe049          29  # 0xa80ce0
L 0x3ca0cbe049          55  # 0xa80b60
L 0x3ca0cbe049          42  # 0xa80e80
L 0x3ca0cbe049          32  # 0xa80930
L 0x3ca0cbe049          34  # 0xa80710
L 0x7fe47c5f7e76          80  # 0xa80f60
L 0x3ca0cbe049          30  # 0xa80fd0
L 0x3ca0cbe049          27  # 0xa81080
L 0x3ca0cbe049          35  # 0xa81000
L 0x7fe47c5e33ce          88  # 0xa810f0
L 0x3ca0cbe049          29  # 0xa810b0
L 0x7fe47c5e301f          64  # 0xa811b0
L 0x7fe47c5e301f          64  # 0xa81250
L 0x7fe47c5e301f          64  # 0xa81200
L 0x7fe47c5e301f          64  # 0xa81160
L 0x7fe47c5e2aa2          64  # 0xa80f10
L 0x7fe47c5e301f          64  # 0xa812f0
L 0x7fe47c5e30ad          64  # 0xa81390
L 0x7fe47c5e30ad          64  # 0xa81340
L 0x7fe47c5e301f          64  # 0xa81430
L 0x7fe47c5e30ad          64  # 0xa814d0
L 0x7fe47c5e30ad          64  # 0xa81480
L 0x7fe47c5e30ad          64  # 0xa813e0
L 0x7fe47c5e301f          64  # 0xa812a0
L 0x3ca0cbe049          32  # 0xa80270
L 0x7fe47c5e30ad          64  # 0xa81570
L 0x7fe47c5e301f          64  # 0xa81610
L 0x7fe47c5e33ce          88  # 0xa81930
L 0x7fe47c5e30ad          64  # 0xa81660
L 0x7fe47c5e30ad          64  # 0xa815c0
L 0x7fe47c5e301f          64  # 0xa819f0
L 0x7fe47c5e30ad          64  # 0xa81a90
L 0x7fe47c5e30ad          64  # 0xa81ae0
L 0x7fe47c5e301f          64  # 0xa81bf0
L 0x7fe47c5e33ce          88  # 0xa81b80
L 0x7fe47c5e301f          64  # 0xa81c90
L 0x7fe47c5e30ad          64  # 0xa81ce0
L 0x7fe47c5e301f          64  # 0xa81c40
L 0x7fe47c5e301f          64  # 0xa81a40
L 0x7fe47c5e301f          64  # 0xa819a0
L 0x3ca0cbe049          54  # 0xa81d80
L 0x3ca0cbe049          61  # 0xa82250
L 0x3ca0cbe049          43  # 0xa81dd0
L 0x7fe47c5d890a          48  # 0xa82340
L 0x3ca0cbe049          42  # 0xa82300
L 0x7fe47c5d890a          48  # 0xa823b0
L 0x7fe47c5d890a          48  # 0xa82460
L 0x3ca0cbe049          29  # 0xa82430
L 0x3ca0cbe049          49  # 0xa823f0
L 0x7fe47c5d890a          48  # 0xa824f0
L 0x3ca0cbe049          43  # 0xa836c0
L 0x3ca0cbe049          47  # 0xa82530
L 0x3ca0cbe049          29  # 0xa83750
L 0x3ca0cbe049          48  # 0xa83780
L 0x3ca0cbe049          69  # 0xa837c0
L 0x3ca0cbe049          45  # 0xa824b0
L 0x3ca0cbe049          29  # 0xa82380
L 0x3ca0cbe049          49  # 0xa838a0
L 0x3ca0cbe049          29  # 0xa83870
L 0x3ca0cbe049          33  # 0xa839a0
L 0x3ca0cbe049          51  # 0xa839d0
L 0x3ca0cbe049          29  # 0xa83b20
L 0x3ca0cbe049          47  # 0xa83a90
L 0x3ca0cbe049          29  # 0xa83a60
L 0x3ca0cbe049          27  # 0xa83be0
L 0x3ca0cbe049          48  # 0xa83cd0
L 0x3ca0cbe049          26  # 0xa83ca0
L 0x3ca0cbe049          39  # 0xa83c10
L 0x3ca0cbe049          48  # 0xa83b50
L 0x3ca0cbe049          51  # 0xa83910
L 0x3ca0cbe049          33  # 0xa83e20
L 0x3ca0cbe049          48  # 0xa83d90
L 0x3ca0cbe049          29  # 0xa83ee0
L 0x3ca0cbe049          38  # 0xa83e50
L 0x3ca0cbe049          29  # 0xa83fa0
L 0x3ca0cbe049          44  # 0xa83fd0
L 0x3ca0cbe049          34  # 0xa84120
L 0x3ca0cbe049          42  # 0xa84090
L 0x3ca0cbe049          32  # 0xa84060
L 0x3ca0cbe049          39  # 0xa83f10
L 0x3ca0cbe049          26  # 0xa83d60
L 0x3ca0cbe049          29  # 0xa838e0
L 0x7fe47c5e30ad          64  # 0xa81d30
L 0x7fe47c5e301f          64  # 0xa81520
L 0x3ca0cbe049          29  # 0xa841d0
L 0x3ca0cbe049          39  # 0xa842c0
L 0x3ca0cbe049          32  # 0xa84290
L 0x3ca0cbe049          42  # 0xa84200
L 0x3ca0cbe049          44  # 0xa843e0
L 0x3ca0cbe049          30  # 0xa84530
L 0x3ca0cbe049          40  # 0xa844a0
L 0x3ca0cbe049          29  # 0xa84470
L 0x3ca0cbe049          44  # 0xa84350
L 0x3ca0cbe049          30  # 0xa845f0
L 0x3ca0cbe049          42  # 0xa846e0
L 0x3ca0cbe049          29  # 0xa846b0
L 0x3ca0cbe049          40  # 0xa84620
L 0x3ca0cbe049          49  # 0xa847a0
L 0x3ca0cbe049          32  # 0xa84830
L 0x3ca0cbe049          35  # 0xa847e0
L 0x3ca0cbe049          29  # 0xa848f0
L 0x3ca0cbe049          45  # 0xa84860
L 0x3ca0cbe049          29  # 0xa84770
L 0x3ca0cbe049          46  # 0xa84560
L 0x3ca0cbe049          32  # 0xa849b0
L 0x3ca0cbe049          45  # 0xa849e0
L 0x3ca0cbe049          32  # 0xa84b30
L 0x3ca0cbe049          46  # 0xa84aa0
L 0x3ca0cbe049          29  # 0xa84a70
L 0x3ca0cbe049          29  # 0xa84bf0
L 0x3ca0cbe049          28  # 0xa84cc0
L 0x3ca0cbe049          36  # 0xa84d30
L 0x3ca0cbe049          50  # 0xa84cf0
L 0x3ca0cbe049          53  # 0xa84c20
L 0x3ca0cbe049          42  # 0xa84b60
L 0x3ca0cbe049          28  # 0xa84e40
L 0x3ca0cbe049          50  # 0xa84db0
L 0x3ca0cbe049          27  # 0xa84f00
L 0x3ca0cbe049          50  # 0xa84e70
L 0x3ca0cbe049          28  # 0xa84fd0
L 0x7fe47c5e301f          64  # 0xa85040
L 0x3ca0cbe049          47  # 0xa85000
L 0x3ca0cbe049          28  # 0xa85160
L 0x3ca0cbe049          58  # 0xa850c0
L 0x3ca0cbe049          27  # 0xa85090
L 0x3ca0cbe049          61  # 0xa84f30
L 0x3ca0cbe049          27  # 0xa84d80
L 0x3ca0cbe049          49  # 0xa84920
L 0x3ca0cbe049          27  # 0xa85230
L 0x3ca0cbe049          30  # 0xa852f0
L 0x3ca0cbe049          56  # 0xa85320
L 0x3ca0cbe049          52  # 0xa85260
L 0x3ca0cbe049          48  # 0xa853f0
L 0x3ca0cbe049          29  # 0xa85480
L 0x3ca0cbe049          37  # 0xa85430
L 0x3ca0cbe049          29  # 0xa85540
L 0x3ca0cbe049          51  # 0xa854b0
L 0x3ca0cbe049          29  # 0xa853c0
L 0x3ca0cbe049          57  # 0xa85630
L 0x3ca0cbe049          28  # 0xa85600
L 0x3ca0cbe049          27  # 0xa85790
L 0x3ca0cbe049          49  # 0xa85700
L 0x3ca0cbe049          27  # 0xa856d0
L 0x3ca0cbe049          28  # 0xa85850
L 0x7fe47c65cff1          88  # 0xa85e50
L 0x3ca0cbe049          52  # 0xa85880
L 0x3ca0cbe049          52  # 0xa857c0
L 0x3ca0cbe049          51  # 0xa85570
L 0x7fe47c5d890a          48  # 0xa86190
L 0x3ca0cbe049          29  # 0xa86310
L 0x7fe47c5d890a          48  # 0xa86210
L 0x7fe47c5d890a          48  # 0xa86340
L 0x3ca0cbe049          52  # 0xa86410
L 0x3ca0cbe049          44  # 0xa86380
L 0x3ca0cbe049          45  # 0xa861d0
L 0x3ca0cbe049          48  # 0xa85f50
L 0x3ca0cbe049          33  # 0xa86490
L 0x3ca0cbe049          35  # 0xa86500
L 0x7fe47c5d890a          48  # 0xa864c0
L 0x7fe47c5d890a          48  # 0xa86570
L 0x3ca0cbe049          34  # 0xa86600
L 0x3ca0cbe049          54  # 0xa865b0
L 0x3ca0cbe049          50  # 0xa86630
L 0x3ca0cbe049          50  # 0xa86530
L 0x3ca0cbe049          34  # 0xa866b0
L 0x7fe47c5d890a          48  # 0xa86720
L 0x3ca0cbe049          49  # 0xa86790
L 0x7fe47c5e33ce          88  # 0xa86a40
L 0x3ca0cbe049          34  # 0xa86760
L 0x3ca0cbe049          47  # 0xa866e0
L 0x7fe47c5d890a          48  # 0xa86670
L 0x7fe47c5e301f          64  # 0xa86ab0
L 0x7fe47c5e301f          64  # 0xa86b50
L 0x7fe47c5e301f          64  # 0xa86b00
L 0x7fe47c5d890a          48  # 0xa86450
L 0x7fe47c5e301f          64  # 0xa86bf0
L 0x7fe47c5e301f          64  # 0xa86c90
L 0x7fe47c5e30ad          64  # 0xa86c40
L 0x7fe47c5e30ad          64  # 0xa86d30
L 0x7fe47c5e301f          64  # 0xa86dd0
L 0x7fe47c5e301f          64  # 0xa86d80
L 0x7fe47c5e30ad          64  # 0xa86ce0
L 0x7fe47c5e301f          64  # 0xa86ba0
L 0x7fe47c5e301f          64  # 0xa86e70
L 0x7fe47c5e301f          64  # 0xa86f10
L 0x7fe47c5e30ad          64  # 0xa86ec0
L 0x7fe47c5e30ad          64  # 0xa86fb0
L 0x7fe47c5e30ad          64  # 0xa87050
L 0x7fe47c5e301f          64  # 0xa87000
L 0x7fe47c5e30ad          64  # 0xa86f60
L 0x7fe47c5e301f          64  # 0xa870f0
L 0x7fe47c5e301f          64  # 0xa87190
L 0x7fe47c5e301f          64  # 0xa87140
L 0x7fe47c5e30ad          64  # 0xa87230
L 0x7fe47c5e301f          64  # 0xa872d0
L 0x7fe47c5e30ad          64  # 0xa87280
L 0x7fe47c5e301f          64  # 0xa871e0
L 0x7fe47c5e30ad          64  # 0xa870a0
L 0x7fe47c5e30ad          64  # 0xa86e20
L 0x3ca0cbe049          54  # 0xa85190
L 0x3ca0cbe049          33  # 0xa84150
L 0x7fe47c5e30ad          64  # 0xa87370
L 0x7fe47c5e301f          64  # 0xa87410
L 0x7fe47c5e30ad          64  # 0xa873c0
L 0x7fe47c5e301f          64  # 0xa874b0
L 0x7fe47c5e30ad          64  # 0xa87550
L 0x7fe47c5e30ad          64  # 0xa87500
L 0x7fe47c5e301f          64  # 0xa87460
L 0x7fe47c5e30ad          64  # 0xa875f0
L 0x7fe47c5e301f          64  # 0xa87690
L 0x7fe47c5e30ad          64  # 0xa87640
L 0x7fe47c5e301f          64  # 0xa87730
L 0x7fe47c5e30ad          64  # 0xa877d0
L 0x7fe47c5e30ad          64  # 0xa87780
L 0x7fe47c5e301f          64  # 0xa876e0
L 0x7fe47c5e301f          64  # 0xa875a0
L 0x7fe47c5e30ad          64  # 0xa87870
L 0x7fe47c5e301f          64  # 0xa87910
L 0x7fe47c5e301f          64  # 0xa878c0
L 0x7fe47c5e30ad          64  # 0xa879b0
L 0x3ca0cbe049          31  # 0xa88ed0
L 0x7fe47c5e301f          64  # 0xa87a00
L 0x7fe47c5e30ad          64  # 0xa87960
L 0x7fe47c5e30ad          64  # 0xa87820
L 0x7fe47c5d890a          48  # 0xa8bd80
L 0x3ca0cbe049          41  # 0xa8bdc0
L 0x3ca0cbe049          49  # 0xa8be00
L 0x3ca0cbe049          36  # 0xa8be80
L 0x7fe47c5d890a          48  # 0xa8be40
L 0x3ca0cbe049          97  # 0xa89200
L 0x7fe47c5e301f          64  # 0xa87320
L 0x7fe47c5d890a          48  # 0xa8bef0
L 0x3ca0cbe049          52  # 0xa8bf60
L 0x3ca0cbe049          36  # 0xa8bf30
L 0x3ca0cbe049          33  # 0xa8bfe0
L 0x7fe47c5d890a          48  # 0xa8c050
L 0x3ca0cbe049          46  # 0xa8c010
L 0x7fe47c5d890a          48  # 0xa8bfa0
L 0x3ca0cbe049          45  # 0xa8c0c0
L 0x3ca0cbe049          35  # 0xa8c140
L 0x7fe47c5d890a          48  # 0xa8c100
L 0x7fe47c5d890a          48  # 0xa8c1b0
L 0x3ca0cbe049          51  # 0xa8c230
L 0x3ca0cbe049          50  # 0xa8c1f0
L 0x3ca0cbe049          48  # 0xa8c170
L 0x3ca0cbe049          32  # 0xa8c090
L 0x3ca0cbe049          48  # 0xa8c2c0
L 0x7fe47c5d890a          48  # 0xa8c350
L 0x7fe47c5d890a          48  # 0xa8c310
L 0x7fe47c5d890a          48  # 0xa8c3d0
L 0x7fe47c5d890a          48  # 0xa8c450
L 0x3ca0cbe049          44  # 0xa8c410
L 0x3ca0cbe049          40  # 0xa8c390
L 0x3ca0cbe049          50  # 0xa8c4d0
L 0x3ca0cbe049          61  # 0xa8c550
L 0x3ca0cbe049          38  # 0xa8c5f0
L 0x3ca0cbe049          55  # 0xa8c5a0
L 0x7fe47c5d890a          48  # 0xa8c510
L 0x7fe47c5d890a          48  # 0xa8c670
L 0x7fe47c5d890a          48  # 0xa8c6f0
L 0x3ca0cbe049          39  # 0xa8c6b0
L 0x3ca0cbe049          42  # 0xa8c630
L 0x3ca0cbe049          43  # 0xa8c490
L 0x3ca0cbe049          41  # 0xa8c280
L 0x7fe47c5d890a          48  # 0xa8c760
L 0x3ca0cbe049          53  # 0xa8c7e0
L 0x3ca0cbe049          41  # 0xa8c7a0
L 0x3ca0cbe049          55  # 0xa8c8c0
L 0x3ca0cbe049          56  # 0xa8c870
L 0x7fe47c5d890a          48  # 0xa8c940
L 0x3ca0cbe049          36  # 0xa8c9d0
L 0x3ca0cbe049          61  # 0xa8c980
L 0x3ca0cbe049          33  # 0xa8c910
L 0x7fe47c5d890a          48  # 0xa8c830
L 0x7fe47c5d890a          48  # 0xa8ca40
L 0x7fe47c5d890a          48  # 0xa8cab0
L 0x3ca0cbe049          33  # 0xa8cb40
L 0x3ca0cbe049          54  # 0xa8caf0
L 0x3ca0cbe049          33  # 0xa8ca80
L 0x7fe47c5d890a          48  # 0xa8cbb0
L 0x7fe47c5d890a          48  # 0xa8cc30
L 0x3ca0cbe049          35  # 0xa8ccc0
L 0x3ca0cbe049          55  # 0xa8cc70
L 0x3ca0cbe049          45  # 0xa8cbf0
L 0x3ca0cbe049          46  # 0xa8cb70
L 0x3ca0cbe049          41  # 0xa8ca00
L 0x7fe47c5d890a          48  # 0xa8cd30
L 0x3ca0cbe049          52  # 0xa8cdb0
L 0x3ca0cbe049          39  # 0xa8cd70
L 0x3ca0cbe049          40  # 0xa8ce30
L 0x7fe47c5d890a          48  # 0xa8ceb0
L 0x3ca0cbe049          46  # 0xa8ce70
L 0x7fe47c5d890a          48  # 0xa8cdf0
L 0x3ca0cbe049          45  # 0xa8cf30
L 0x3ca0cbe049          38  # 0xa8cfb0
L 0x7fe47c5d890a          48  # 0xa8cf70
L 0x7fe47c5d890a          48  # 0xa8d030
L 0x3ca0cbe049          43  # 0xa8d0b0
L 0x3ca0cbe049          37  # 0xa8d070
L 0x3ca0cbe049          44  # 0xa8cff0
L 0x3ca0cbe049          39  # 0xa8cef0
L 0x3ca0cbe049          49  # 0xa8ccf0
L 0x3ca0cbe049          32  # 0xa8c730
L 0x3ca0cbe049          52  # 0xa8beb0
L 0x3ca0cbe049          36  # 0xa8d130
L 0x7fe47c5d890a          48  # 0xa8d1a0
L 0x3ca0cbe049          48  # 0xa8d160
L 0x3ca0cbe049          48  # 0xa8d220
L 0x3ca0cbe049          40  # 0xa8d2a0
L 0x7fe47c5d890a          48  # 0xa8d260
L 0x3ca0cbe049          40  # 0xa8d1e0
L 0x7fe47c5d890a          48  # 0xa8d320
L 0x3ca0cbe049          44  # 0xa8d390
L 0x3ca0cbe049          36  # 0xa8d360
L 0x3ca0cbe049          39  # 0xa8d410
L 0x7fe47c5d890a          48  # 0xa8d490
L 0x3ca0cbe049          44  # 0xa8d450
L 0x7fe47c5d890a          48  # 0xa8d3d0
L 0x3ca0cbe049          44  # 0xa8d2e0
L 0x3ca0cbe049          44  # 0xa8d510
L 0x3ca0cbe049          43  # 0xa8d590
L 0x7fe47c5d890a          48  # 0xa8d550
L 0x7fe47c5d890a          48  # 0xa8d610
L 0x3ca0cbe049          37  # 0xa8d690
L 0x3ca0cbe049          42  # 0xa8d650
L 0x3ca0cbe049          48  # 0xa8d5d0
L 0x7fe47c5d890a          48  # 0xa8d700
L 0x7fe47c5d890a          48  # 0xa8d780
L 0x3ca0cbe049          51  # 0xa8d740
L 0x3ca0cbe049          50  # 0xa8d7f0
L 0x3ca0cbe049          33  # 0xa8d870
L 0x7fe47c5d890a          48  # 0xa8d830
L 0x3ca0cbe049          33  # 0xa8d7c0
L 0x3ca0cbe049          34  # 0xa8d6d0
L 0x3ca0cbe049          43  # 0xa8d4d0
L 0x7fe47c5d890a          48  # 0xa8d8e0
L 0x7fe47c5d890a          48  # 0xa8d950
L 0x3ca0cbe049          34  # 0xa8d9e0
L 0x3ca0cbe049          56  # 0xa8d990
L 0x3ca0cbe049          35  # 0xa8d920
L 0x7fe47c5d890a          48  # 0xa8da50
L 0x3ca0cbe049          47  # 0xa8dac0
L 0x3ca0cbe049          33  # 0xa8da90
L 0x3ca0cbe049          50  # 0xa8da10
L 0x3ca0cbe049          35  # 0xa8db40
L 0x3ca0cbe049          58  # 0xa8dbb0
L 0x3ca0cbe049          36  # 0xa8dc00
L 0x7fe47c5d890a          48  # 0xa8db70
L 0x7fe47c5d890a          48  # 0xa8dc70
L 0x7fe47c5d890a          48  # 0xa8dcf0
L 0x3ca0cbe049          43  # 0xa8dcb0
L 0x3ca0cbe049          44  # 0xa8dc30
L 0x7fe47c5d890a          48  # 0xa8db00
L 0x7fe47c5d890a          48  # 0xa8dd70
L 0x3ca0cbe049          56  # 0xa8ddf0
L 0x3ca0cbe049          41  # 0xa8ddb0
L 0x3ca0cbe049          42  # 0xa8de80
L 0x7fe47c5d890a          48  # 0xa8df10
L 0x3ca0cbe049          57  # 0xa8dec0
L 0x7fe47c5d890a          48  # 0xa8de40
L 0x3ca0cbe049          49  # 0xa8df90
L 0x3ca0cbe049          42  # 0xa8e010
L 0x7fe47c5d890a          48  # 0xa8dfd0
L 0x7fe47c5d890a          48  # 0xa8e0a0
L 0x3ca0cbe049          55  # 0xa8e120
L 0x3ca0cbe049          39  # 0xa8e0e0
L 0x3ca0cbe049          55  # 0xa8e050
L 0x3ca0cbe049          45  # 0xa8df50
L 0x3ca0cbe049          41  # 0xa8dd30
L 0x3ca0cbe049          44  # 0xa8d8a0
L 0x3ca0cbe049          40  # 0xa8e1b0
L 0x7fe47c5d890a          48  # 0xa8e240
L 0x3ca0cbe049          57  # 0xa8e1f0
L 0x3ca0cbe049          57  # 0xa8e2c0
L 0x3ca0cbe049          43  # 0xa8e350
L 0x7fe47c5d890a          48  # 0xa8e310
L 0x3ca0cbe049          39  # 0xa8e280
L 0x3ca0cbe049          56  # 0xa8e420
L 0x7fe47c5d890a          48  # 0xa8e3e0
L 0x3ca0cbe049          41  # 0xa8e4c0
L 0x3ca0cbe049          56  # 0xa8e470
L 0x7fe47c5d890a          48  # 0xa8e540
L 0x7fe47c5d890a          48  # 0xa8e5c0
L 0x3ca0cbe049          41  # 0xa8e580
L 0x3ca0cbe049          49  # 0xa8e500
L 0x3ca0cbe049          56  # 0xa8e390
L 0x3ca0cbe049          56  # 0xa8e680
L 0x7fe47c5d890a          48  # 0xa8e640
L 0x3ca0cbe049          42  # 0xa8e720
L 0x3ca0cbe049          59  # 0xa8e6d0
L 0x7fe47c5d890a          48  # 0xa8e7a0
L 0x3ca0cbe049          46  # 0xa8e760
L 0x3ca0cbe049          50  # 0xa8e810
L 0x3ca0cbe049          32  # 0xa8e890
L 0x7fe47c5d890a          48  # 0xa8e850
L 0x3ca0cbe049          36  # 0xa8e7e0
L 0x7fe47c5d890a          48  # 0xa8e900
L 0x3ca0cbe049          48  # 0xa8e970
L 0x3ca0cbe049          31  # 0xa8e940
L 0x3ca0cbe049          31  # 0xa8e9f0
L 0x7fe47c5d890a          48  # 0xa8ea60
L 0x3ca0cbe049          46  # 0xa8ea20
L 0x7fe47c5d890a          48  # 0xa8e9b0
L 0x3ca0cbe049          49  # 0xa8e8c0
L 0x3ca0cbe049          39  # 0xa8e600
L 0x3ca0cbe049          50  # 0xa8ead0
L 0x3ca0cbe049          34  # 0xa8eb50
L 0x7fe47c5d890a          48  # 0xa8eb10
L 0x7fe47c5d890a          48  # 0xa8ebc0
L 0x3ca0cbe049          46  # 0xa8ec40
L 0x3ca0cbe049          40  # 0xa8ec00
L 0x3ca0cbe049          47  # 0xa8eb80
L 0x3ca0cbe049          34  # 0xa8ecc0
L 0x7fe47c5d890a          48  # 0xa8ed30
L 0x3ca0cbe049          51  # 0xa8ecf0
L 0x7fe47c5d890a          48  # 0xa8edb0
L 0x7fe47c5d890a          48  # 0xa8ee30
L 0x3ca0cbe049          39  # 0xa8edf0
L 0x3ca0cbe049          42  # 0xa8ed70
L 0x7fe47c5d890a          48  # 0xa8ec80
L 0x3ca0cbe049          53  # 0xa8eec0
L 0x3ca0cbe049          33  # 0xa8ef10
L 0x3ca0cbe049          58  # 0xa8ef80
L 0x3ca0cbe049          33  # 0xa8efd0
L 0x7fe47c5d890a          48  # 0xa8ef40
L 0x7fe47c5d890a          48  # 0xa8f040
L 0x3ca0cbe049          49  # 0xa8f0b0
L 0x3ca0cbe049          36  # 0xa8f080
L 0x3ca0cbe049          46  # 0xa8f000
L 0x3ca0cbe049          35  # 0xa8f130
L 0x7fe47c5d890a          48  # 0xa8f1a0
L 0x3ca0cbe049          48  # 0xa8f160
L 0x3ca0cbe049          52  # 0xa8f220
L 0x3ca0cbe049          33  # 0xa8f2a0
L 0x7fe47c5d890a          48  # 0xa8f260
L 0x3ca0cbe049          44  # 0xa8f1e0
L 0x7fe47c5d890a          48  # 0xa8f0f0
L 0x3ca0cbe049          53  # 0xa8ee70
L 0x3ca0cbe049          33  # 0xa8eaa0
L 0x7fe47c5d890a          48  # 0xa8e170
L 0x7fe47c5d890a          48  # 0xa8f310
L 0x7fe47c5d890a          48  # 0xa8f380
L 0x3ca0cbe049          39  # 0xa8f410
L 0x3ca0cbe049          56  # 0xa8f3c0
L 0x3ca0cbe049          36  # 0xa8f350
L 0x7fe47c5d890a          48  # 0xa8f490
L 0x3ca0cbe049          49  # 0xa8f510
L 0x3ca0cbe049          41  # 0xa8f4d0
L 0x3ca0cbe049          52  # 0xa8f450
L 0x3ca0cbe049          40  # 0xa8f590
L 0x3ca0cbe049          43  # 0xa8f610
L 0x7fe47c5d890a          48  # 0xa8f5d0
L 0x3ca0cbe049          44  # 0xa8f690
L 0x7fe47c5d890a          48  # 0xa8f720
L 0x3ca0cbe049          57  # 0xa8f6d0
L 0x7fe47c5d890a          48  # 0xa8f650
L 0x7fe47c5d890a          48  # 0xa8f550
L 0x3ca0cbe049          57  # 0xa8f7a0
L 0x3ca0cbe049          55  # 0xa8f830
L 0x3ca0cbe049          33  # 0xa8f8d0
L 0x3ca0cbe049          62  # 0xa8f880
L 0x7fe47c5d890a          48  # 0xa8f7f0
L 0x7fe47c5d890a          48  # 0xa8f940
L 0x7fe47c5d890a          48  # 0xa8f9c0
L 0x3ca0cbe049          37  # 0xa8fa50
L 0x3ca0cbe049          58  # 0xa8fa00
L 0x3ca0cbe049          42  # 0xa8f980
L 0x3ca0cbe049          49  # 0xa8f900
L 0x7fe47c5d890a          48  # 0xa8fad0
L 0x7fe47c5d890a          48  # 0xa8fb50
L 0x3ca0cbe049          33  # 0xa8fbe0
L 0x3ca0cbe049          55  # 0xa8fb90
L 0x3ca0cbe049          38  # 0xa8fb10
L 0x7fe47c5d890a          48  # 0xa8fc50
L 0x7fe47c5d890a          48  # 0xa8fcd0
L 0x3ca0cbe049          37  # 0xa8fc90
L 0x3ca0cbe049          46  # 0xa8fc10
L 0x3ca0cbe049          46  # 0xa8fa90
L 0x3ca0cbe049          40  # 0xa8f760
L 0x3ca0cbe049          46  # 0xa8fd40
L 0x3ca0cbe049          54  # 0xa8fdc0
L 0x3ca0cbe049          37  # 0xa8fe10
L 0x7fe47c5d890a          48  # 0xa8fd80
L 0x7fe47c5d890a          48  # 0xa8fe90
L 0x3ca0cbe049          50  # 0xa8ff10
L 0x3ca0cbe049          37  # 0xa8fed0
L 0x3ca0cbe049          50  # 0xa8fe50
L 0x3ca0cbe049          36  # 0xa8ff90
L 0x7fe47c5d890a          48  # 0xa90000
L 0x3ca0cbe049          44  # 0xa8ffc0
L 0x3ca0cbe049          45  # 0xa90080
L 0x3ca0cbe049          44  # 0xa90100
L 0x7fe47c5d890a          48  # 0xa900c0
L 0x3ca0cbe049          37  # 0xa90040
L 0x7fe47c5d890a          48  # 0xa8ff50
L 0x3ca0cbe049          54  # 0xa90180
L 0x3ca0cbe049          34  # 0xa901d0
L 0x3ca0cbe049          54  # 0xa90240
L 0x3ca0cbe049          37  # 0xa90290
L 0x7fe47c5d890a          48  # 0xa90200
L 0x7fe47c5d890a          48  # 0xa90310
L 0x3ca0cbe049          49  # 0xa90380
L 0x3ca0cbe049          35  # 0xa90350
L 0x3ca0cbe049          50  # 0xa902d0
L 0x3ca0cbe049          36  # 0xa90400
L 0x3ca0cbe049          38  # 0xa90470
L 0x3ca0cbe049          42  # 0xa904c0
L 0x7fe47c5d890a          48  # 0xa90430
L 0x7fe47c5d890a          48  # 0xa90540
L 0x7fe47c5d890a          48  # 0xa905c0
L 0x3ca0cbe049          34  # 0xa90600
L 0x7fe47c5d890a          48  # 0xa90580
L 0x3ca0cbe049          46  # 0xa90500
L 0x7fe47c5d890a          48  # 0xa903c0
L 0x7fe47c5d890a          48  # 0xa90140
L 0x3ca0cbe049          32  # 0xa8fd10
L 0x3ca0cbe049          39  # 0xa90660
L 0x3ca0cbe049          36  # 0xa906a0
L 0x7fe47c5d890a          48  # 0xa90700
L 0x3ca0cbe049          29  # 0xa90740
L 0x3ca0cbe049          29  # 0xa906d0
L 0x3ca0cbe049          42  # 0xa907b0
L 0x3ca0cbe049          36  # 0xa907f0
L 0x3ca0cbe049          40  # 0xa90850
L 0x3ca0cbe049          29  # 0xa90890
L 0x3ca0cbe049          29  # 0xa90820
L 0x7fe47c5d890a          48  # 0xa90770
L 0x3ca0cbe049          46  # 0xa90900
L 0x3ca0cbe049          29  # 0xa90940
L 0x3ca0cbe049          37  # 0xa909b0
L 0x3ca0cbe049          29  # 0xa909f0
L 0x7fe47c5d890a          48  # 0xa90970
L 0x3ca0cbe049          42  # 0xa90a60
L 0x3ca0cbe049          29  # 0xa90aa0
L 0x3ca0cbe049          37  # 0xa90b10
L 0x3ca0cbe049          29  # 0xa90b50
L 0x7fe47c5d890a          48  # 0xa90ad0
L 0x7fe47c5d890a          48  # 0xa90a20
L 0x7fe47c5d890a          48  # 0xa908c0
L 0x3ca0cbe049          47  # 0xa90bc0
L 0x3ca0cbe049          29  # 0xa90c00
L 0x3ca0cbe049          43  # 0xa90c70
L 0x3ca0cbe049          29  # 0xa90cb0
L 0x7fe47c5d890a          48  # 0xa90c30
L 0x3ca0cbe049          48  # 0xa90d20
L 0x7fe47c5d890a          48  # 0xa90d90
L 0x3ca0cbe049          29  # 0xa90d60
L 0x7fe47c5d890a          48  # 0xa90ce0
L 0x7fe47c5d890a          48  # 0xa90e00
L 0x3ca0cbe049          29  # 0xa90e80
L 0x3ca0cbe049          49  # 0xa90e40
L 0x3ca0cbe049          47  # 0xa90f30
L 0x3ca0cbe049          41  # 0xa90ef0
L 0x3ca0cbe049          45  # 0xa90fe0
L 0x7fe47c5d890a          48  # 0xa90fa0
L 0x3ca0cbe049          29  # 0xa90f70
L 0x7fe47c5d890a          48  # 0xa90eb0
L 0x3ca0cbe049          29  # 0xa90dd0
L 0x7fe47c5d890a          48  # 0xa90b80
L 0x7fe47c5d890a          48  # 0xa91090
L 0x7fe47c5d890a          48  # 0xa91050
L 0x7fe47c5d890a          48  # 0xa91140
L 0x7fe47c5d890a          48  # 0xa91100
L 0x3ca0cbe049          29  # 0xa910d0
L 0x7fe47c5d890a          48  # 0xa911e0
L 0x3ca0cbe049          29  # 0xa911b0
L 0x7fe47c5d890a          48  # 0xa91280
L 0x3ca0cbe049          29  # 0xa91250
L 0x3ca0cbe049          33  # 0xa91220
L 0x3ca0cbe049          36  # 0xa91180
L 0x7fe47c5d890a          48  # 0xa91320
L 0x3ca0cbe049          29  # 0xa912f0
L 0x3ca0cbe049          40  # 0xa913c0
L 0x3ca0cbe049          29  # 0xa91390
L 0x3ca0cbe049          34  # 0xa91360
L 0x3ca0cbe049          43  # 0xa91460
L 0x3ca0cbe049          29  # 0xa91430
L 0x3ca0cbe049          39  # 0xa91510
L 0x7fe47c5d890a          48  # 0xa914d0
L 0x3ca0cbe049          29  # 0xa914a0
L 0x3ca0cbe049          36  # 0xa91400
L 0x3ca0cbe049          34  # 0xa912c0
L 0x3ca0cbe049          40  # 0xa915c0
L 0x7fe47c5d890a          48  # 0xa91580
L 0x3ca0cbe049          40  # 0xa91670
L 0x7fe47c5d890a          48  # 0xa91630
L 0x3ca0cbe049          29  # 0xa91600
L 0x7fe47c5d890a          48  # 0xa91720
L 0x7fe47c5d890a          48  # 0xa916e0
L 0x7fe47c5d890a          48  # 0xa917d0
L 0x7fe47c5d890a          48  # 0xa91790
L 0x3ca0cbe049          29  # 0xa91760
L 0x3ca0cbe049          29  # 0xa916b0
L 0x3ca0cbe049          50  # 0xa91870
L 0x3ca0cbe049          29  # 0xa91840
L 0x3ca0cbe049          29  # 0xa918e0
L 0x3ca0cbe049          35  # 0xa918b0
L 0x7fe47c5d890a          48  # 0xa91940
L 0x3ca0cbe049          48  # 0xa919c0
L 0x3ca0cbe049          43  # 0xa91980
L 0x3ca0cbe049          29  # 0xa91910
L 0x3ca0cbe049          36  # 0xa91810
L 0x3ca0cbe049          29  # 0xa91550
L 0x3ca0cbe049          29  # 0xa91020
L 0x3ca0cbe049          29  # 0xa90630
L 0x7fe47c5d890a          48  # 0xa91a30
L 0x7fe47c5d890a          48  # 0xa91aa0
L 0x3ca0cbe049          29  # 0xa91a70
L 0x3ca0cbe049          37  # 0xa91b20
L 0x3ca0cbe049          36  # 0xa91b60
L 0x7fe47c5d890a          48  # 0xa91bc0
L 0x3ca0cbe049          29  # 0xa91c00
L 0x3ca0cbe049          29  # 0xa91b90
L 0x7fe47c5d890a          48  # 0xa91ae0
L 0x3ca0cbe049          40  # 0xa91c70
L 0x3ca0cbe049          35  # 0xa91cb0
L 0x3ca0cbe049          39  # 0xa91d10
L 0x3ca0cbe049          29  # 0xa91d50
L 0x3ca0cbe049          29  # 0xa91ce0
L 0x3ca0cbe049          38  # 0xa91dc0
L 0x3ca0cbe049          29  # 0xa91e00
L 0x3ca0cbe049          44  # 0xa91e70
L 0x3ca0cbe049          29  # 0xa91eb0
L 0x7fe47c5d890a          48  # 0xa91e30
L 0x7fe47c5d890a          48  # 0xa91d80
L 0x7fe47c5d890a          48  # 0xa91c30
L 0x3ca0cbe049          41  # 0xa91f20
L 0x3ca0cbe049          29  # 0xa91f60
L 0x7fe47c5d890a          48  # 0xa91fd0
L 0x3ca0cbe049          29  # 0xa92010
L 0x7fe47c5d890a          48  # 0xa91f90
L 0x3ca0cbe049          43  # 0xa92080
L 0x3ca0cbe049          36  # 0xa920c0
L 0x7fe47c5d890a          48  # 0xa92120
L 0x3ca0cbe049          29  # 0xa92160
L 0x3ca0cbe049          29  # 0xa920f0
L 0x7fe47c5d890a          48  # 0xa92040
L 0x3ca0cbe049          43  # 0xa921d0
L 0x3ca0cbe049          36  # 0xa92210
L 0x7fe47c5d890a          48  # 0xa92270
L 0x3ca0cbe049          29  # 0xa922b0
L 0x3ca0cbe049          29  # 0xa92240
L 0x3ca0cbe049          40  # 0xa92320
L 0x3ca0cbe049          36  # 0xa92360
L 0x3ca0cbe049          43  # 0xa923c0
L 0x3ca0cbe049          29  # 0xa92400
L 0x3ca0cbe049          29  # 0xa92390
L 0x7fe47c5d890a          48  # 0xa922e0
L 0x7fe47c5d890a          48  # 0xa92190
L 0x7fe47c5d890a          48  # 0xa91ee0
L 0x3ca0cbe049          48  # 0xa92470
L 0x7fe47c5d890a          48  # 0xa924e0
L 0x3ca0cbe049          29  # 0xa924b0
L 0x7fe47c5d890a          48  # 0xa92550
L 0x3ca0cbe049          39  # 0xa925d0
L 0x3ca0cbe049          29  # 0xa92610
L 0x3ca0cbe049          40  # 0xa92590
L 0x3ca0cbe049          29  # 0xa92520
L 0x7fe47c5d890a          48  # 0xa92680
L 0x3ca0cbe049          29  # 0xa926c0
L 0x3ca0cbe049          29  # 0xa92730
L 0x7fe47c5d890a          48  # 0xa926f0
L 0x3ca0cbe049          50  # 0xa927a0
L 0x3ca0cbe049          29  # 0xa927e0
L 0x7fe47c5d890a          48  # 0xa92850
L 0x3ca0cbe049          29  # 0xa928a0
L 0x7fe47c5d890a          48  # 0xa92810
L 0x3ca0cbe049          46  # 0xa92760
L 0x7fe47c5d890a          48  # 0xa92640
L 0x3ca0cbe049          48  # 0xa92950
L 0x3ca0cbe049          40  # 0xa92910
L 0x7fe47c5d890a          48  # 0xa929c0
L 0x3ca0cbe049          29  # 0xa92990
L 0x7fe47c5d890a          48  # 0xa92a30
L 0x3ca0cbe049          39  # 0xa92ab0
L 0x3ca0cbe049          29  # 0xa92af0
L 0x3ca0cbe049          47  # 0xa92a70
L 0x3ca0cbe049          29  # 0xa92a00
L 0x3ca0cbe049          41  # 0xa92b60
L 0x3ca0cbe049          29  # 0xa92ba0
L 0x3ca0cbe049          40  # 0xa92c10
L 0x3ca0cbe049          29  # 0xa92c50
L 0x7fe47c5d890a          48  # 0xa92bd0
L 0x3ca0cbe049          49  # 0xa92cc0
L 0x7fe47c5d890a          48  # 0xa92d30
L 0x3ca0cbe049          29  # 0xa92d00
L 0x7fe47c5d890a          48  # 0xa92c80
L 0x7fe47c5d890a          48  # 0xa92b20
L 0x7fe47c5d890a          48  # 0xa928d0
L 0x7fe47c5d890a          48  # 0xa92430
L 0x7fe47c5d890a          48  # 0xa92da0
L 0x3ca0cbe049          39  # 0xa92e20
L 0x3ca0cbe049          29  # 0xa92e60
L 0x3ca0cbe049          41  # 0xa92de0
L 0x3ca0cbe049          46  # 0xa92ed0
L 0x3ca0cbe049          29  # 0xa92f10
L 0x3ca0cbe049          47  # 0xa92f80
L 0x7fe47c5d890a          48  # 0xa92f40
L 0x7fe47c5d890a          48  # 0xa92e90
L 0x3ca0cbe049          29  # 0xa92ff0
L 0x3ca0cbe049          41  # 0xa930a0
L 0x3ca0cbe049          44  # 0xa93060
L 0x7fe47c5d890a          48  # 0xa93020
L 0x3ca0cbe049          42  # 0xa93150
L 0x7fe47c5d890a          48  # 0xa93110
L 0x3ca0cbe049          39  # 0xa93200
L 0x7fe47c5d890a          48  # 0xa931c0
L 0x3ca0cbe049          29  # 0xa93190
L 0x3ca0cbe049          29  # 0xa930e0
L 0x3ca0cbe049          29  # 0xa92fc0
L 0x3ca0cbe049          45  # 0xa932b0
L 0x7fe47c5d890a          48  # 0xa93270
L 0x3ca0cbe049          39  # 0xa93360
L 0x7fe47c5d890a          48  # 0xa93320
L 0x3ca0cbe049          29  # 0xa932f0
L 0x3ca0cbe049          41  # 0xa93410
L 0x7fe47c5d890a          48  # 0xa933d0
L 0x3ca0cbe049          46  # 0xa934c0
L 0x7fe47c5d890a          48  # 0xa93480
L 0x3ca0cbe049          29  # 0xa93450
L 0x3ca0cbe049          29  # 0xa933a0
L 0x3ca0cbe049          44  # 0xa93570
L 0x7fe47c5d890a          48  # 0xa93530
L 0x3ca0cbe049          46  # 0xa93620
L 0x7fe47c5d890a          48  # 0xa935e0
L 0x3ca0cbe049          29  # 0xa935b0
L 0x3ca0cbe049          41  # 0xa936d0
L 0x7fe47c5d890a          48  # 0xa93690
L 0x3ca0cbe049          40  # 0xa93780
L 0x7fe47c5d890a          48  # 0xa93740
L 0x3ca0cbe049          29  # 0xa93710
L 0x3ca0cbe049          29  # 0xa93660
L 0x3ca0cbe049          29  # 0xa93500
L 0x3ca0cbe049          29  # 0xa93240
L 0x3ca0cbe049          40  # 0xa93830
L 0x7fe47c5d890a          48  # 0xa937f0
L 0x3ca0cbe049          41  # 0xa938e0
L 0x7fe47c5d890a          48  # 0xa938a0
L 0x3ca0cbe049          29  # 0xa93870
L 0x3ca0cbe049          39  # 0xa93990
L 0x7fe47c5d890a          48  # 0xa93950
L 0x3ca0cbe049          44  # 0xa93a40
L 0x7fe47c5d890a          48  # 0xa93a00
L 0x3ca0cbe049          29  # 0xa939d0
L 0x3ca0cbe049          29  # 0xa93920
L 0x7fe47c5d890a          48  # 0xa93ab0
L 0x3ca0cbe049          29  # 0xa93a80
L 0x3ca0cbe049          29  # 0xa937c0
L 0x3ca0cbe049          29  # 0xa92d70
L 0x3ca0cbe049          29  # 0xa93be0
L 0x7fe47c640427         512  # 0xa9d4a0
L 0x7fe47c5d890a          48  # 0xa93c10
L 0x7fe47c5f7a91          40  # 0xa93ba0
L 0x7fe47c5d890a          48  # 0xa93b60
L 0x3ca0cbe049          29  # 0xa93b30
L 0x3cd3737431          32  # 0xa9df70
L 0x3ca0cbe049          32  # 0xaa3020
L 0x3cd37378de           8  # 0xaa3510
L 0x3ca0cbe049          67  # 0xaa3170
L 0x3cd37378de           8  # 0xaa4100
L 0x3ca0cbe049          49  # 0xaa3530
L 0x3cd37378de           8  # 0xaa6c60
L 0x3cd37378de          16  # 0xaa41d0
L 0x7fe47c5ff499         144  # 0xab6150
L 0x3ca0cbe049          44  # 0xab6d80
L 0x3ca0cbe049         719  # 0xab6e70
L 0x7fe47c5d8d21          56  # 0xab6790
L 0x7fe47c5ff499         144  # 0xab92d0
L 0x7fe47c65d12a         144  # 0xab8aa0
L 0x7fe47c5d8d21          56  # 0xab96d0
L 0x7fe47c5d8d21          56  # 0xab9680
L 0x3ca0cbe049          39  # 0xab9810
L 0x7fe47c5f7a91          40  # 0xabd380
L 0x3ca0cbe049         105  # 0xab9be0
L 0x7fe47c5d8d21          56  # 0xab9780
L 0x3ca0cbe049          68  # 0xab7150
L 0x7fe47c65d12a         144  # 0xab6040
L 0x7fe47c5f7a91          40  # 0xaa2fb0
L 0x7fe47c62bf50          56  # 0xaf0b60
L 0x7fe47c6204d2         512  # 0xaf1b30
L 0x7fe47c620afc         512  # 0xaf11c0
L 0x7fe47c62bf50          56  # 0xaf0a90
L 0x3ca0cbe049          47  # 0xabd900
L 0x3ca0cbe049         153  # 0xa9d850
L 0x3ca0cbe049          39  # 0xa93af0
L 0x3ca0cbe049          29  # 0xa91a00
L 0x3ca0cbe049          50  # 0xa8f2d0
L 0x7fe47c5d890a          48  # 0xa8d0f0
# total allocation requests:  16139 ; max. mem used 614 kBytes
# leak  93388 Bytes	:-(
# .. that is 91 kByte!! A lot ..
WORK TIME - 00:00:16.96
