Determining if the pthread_create exist failed with the following output:
Change Dir: /home/dmitry/Mexmat/OpenCV/cvVideo/CMakeFiles/CMakeTmp

Run Build Command:"/usr/bin/make" "cmTC_4a86f/fast"
make[1]: Entering directory '/home/dmitry/Mexmat/OpenCV/cvVideo/CMakeFiles/CMakeTmp'
/usr/bin/make -f CMakeFiles/cmTC_4a86f.dir/build.make CMakeFiles/cmTC_4a86f.dir/build
make[2]: Entering directory '/home/dmitry/Mexmat/OpenCV/cvVideo/CMakeFiles/CMakeTmp'
Building C object CMakeFiles/cmTC_4a86f.dir/CheckSymbolExists.c.o
/usr/bin/cc    -fPIC    -o CMakeFiles/cmTC_4a86f.dir/CheckSymbolExists.c.o   -c /home/dmitry/Mexmat/OpenCV/cvVideo/CMakeFiles/CMakeTmp/CheckSymbolExists.c
Linking C executable cmTC_4a86f
/usr/bin/cmake -E cmake_link_script CMakeFiles/cmTC_4a86f.dir/link.txt --verbose=1
/usr/bin/cc  -fPIC     CMakeFiles/cmTC_4a86f.dir/CheckSymbolExists.c.o  -o cmTC_4a86f -rdynamic 
CMakeFiles/cmTC_4a86f.dir/CheckSymbolExists.c.o: In function `main':
CheckSymbolExists.c:(.text+0x1b): undefined reference to `pthread_create'
collect2: error: ld returned 1 exit status
CMakeFiles/cmTC_4a86f.dir/build.make:97: recipe for target 'cmTC_4a86f' failed
make[2]: *** [cmTC_4a86f] Error 1
make[2]: Leaving directory '/home/dmitry/Mexmat/OpenCV/cvVideo/CMakeFiles/CMakeTmp'
Makefile:126: recipe for target 'cmTC_4a86f/fast' failed
make[1]: *** [cmTC_4a86f/fast] Error 2
make[1]: Leaving directory '/home/dmitry/Mexmat/OpenCV/cvVideo/CMakeFiles/CMakeTmp'

File /home/dmitry/Mexmat/OpenCV/cvVideo/CMakeFiles/CMakeTmp/CheckSymbolExists.c:
/* */
#include <pthread.h>

int main(int argc, char** argv)
{
  (void)argv;
#ifndef pthread_create
  return ((int*)(&pthread_create))[argc];
#else
  (void)argc;
  return 0;
#endif
}

Determining if the function pthread_create exists in the pthreads failed with the following output:
Change Dir: /home/dmitry/Mexmat/OpenCV/cvVideo/CMakeFiles/CMakeTmp

Run Build Command:"/usr/bin/make" "cmTC_94e6e/fast"
make[1]: Entering directory '/home/dmitry/Mexmat/OpenCV/cvVideo/CMakeFiles/CMakeTmp'
/usr/bin/make -f CMakeFiles/cmTC_94e6e.dir/build.make CMakeFiles/cmTC_94e6e.dir/build
make[2]: Entering directory '/home/dmitry/Mexmat/OpenCV/cvVideo/CMakeFiles/CMakeTmp'
Building C object CMakeFiles/cmTC_94e6e.dir/CheckFunctionExists.c.o
/usr/bin/cc    -fPIC -DCHECK_FUNCTION_EXISTS=pthread_create   -o CMakeFiles/cmTC_94e6e.dir/CheckFunctionExists.c.o   -c /usr/share/cmake-3.5/Modules/CheckFunctionExists.c
Linking C executable cmTC_94e6e
/usr/bin/cmake -E cmake_link_script CMakeFiles/cmTC_94e6e.dir/link.txt --verbose=1
/usr/bin/cc  -fPIC -DCHECK_FUNCTION_EXISTS=pthread_create    CMakeFiles/cmTC_94e6e.dir/CheckFunctionExists.c.o  -o cmTC_94e6e -rdynamic -lpthreads 
/usr/bin/ld: cannot find -lpthreads
collect2: error: ld returned 1 exit status
CMakeFiles/cmTC_94e6e.dir/build.make:97: recipe for target 'cmTC_94e6e' failed
make[2]: *** [cmTC_94e6e] Error 1
make[2]: Leaving directory '/home/dmitry/Mexmat/OpenCV/cvVideo/CMakeFiles/CMakeTmp'
Makefile:126: recipe for target 'cmTC_94e6e/fast' failed
make[1]: *** [cmTC_94e6e/fast] Error 2
make[1]: Leaving directory '/home/dmitry/Mexmat/OpenCV/cvVideo/CMakeFiles/CMakeTmp'


Determining if the pthread_create exist failed with the following output:
Change Dir: /home/dmitry/Mexmat/OpenCV/cvVideo/CMakeFiles/CMakeTmp

Run Build Command:"/usr/bin/make" "cmTC_3c1f9/fast"
/usr/bin/make -f CMakeFiles/cmTC_3c1f9.dir/build.make CMakeFiles/cmTC_3c1f9.dir/build
make[1]: Entering directory '/home/dmitry/Mexmat/OpenCV/cvVideo/CMakeFiles/CMakeTmp'
Building C object CMakeFiles/cmTC_3c1f9.dir/CheckSymbolExists.c.o
/usr/bin/cc    -fPIC    -o CMakeFiles/cmTC_3c1f9.dir/CheckSymbolExists.c.o   -c /home/dmitry/Mexmat/OpenCV/cvVideo/CMakeFiles/CMakeTmp/CheckSymbolExists.c
Linking C executable cmTC_3c1f9
/usr/bin/cmake -E cmake_link_script CMakeFiles/cmTC_3c1f9.dir/link.txt --verbose=1
/usr/bin/cc  -fPIC     CMakeFiles/cmTC_3c1f9.dir/CheckSymbolExists.c.o  -o cmTC_3c1f9 -rdynamic 
CMakeFiles/cmTC_3c1f9.dir/CheckSymbolExists.c.o: In function `main':
CheckSymbolExists.c:(.text+0x1b): undefined reference to `pthread_create'
collect2: error: ld returned 1 exit status
CMakeFiles/cmTC_3c1f9.dir/build.make:97: recipe for target 'cmTC_3c1f9' failed
make[1]: *** [cmTC_3c1f9] Error 1
make[1]: Leaving directory '/home/dmitry/Mexmat/OpenCV/cvVideo/CMakeFiles/CMakeTmp'
Makefile:126: recipe for target 'cmTC_3c1f9/fast' failed
make: *** [cmTC_3c1f9/fast] Error 2

File /home/dmitry/Mexmat/OpenCV/cvVideo/CMakeFiles/CMakeTmp/CheckSymbolExists.c:
/* */
#include <pthread.h>

int main(int argc, char** argv)
{
  (void)argv;
#ifndef pthread_create
  return ((int*)(&pthread_create))[argc];
#else
  (void)argc;
  return 0;
#endif
}

Determining if the function pthread_create exists in the pthreads failed with the following output:
Change Dir: /home/dmitry/Mexmat/OpenCV/cvVideo/CMakeFiles/CMakeTmp

Run Build Command:"/usr/bin/make" "cmTC_91573/fast"
/usr/bin/make -f CMakeFiles/cmTC_91573.dir/build.make CMakeFiles/cmTC_91573.dir/build
make[1]: Entering directory '/home/dmitry/Mexmat/OpenCV/cvVideo/CMakeFiles/CMakeTmp'
Building C object CMakeFiles/cmTC_91573.dir/CheckFunctionExists.c.o
/usr/bin/cc    -fPIC -DCHECK_FUNCTION_EXISTS=pthread_create   -o CMakeFiles/cmTC_91573.dir/CheckFunctionExists.c.o   -c /usr/share/cmake-3.5/Modules/CheckFunctionExists.c
Linking C executable cmTC_91573
/usr/bin/cmake -E cmake_link_script CMakeFiles/cmTC_91573.dir/link.txt --verbose=1
/usr/bin/cc  -fPIC -DCHECK_FUNCTION_EXISTS=pthread_create    CMakeFiles/cmTC_91573.dir/CheckFunctionExists.c.o  -o cmTC_91573 -rdynamic -lpthreads 
/usr/bin/ld: cannot find -lpthreads
collect2: error: ld returned 1 exit status
CMakeFiles/cmTC_91573.dir/build.make:97: recipe for target 'cmTC_91573' failed
make[1]: *** [cmTC_91573] Error 1
make[1]: Leaving directory '/home/dmitry/Mexmat/OpenCV/cvVideo/CMakeFiles/CMakeTmp'
Makefile:126: recipe for target 'cmTC_91573/fast' failed
make: *** [cmTC_91573/fast] Error 2


